Determining if the environ exist failed with the following output:
Change Dir: /home/shizhai/new_zhongwang/trunk/build_dir/host/cmake-2.8.10.2/CMakeFiles/CMakeTmp

Run Build Command:/usr/bin/make "cmTryCompileExec2718567904/fast"
make[4]: Entering directory `/home/shizhai/new_zhongwang/trunk/build_dir/host/cmake-2.8.10.2/CMakeFiles/CMakeTmp'
make -f CMakeFiles/cmTryCompileExec2718567904.dir/build.make CMakeFiles/cmTryCompileExec2718567904.dir/build
make[5]: Entering directory `/home/shizhai/new_zhongwang/trunk/build_dir/host/cmake-2.8.10.2/CMakeFiles/CMakeTmp'
/home/shizhai/new_zhongwang/trunk/build_dir/host/cmake-2.8.10.2/Bootstrap.cmk/cmake -E cmake_progress_report /home/shizhai/new_zhongwang/trunk/build_dir/host/cmake-2.8.10.2/CMakeFiles/CMakeTmp/CMakeFiles 1
Building C object CMakeFiles/cmTryCompileExec2718567904.dir/CheckSymbolExists.c.o
/usr/bin/gcc    -o CMakeFiles/cmTryCompileExec2718567904.dir/CheckSymbolExists.c.o   -c /home/shizhai/new_zhongwang/trunk/build_dir/host/cmake-2.8.10.2/CMakeFiles/CMakeTmp/CheckSymbolExists.c
/home/shizhai/new_zhongwang/trunk/build_dir/host/cmake-2.8.10.2/CMakeFiles/CMakeTmp/CheckSymbolExists.c: In function 'main':
/home/shizhai/new_zhongwang/trunk/build_dir/host/cmake-2.8.10.2/CMakeFiles/CMakeTmp/CheckSymbolExists.c:8:19: error: 'environ' undeclared (first use in this function)
/home/shizhai/new_zhongwang/trunk/build_dir/host/cmake-2.8.10.2/CMakeFiles/CMakeTmp/CheckSymbolExists.c:8:19: note: each undeclared identifier is reported only once for each function it appears in
make[5]: *** [CMakeFiles/cmTryCompileExec2718567904.dir/CheckSymbolExists.c.o] Error 1
make[5]: Leaving directory `/home/shizhai/new_zhongwang/trunk/build_dir/host/cmake-2.8.10.2/CMakeFiles/CMakeTmp'
make[4]: Leaving directory `/home/shizhai/new_zhongwang/trunk/build_dir/host/cmake-2.8.10.2/CMakeFiles/CMakeTmp'
make[4]: *** [cmTryCompileExec2718567904/fast] Error 2

File /home/shizhai/new_zhongwang/trunk/build_dir/host/cmake-2.8.10.2/CMakeFiles/CMakeTmp/CheckSymbolExists.c:
/* */
#include <stdlib.h>

int main(int argc, char** argv)
{
  (void)argv;
#ifndef environ
  return ((int*)(&environ))[argc];
#else
  (void)argc;
  return 0;
#endif
}

Checking for non-standard argument to stl allocator<>::max_size failed to compile with the following output:
Change Dir: /home/shizhai/new_zhongwang/trunk/build_dir/host/cmake-2.8.10.2/Source/kwsys/CMakeFiles/CMakeTmp

Run Build Command:/usr/bin/make "cmTryCompileExec4117968581/fast"
make[4]: Entering directory `/home/shizhai/new_zhongwang/trunk/build_dir/host/cmake-2.8.10.2/Source/kwsys/CMakeFiles/CMakeTmp'
make -f CMakeFiles/cmTryCompileExec4117968581.dir/build.make CMakeFiles/cmTryCompileExec4117968581.dir/build
make[5]: Entering directory `/home/shizhai/new_zhongwang/trunk/build_dir/host/cmake-2.8.10.2/Source/kwsys/CMakeFiles/CMakeTmp'
/home/shizhai/new_zhongwang/trunk/build_dir/host/cmake-2.8.10.2/Bootstrap.cmk/cmake -E cmake_progress_report /home/shizhai/new_zhongwang/trunk/build_dir/host/cmake-2.8.10.2/Source/kwsys/CMakeFiles/CMakeTmp/CMakeFiles 1
Building CXX object CMakeFiles/cmTryCompileExec4117968581.dir/kwsysPlatformTestsCXX.cxx.o
/usr/bin/g++   -DKWSYS_STL_HAVE_STD=1 -DTEST_KWSYS_STL_HAS_ALLOCATOR_MAX_SIZE_ARGUMENT  -o CMakeFiles/cmTryCompileExec4117968581.dir/kwsysPlatformTestsCXX.cxx.o -c /home/shizhai/new_zhongwang/trunk/build_dir/host/cmake-2.8.10.2/Source/kwsys/kwsysPlatformTestsCXX.cxx
/home/shizhai/new_zhongwang/trunk/build_dir/host/cmake-2.8.10.2/Source/kwsys/kwsysPlatformTestsCXX.cxx: In function 'void f(const std::allocator<char>&)':
/home/shizhai/new_zhongwang/trunk/build_dir/host/cmake-2.8.10.2/Source/kwsys/kwsysPlatformTestsCXX.cxx:256:25: error: no matching function for call to 'std::allocator<char>::max_size(unsigned int) const'
/home/shizhai/new_zhongwang/trunk/build_dir/host/cmake-2.8.10.2/Source/kwsys/kwsysPlatformTestsCXX.cxx:256:25: note: candidate is:
/usr/include/c++/4.6/ext/new_allocator.h:101:7: note: __gnu_cxx::new_allocator<_Tp>::size_type __gnu_cxx::new_allocator<_Tp>::max_size() const [with _Tp = char, __gnu_cxx::new_allocator<_Tp>::size_type = unsigned int]
/usr/include/c++/4.6/ext/new_allocator.h:101:7: note:   candidate expects 0 arguments, 1 provided
make[5]: Leaving directory `/home/shizhai/new_zhongwang/trunk/build_dir/host/cmake-2.8.10.2/Source/kwsys/CMakeFiles/CMakeTmp'
make[5]: *** [CMakeFiles/cmTryCompileExec4117968581.dir/kwsysPlatformTestsCXX.cxx.o] Error 1
make[4]: Leaving directory `/home/shizhai/new_zhongwang/trunk/build_dir/host/cmake-2.8.10.2/Source/kwsys/CMakeFiles/CMakeTmp'
make[4]: *** [cmTryCompileExec4117968581/fast] Error 2


Checking whether "<>" is needed for template friends failed to compile with the following output:
Change Dir: /home/shizhai/new_zhongwang/trunk/build_dir/host/cmake-2.8.10.2/Source/kwsys/CMakeFiles/CMakeTmp

Run Build Command:/usr/bin/make "cmTryCompileExec685429247/fast"
make[4]: Entering directory `/home/shizhai/new_zhongwang/trunk/build_dir/host/cmake-2.8.10.2/Source/kwsys/CMakeFiles/CMakeTmp'
make -f CMakeFiles/cmTryCompileExec685429247.dir/build.make CMakeFiles/cmTryCompileExec685429247.dir/build
make[5]: Entering directory `/home/shizhai/new_zhongwang/trunk/build_dir/host/cmake-2.8.10.2/Source/kwsys/CMakeFiles/CMakeTmp'
/home/shizhai/new_zhongwang/trunk/build_dir/host/cmake-2.8.10.2/Bootstrap.cmk/cmake -E cmake_progress_report /home/shizhai/new_zhongwang/trunk/build_dir/host/cmake-2.8.10.2/Source/kwsys/CMakeFiles/CMakeTmp/CMakeFiles 1
Building CXX object CMakeFiles/cmTryCompileExec685429247.dir/kwsysPlatformTestsCXX.cxx.o
/usr/bin/g++   -DTEST_KWSYS_CXX_HAS_NULL_TEMPLATE_ARGS  -o CMakeFiles/cmTryCompileExec685429247.dir/kwsysPlatformTestsCXX.cxx.o -c /home/shizhai/new_zhongwang/trunk/build_dir/host/cmake-2.8.10.2/Source/kwsys/kwsysPlatformTestsCXX.cxx
/home/shizhai/new_zhongwang/trunk/build_dir/host/cmake-2.8.10.2/Source/kwsys/kwsysPlatformTestsCXX.cxx:141:21: warning: friend declaration 'int f(A<T>&)' declares a non-template function [-Wnon-template-friend]
/home/shizhai/new_zhongwang/trunk/build_dir/host/cmake-2.8.10.2/Source/kwsys/kwsysPlatformTestsCXX.cxx:141:21: note: (if this is not what you intended, make sure the function template has already been declared and add <> after the function name here) 
/home/shizhai/new_zhongwang/trunk/build_dir/host/cmake-2.8.10.2/Source/kwsys/kwsysPlatformTestsCXX.cxx: In function 'int f(A<T>&) [with T = int]':
/home/shizhai/new_zhongwang/trunk/build_dir/host/cmake-2.8.10.2/Source/kwsys/kwsysPlatformTestsCXX.cxx:147:23:   instantiated from here
/home/shizhai/new_zhongwang/trunk/build_dir/host/cmake-2.8.10.2/Source/kwsys/kwsysPlatformTestsCXX.cxx:143:7: error: 'int A<int>::x' is private
/home/shizhai/new_zhongwang/trunk/build_dir/host/cmake-2.8.10.2/Source/kwsys/kwsysPlatformTestsCXX.cxx:146:50: error: within this context
make[5]: Leaving directory `/home/shizhai/new_zhongwang/trunk/build_dir/host/cmake-2.8.10.2/Source/kwsys/CMakeFiles/CMakeTmp'
make[5]: *** [CMakeFiles/cmTryCompileExec685429247.dir/kwsysPlatformTestsCXX.cxx.o] Error 1
make[4]: Leaving directory `/home/shizhai/new_zhongwang/trunk/build_dir/host/cmake-2.8.10.2/Source/kwsys/CMakeFiles/CMakeTmp'
make[4]: *** [cmTryCompileExec685429247/fast] Error 2


Checking whether C++ compiler has '__int64' failed to compile with the following output:
Change Dir: /home/shizhai/new_zhongwang/trunk/build_dir/host/cmake-2.8.10.2/Source/kwsys/CMakeFiles/CMakeTmp

Run Build Command:/usr/bin/make "cmTryCompileExec3966718363/fast"
make[4]: Entering directory `/home/shizhai/new_zhongwang/trunk/build_dir/host/cmake-2.8.10.2/Source/kwsys/CMakeFiles/CMakeTmp'
make -f CMakeFiles/cmTryCompileExec3966718363.dir/build.make CMakeFiles/cmTryCompileExec3966718363.dir/build
make[5]: Entering directory `/home/shizhai/new_zhongwang/trunk/build_dir/host/cmake-2.8.10.2/Source/kwsys/CMakeFiles/CMakeTmp'
/home/shizhai/new_zhongwang/trunk/build_dir/host/cmake-2.8.10.2/Bootstrap.cmk/cmake -E cmake_progress_report /home/shizhai/new_zhongwang/trunk/build_dir/host/cmake-2.8.10.2/Source/kwsys/CMakeFiles/CMakeTmp/CMakeFiles 1
Building CXX object CMakeFiles/cmTryCompileExec3966718363.dir/kwsysPlatformTestsCXX.cxx.o
/usr/bin/g++   -DTEST_KWSYS_CXX_HAS___INT64  -o CMakeFiles/cmTryCompileExec3966718363.dir/kwsysPlatformTestsCXX.cxx.o -c /home/shizhai/new_zhongwang/trunk/build_dir/host/cmake-2.8.10.2/Source/kwsys/kwsysPlatformTestsCXX.cxx
/home/shizhai/new_zhongwang/trunk/build_dir/host/cmake-2.8.10.2/Source/kwsys/kwsysPlatformTestsCXX.cxx:126:1: error: '__int64' does not name a type
/home/shizhai/new_zhongwang/trunk/build_dir/host/cmake-2.8.10.2/Source/kwsys/kwsysPlatformTestsCXX.cxx: In function 'int main()':
/home/shizhai/new_zhongwang/trunk/build_dir/host/cmake-2.8.10.2/Source/kwsys/kwsysPlatformTestsCXX.cxx:129:3: error: '__int64' was not declared in this scope
/home/shizhai/new_zhongwang/trunk/build_dir/host/cmake-2.8.10.2/Source/kwsys/kwsysPlatformTestsCXX.cxx:129:11: error: expected ';' before 'n'
/home/shizhai/new_zhongwang/trunk/build_dir/host/cmake-2.8.10.2/Source/kwsys/kwsysPlatformTestsCXX.cxx:130:29: error: 'n' was not declared in this scope
/home/shizhai/new_zhongwang/trunk/build_dir/host/cmake-2.8.10.2/Source/kwsys/kwsysPlatformTestsCXX.cxx:130:30: error: 'f' was not declared in this scope
make[5]: *** [CMakeFiles/cmTryCompileExec3966718363.dir/kwsysPlatformTestsCXX.cxx.o] Error 1
make[5]: Leaving directory `/home/shizhai/new_zhongwang/trunk/build_dir/host/cmake-2.8.10.2/Source/kwsys/CMakeFiles/CMakeTmp'
make[4]: Leaving directory `/home/shizhai/new_zhongwang/trunk/build_dir/host/cmake-2.8.10.2/Source/kwsys/CMakeFiles/CMakeTmp'
make[4]: *** [cmTryCompileExec3966718363/fast] Error 2


Determining size of __int64 failed with the following output:
Change Dir: /home/shizhai/new_zhongwang/trunk/build_dir/host/cmake-2.8.10.2/CMakeFiles/CMakeTmp

Run Build Command:/usr/bin/make "cmTryCompileExec3826536160/fast"
make[4]: Entering directory `/home/shizhai/new_zhongwang/trunk/build_dir/host/cmake-2.8.10.2/CMakeFiles/CMakeTmp'
make -f CMakeFiles/cmTryCompileExec3826536160.dir/build.make CMakeFiles/cmTryCompileExec3826536160.dir/build
make[5]: Entering directory `/home/shizhai/new_zhongwang/trunk/build_dir/host/cmake-2.8.10.2/CMakeFiles/CMakeTmp'
/home/shizhai/new_zhongwang/trunk/build_dir/host/cmake-2.8.10.2/Bootstrap.cmk/cmake -E cmake_progress_report /home/shizhai/new_zhongwang/trunk/build_dir/host/cmake-2.8.10.2/CMakeFiles/CMakeTmp/CMakeFiles 1
Building C object CMakeFiles/cmTryCompileExec3826536160.dir/KWSYS_SIZEOF___INT64.c.o
/usr/bin/gcc    -o CMakeFiles/cmTryCompileExec3826536160.dir/KWSYS_SIZEOF___INT64.c.o   -c /home/shizhai/new_zhongwang/trunk/build_dir/host/cmake-2.8.10.2/CMakeFiles/CheckTypeSize/KWSYS_SIZEOF___INT64.c
/home/shizhai/new_zhongwang/trunk/build_dir/host/cmake-2.8.10.2/CMakeFiles/CheckTypeSize/KWSYS_SIZEOF___INT64.c:19:12: error: '__int64' undeclared here (not in a function)
make[5]: Leaving directory `/home/shizhai/new_zhongwang/trunk/build_dir/host/cmake-2.8.10.2/CMakeFiles/CMakeTmp'
make[5]: *** [CMakeFiles/cmTryCompileExec3826536160.dir/KWSYS_SIZEOF___INT64.c.o] Error 1
make[4]: Leaving directory `/home/shizhai/new_zhongwang/trunk/build_dir/host/cmake-2.8.10.2/CMakeFiles/CMakeTmp'
make[4]: *** [cmTryCompileExec3826536160/fast] Error 2

/home/shizhai/new_zhongwang/trunk/build_dir/host/cmake-2.8.10.2/CMakeFiles/CheckTypeSize/KWSYS_SIZEOF___INT64.c:
#include <sys/types.h>
#include <stdint.h>
#include <stddef.h>


#undef KEY
#if defined(__i386)
# define KEY '_','_','i','3','8','6'
#elif defined(__x86_64)
# define KEY '_','_','x','8','6','_','6','4'
#elif defined(__ppc__)
# define KEY '_','_','p','p','c','_','_'
#elif defined(__ppc64__)
# define KEY '_','_','p','p','c','6','4','_','_'
#endif

#define SIZE (sizeof(__int64))
char info_size[] =  {'I', 'N', 'F', 'O', ':', 's','i','z','e','[',
  ('0' + ((SIZE / 10000)%10)),
  ('0' + ((SIZE / 1000)%10)),
  ('0' + ((SIZE / 100)%10)),
  ('0' + ((SIZE / 10)%10)),
  ('0' +  (SIZE    % 10)),
  ']',
#ifdef KEY
  ' ','k','e','y','[', KEY, ']',
#endif
  '\0'};

#ifdef __CLASSIC_C__
int main(argc, argv) int argc; char *argv[];
#else
int main(int argc, char *argv[])
#endif
{
  int require = 0;
  require += info_size[argc];
  (void)argv;
  return require;
}


Checking whether CXX compiler has environ in stdlib.h failed to compile with the following output:
Change Dir: /home/shizhai/new_zhongwang/trunk/build_dir/host/cmake-2.8.10.2/Source/kwsys/CMakeFiles/CMakeTmp

Run Build Command:/usr/bin/make "cmTryCompileExec1350830086/fast"
make[4]: Entering directory `/home/shizhai/new_zhongwang/trunk/build_dir/host/cmake-2.8.10.2/Source/kwsys/CMakeFiles/CMakeTmp'
make -f CMakeFiles/cmTryCompileExec1350830086.dir/build.make CMakeFiles/cmTryCompileExec1350830086.dir/build
make[5]: Entering directory `/home/shizhai/new_zhongwang/trunk/build_dir/host/cmake-2.8.10.2/Source/kwsys/CMakeFiles/CMakeTmp'
/home/shizhai/new_zhongwang/trunk/build_dir/host/cmake-2.8.10.2/Bootstrap.cmk/cmake -E cmake_progress_report /home/shizhai/new_zhongwang/trunk/build_dir/host/cmake-2.8.10.2/Source/kwsys/CMakeFiles/CMakeTmp/CMakeFiles 1
Building CXX object CMakeFiles/cmTryCompileExec1350830086.dir/kwsysPlatformTestsCXX.cxx.o
/usr/bin/g++   -DTEST_KWSYS_CXX_HAS_ENVIRON_IN_STDLIB_H  -o CMakeFiles/cmTryCompileExec1350830086.dir/kwsysPlatformTestsCXX.cxx.o -c /home/shizhai/new_zhongwang/trunk/build_dir/host/cmake-2.8.10.2/Source/kwsys/kwsysPlatformTestsCXX.cxx
/home/shizhai/new_zhongwang/trunk/build_dir/host/cmake-2.8.10.2/Source/kwsys/kwsysPlatformTestsCXX.cxx: In function 'int main()':
/home/shizhai/new_zhongwang/trunk/build_dir/host/cmake-2.8.10.2/Source/kwsys/kwsysPlatformTestsCXX.cxx:426:13: error: 'environ' was not declared in this scope
make[5]: Leaving directory `/home/shizhai/new_zhongwang/trunk/build_dir/host/cmake-2.8.10.2/Source/kwsys/CMakeFiles/CMakeTmp'
make[5]: *** [CMakeFiles/cmTryCompileExec1350830086.dir/kwsysPlatformTestsCXX.cxx.o] Error 1
make[4]: Leaving directory `/home/shizhai/new_zhongwang/trunk/build_dir/host/cmake-2.8.10.2/Source/kwsys/CMakeFiles/CMakeTmp'
make[4]: *** [cmTryCompileExec1350830086/fast] Error 2


Determining if the function connect exists in the socket;dl failed with the following output:
Change Dir: /home/shizhai/new_zhongwang/trunk/build_dir/host/cmake-2.8.10.2/CMakeFiles/CMakeTmp

Run Build Command:/usr/bin/make "cmTryCompileExec2578832495/fast"
make[4]: Entering directory `/home/shizhai/new_zhongwang/trunk/build_dir/host/cmake-2.8.10.2/CMakeFiles/CMakeTmp'
make -f CMakeFiles/cmTryCompileExec2578832495.dir/build.make CMakeFiles/cmTryCompileExec2578832495.dir/build
make[5]: Entering directory `/home/shizhai/new_zhongwang/trunk/build_dir/host/cmake-2.8.10.2/CMakeFiles/CMakeTmp'
/home/shizhai/new_zhongwang/trunk/build_dir/host/cmake-2.8.10.2/Bootstrap.cmk/cmake -E cmake_progress_report /home/shizhai/new_zhongwang/trunk/build_dir/host/cmake-2.8.10.2/CMakeFiles/CMakeTmp/CMakeFiles 1
Building C object CMakeFiles/cmTryCompileExec2578832495.dir/CheckFunctionExists.c.o
/usr/bin/gcc   -DCHECK_FUNCTION_EXISTS=connect   -o CMakeFiles/cmTryCompileExec2578832495.dir/CheckFunctionExists.c.o   -c /home/shizhai/new_zhongwang/trunk/build_dir/host/cmake-2.8.10.2/Modules/CheckFunctionExists.c
Linking C executable cmTryCompileExec2578832495
/home/shizhai/new_zhongwang/trunk/build_dir/host/cmake-2.8.10.2/Bootstrap.cmk/cmake -E cmake_link_script CMakeFiles/cmTryCompileExec2578832495.dir/link.txt --verbose=1
/usr/bin/gcc      -DCHECK_FUNCTION_EXISTS=connect    CMakeFiles/cmTryCompileExec2578832495.dir/CheckFunctionExists.c.o  -o cmTryCompileExec2578832495 -rdynamic -lsocket -ldl 
/usr/bin/ld: cannot find -lsocket
collect2: ld returned 1 exit status
make[5]: *** [cmTryCompileExec2578832495] Error 1
make[5]: Leaving directory `/home/shizhai/new_zhongwang/trunk/build_dir/host/cmake-2.8.10.2/CMakeFiles/CMakeTmp'
make[4]: *** [cmTryCompileExec2578832495/fast] Error 2
make[4]: Leaving directory `/home/shizhai/new_zhongwang/trunk/build_dir/host/cmake-2.8.10.2/CMakeFiles/CMakeTmp'


Determining if the function recv exists in the network;dl failed with the following output:
Change Dir: /home/shizhai/new_zhongwang/trunk/build_dir/host/cmake-2.8.10.2/CMakeFiles/CMakeTmp

Run Build Command:/usr/bin/make "cmTryCompileExec3896363519/fast"
make[4]: Entering directory `/home/shizhai/new_zhongwang/trunk/build_dir/host/cmake-2.8.10.2/CMakeFiles/CMakeTmp'
make -f CMakeFiles/cmTryCompileExec3896363519.dir/build.make CMakeFiles/cmTryCompileExec3896363519.dir/build
make[5]: Entering directory `/home/shizhai/new_zhongwang/trunk/build_dir/host/cmake-2.8.10.2/CMakeFiles/CMakeTmp'
/home/shizhai/new_zhongwang/trunk/build_dir/host/cmake-2.8.10.2/Bootstrap.cmk/cmake -E cmake_progress_report /home/shizhai/new_zhongwang/trunk/build_dir/host/cmake-2.8.10.2/CMakeFiles/CMakeTmp/CMakeFiles 1
Building C object CMakeFiles/cmTryCompileExec3896363519.dir/CheckFunctionExists.c.o
/usr/bin/gcc   -DCHECK_FUNCTION_EXISTS=recv   -o CMakeFiles/cmTryCompileExec3896363519.dir/CheckFunctionExists.c.o   -c /home/shizhai/new_zhongwang/trunk/build_dir/host/cmake-2.8.10.2/Modules/CheckFunctionExists.c
Linking C executable cmTryCompileExec3896363519
/home/shizhai/new_zhongwang/trunk/build_dir/host/cmake-2.8.10.2/Bootstrap.cmk/cmake -E cmake_link_script CMakeFiles/cmTryCompileExec3896363519.dir/link.txt --verbose=1
/usr/bin/gcc      -DCHECK_FUNCTION_EXISTS=recv    CMakeFiles/cmTryCompileExec3896363519.dir/CheckFunctionExists.c.o  -o cmTryCompileExec3896363519 -rdynamic -lnetwork -ldl 
/usr/bin/ld: cannot find -lnetwork
collect2: ld returned 1 exit status
make[5]: *** [cmTryCompileExec3896363519] Error 1
make[5]: Leaving directory `/home/shizhai/new_zhongwang/trunk/build_dir/host/cmake-2.8.10.2/CMakeFiles/CMakeTmp'
make[4]: *** [cmTryCompileExec3896363519/fast] Error 2
make[4]: Leaving directory `/home/shizhai/new_zhongwang/trunk/build_dir/host/cmake-2.8.10.2/CMakeFiles/CMakeTmp'


Determining if the function getch exists in the ws2_32;dl failed with the following output:
Change Dir: /home/shizhai/new_zhongwang/trunk/build_dir/host/cmake-2.8.10.2/CMakeFiles/CMakeTmp

Run Build Command:/usr/bin/make "cmTryCompileExec4292160272/fast"
make[4]: Entering directory `/home/shizhai/new_zhongwang/trunk/build_dir/host/cmake-2.8.10.2/CMakeFiles/CMakeTmp'
make -f CMakeFiles/cmTryCompileExec4292160272.dir/build.make CMakeFiles/cmTryCompileExec4292160272.dir/build
make[5]: Entering directory `/home/shizhai/new_zhongwang/trunk/build_dir/host/cmake-2.8.10.2/CMakeFiles/CMakeTmp'
/home/shizhai/new_zhongwang/trunk/build_dir/host/cmake-2.8.10.2/Bootstrap.cmk/cmake -E cmake_progress_report /home/shizhai/new_zhongwang/trunk/build_dir/host/cmake-2.8.10.2/CMakeFiles/CMakeTmp/CMakeFiles 1
Building C object CMakeFiles/cmTryCompileExec4292160272.dir/CheckFunctionExists.c.o
/usr/bin/gcc   -DCHECK_FUNCTION_EXISTS=getch   -o CMakeFiles/cmTryCompileExec4292160272.dir/CheckFunctionExists.c.o   -c /home/shizhai/new_zhongwang/trunk/build_dir/host/cmake-2.8.10.2/Modules/CheckFunctionExists.c
Linking C executable cmTryCompileExec4292160272
/home/shizhai/new_zhongwang/trunk/build_dir/host/cmake-2.8.10.2/Bootstrap.cmk/cmake -E cmake_link_script CMakeFiles/cmTryCompileExec4292160272.dir/link.txt --verbose=1
/usr/bin/gcc      -DCHECK_FUNCTION_EXISTS=getch    CMakeFiles/cmTryCompileExec4292160272.dir/CheckFunctionExists.c.o  -o cmTryCompileExec4292160272 -rdynamic -lws2_32 -ldl 
/usr/bin/ld: cannot find -lws2_32
collect2: ld returned 1 exit status
make[5]: *** [cmTryCompileExec4292160272] Error 1
make[5]: Leaving directory `/home/shizhai/new_zhongwang/trunk/build_dir/host/cmake-2.8.10.2/CMakeFiles/CMakeTmp'
make[4]: *** [cmTryCompileExec4292160272/fast] Error 2
make[4]: Leaving directory `/home/shizhai/new_zhongwang/trunk/build_dir/host/cmake-2.8.10.2/CMakeFiles/CMakeTmp'


Determining if the function getch exists in the winmm;dl failed with the following output:
Change Dir: /home/shizhai/new_zhongwang/trunk/build_dir/host/cmake-2.8.10.2/CMakeFiles/CMakeTmp

Run Build Command:/usr/bin/make "cmTryCompileExec710238287/fast"
make[4]: Entering directory `/home/shizhai/new_zhongwang/trunk/build_dir/host/cmake-2.8.10.2/CMakeFiles/CMakeTmp'
make -f CMakeFiles/cmTryCompileExec710238287.dir/build.make CMakeFiles/cmTryCompileExec710238287.dir/build
make[5]: Entering directory `/home/shizhai/new_zhongwang/trunk/build_dir/host/cmake-2.8.10.2/CMakeFiles/CMakeTmp'
/home/shizhai/new_zhongwang/trunk/build_dir/host/cmake-2.8.10.2/Bootstrap.cmk/cmake -E cmake_progress_report /home/shizhai/new_zhongwang/trunk/build_dir/host/cmake-2.8.10.2/CMakeFiles/CMakeTmp/CMakeFiles 1
Building C object CMakeFiles/cmTryCompileExec710238287.dir/CheckFunctionExists.c.o
/usr/bin/gcc   -DCHECK_FUNCTION_EXISTS=getch   -o CMakeFiles/cmTryCompileExec710238287.dir/CheckFunctionExists.c.o   -c /home/shizhai/new_zhongwang/trunk/build_dir/host/cmake-2.8.10.2/Modules/CheckFunctionExists.c
Linking C executable cmTryCompileExec710238287
/home/shizhai/new_zhongwang/trunk/build_dir/host/cmake-2.8.10.2/Bootstrap.cmk/cmake -E cmake_link_script CMakeFiles/cmTryCompileExec710238287.dir/link.txt --verbose=1
/usr/bin/gcc      -DCHECK_FUNCTION_EXISTS=getch    CMakeFiles/cmTryCompileExec710238287.dir/CheckFunctionExists.c.o  -o cmTryCompileExec710238287 -rdynamic -lwinmm -ldl 
/usr/bin/ld: cannot find -lwinmm
collect2: ld returned 1 exit status
make[5]: *** [cmTryCompileExec710238287] Error 1
make[5]: Leaving directory `/home/shizhai/new_zhongwang/trunk/build_dir/host/cmake-2.8.10.2/CMakeFiles/CMakeTmp'
make[4]: *** [cmTryCompileExec710238287/fast] Error 2
make[4]: Leaving directory `/home/shizhai/new_zhongwang/trunk/build_dir/host/cmake-2.8.10.2/CMakeFiles/CMakeTmp'


Determining if the function idna_to_ascii_lz exists in the idn;dl failed with the following output:
Change Dir: /home/shizhai/new_zhongwang/trunk/build_dir/host/cmake-2.8.10.2/CMakeFiles/CMakeTmp

Run Build Command:/usr/bin/make "cmTryCompileExec4014648474/fast"
make[4]: Entering directory `/home/shizhai/new_zhongwang/trunk/build_dir/host/cmake-2.8.10.2/CMakeFiles/CMakeTmp'
make -f CMakeFiles/cmTryCompileExec4014648474.dir/build.make CMakeFiles/cmTryCompileExec4014648474.dir/build
make[5]: Entering directory `/home/shizhai/new_zhongwang/trunk/build_dir/host/cmake-2.8.10.2/CMakeFiles/CMakeTmp'
/home/shizhai/new_zhongwang/trunk/build_dir/host/cmake-2.8.10.2/Bootstrap.cmk/cmake -E cmake_progress_report /home/shizhai/new_zhongwang/trunk/build_dir/host/cmake-2.8.10.2/CMakeFiles/CMakeTmp/CMakeFiles 1
Building C object CMakeFiles/cmTryCompileExec4014648474.dir/CheckFunctionExists.c.o
/usr/bin/gcc   -DCHECK_FUNCTION_EXISTS=idna_to_ascii_lz   -o CMakeFiles/cmTryCompileExec4014648474.dir/CheckFunctionExists.c.o   -c /home/shizhai/new_zhongwang/trunk/build_dir/host/cmake-2.8.10.2/Modules/CheckFunctionExists.c
Linking C executable cmTryCompileExec4014648474
/home/shizhai/new_zhongwang/trunk/build_dir/host/cmake-2.8.10.2/Bootstrap.cmk/cmake -E cmake_link_script CMakeFiles/cmTryCompileExec4014648474.dir/link.txt --verbose=1
/usr/bin/gcc      -DCHECK_FUNCTION_EXISTS=idna_to_ascii_lz    CMakeFiles/cmTryCompileExec4014648474.dir/CheckFunctionExists.c.o  -o cmTryCompileExec4014648474 -rdynamic -lidn -ldl 
/usr/bin/ld: cannot find -lidn
collect2: ld returned 1 exit status
make[5]: *** [cmTryCompileExec4014648474] Error 1
make[5]: Leaving directory `/home/shizhai/new_zhongwang/trunk/build_dir/host/cmake-2.8.10.2/CMakeFiles/CMakeTmp'
make[4]: *** [cmTryCompileExec4014648474/fast] Error 2
make[4]: Leaving directory `/home/shizhai/new_zhongwang/trunk/build_dir/host/cmake-2.8.10.2/CMakeFiles/CMakeTmp'


Determining if the include file process.h exists failed with the following output:
Change Dir: /home/shizhai/new_zhongwang/trunk/build_dir/host/cmake-2.8.10.2/CMakeFiles/CMakeTmp

Run Build Command:/usr/bin/make "cmTryCompileExec3026710986/fast"
make[4]: Entering directory `/home/shizhai/new_zhongwang/trunk/build_dir/host/cmake-2.8.10.2/CMakeFiles/CMakeTmp'
make -f CMakeFiles/cmTryCompileExec3026710986.dir/build.make CMakeFiles/cmTryCompileExec3026710986.dir/build
make[5]: Entering directory `/home/shizhai/new_zhongwang/trunk/build_dir/host/cmake-2.8.10.2/CMakeFiles/CMakeTmp'
/home/shizhai/new_zhongwang/trunk/build_dir/host/cmake-2.8.10.2/Bootstrap.cmk/cmake -E cmake_progress_report /home/shizhai/new_zhongwang/trunk/build_dir/host/cmake-2.8.10.2/CMakeFiles/CMakeTmp/CMakeFiles 1
Building C object CMakeFiles/cmTryCompileExec3026710986.dir/CheckIncludeFile.c.o
/usr/bin/gcc    -o CMakeFiles/cmTryCompileExec3026710986.dir/CheckIncludeFile.c.o   -c /home/shizhai/new_zhongwang/trunk/build_dir/host/cmake-2.8.10.2/CMakeFiles/CMakeTmp/CheckIncludeFile.c
/home/shizhai/new_zhongwang/trunk/build_dir/host/cmake-2.8.10.2/CMakeFiles/CMakeTmp/CheckIncludeFile.c:1:21: fatal error: process.h: No such file or directory
compilation terminated.
make[5]: *** [CMakeFiles/cmTryCompileExec3026710986.dir/CheckIncludeFile.c.o] Error 1
make[5]: Leaving directory `/home/shizhai/new_zhongwang/trunk/build_dir/host/cmake-2.8.10.2/CMakeFiles/CMakeTmp'
make[4]: *** [cmTryCompileExec3026710986/fast] Error 2
make[4]: Leaving directory `/home/shizhai/new_zhongwang/trunk/build_dir/host/cmake-2.8.10.2/CMakeFiles/CMakeTmp'


Determining if files stdio.h;stddef.h;sys/types.h;inttypes.h;alloca.h;arpa/inet.h;dlfcn.h;fcntl.h;malloc.h;memory.h;netdb.h;sys/poll.h;assert.h;limits.h;sys/socket.h;netinet/in.h;net/if.h;netinet/if_ether.h;netinet/tcp.h;sys/select.h;utime.h;netinet/in.h;pwd.h;sgtty.h;stdint.h;stdlib.h;string.h;strings.h;sys/param.h;sys/stat.h;sys/time.h;sys/resource.h;termios.h;termio.h;io.h exist failed with the following output:
Change Dir: /home/shizhai/new_zhongwang/trunk/build_dir/host/cmake-2.8.10.2/CMakeFiles/CMakeTmp

Run Build Command:/usr/bin/make "cmTryCompileExec3361023301/fast"
make[4]: Entering directory `/home/shizhai/new_zhongwang/trunk/build_dir/host/cmake-2.8.10.2/CMakeFiles/CMakeTmp'
make -f CMakeFiles/cmTryCompileExec3361023301.dir/build.make CMakeFiles/cmTryCompileExec3361023301.dir/build
make[5]: Entering directory `/home/shizhai/new_zhongwang/trunk/build_dir/host/cmake-2.8.10.2/CMakeFiles/CMakeTmp'
/home/shizhai/new_zhongwang/trunk/build_dir/host/cmake-2.8.10.2/Bootstrap.cmk/cmake -E cmake_progress_report /home/shizhai/new_zhongwang/trunk/build_dir/host/cmake-2.8.10.2/CMakeFiles/CMakeTmp/CMakeFiles 1
Building C object CMakeFiles/cmTryCompileExec3361023301.dir/CheckIncludeFiles.c.o
/usr/bin/gcc    -o CMakeFiles/cmTryCompileExec3361023301.dir/CheckIncludeFiles.c.o   -c /home/shizhai/new_zhongwang/trunk/build_dir/host/cmake-2.8.10.2/CMakeFiles/CMakeTmp/CheckIncludeFiles.c
/home/shizhai/new_zhongwang/trunk/build_dir/host/cmake-2.8.10.2/CMakeFiles/CMakeTmp/CheckIncludeFiles.c:36:16: fatal error: io.h: No such file or directory
compilation terminated.
make[5]: *** [CMakeFiles/cmTryCompileExec3361023301.dir/CheckIncludeFiles.c.o] Error 1
make[5]: Leaving directory `/home/shizhai/new_zhongwang/trunk/build_dir/host/cmake-2.8.10.2/CMakeFiles/CMakeTmp'
make[4]: *** [cmTryCompileExec3361023301/fast] Error 2
make[4]: Leaving directory `/home/shizhai/new_zhongwang/trunk/build_dir/host/cmake-2.8.10.2/CMakeFiles/CMakeTmp'

Source:
/* */
#include <stdio.h>
#include <stddef.h>
#include <sys/types.h>
#include <inttypes.h>
#include <alloca.h>
#include <arpa/inet.h>
#include <dlfcn.h>
#include <fcntl.h>
#include <malloc.h>
#include <memory.h>
#include <netdb.h>
#include <sys/poll.h>
#include <assert.h>
#include <limits.h>
#include <sys/socket.h>
#include <netinet/in.h>
#include <net/if.h>
#include <netinet/if_ether.h>
#include <netinet/tcp.h>
#include <sys/select.h>
#include <utime.h>
#include <netinet/in.h>
#include <pwd.h>
#include <sgtty.h>
#include <stdint.h>
#include <stdlib.h>
#include <string.h>
#include <strings.h>
#include <sys/param.h>
#include <sys/stat.h>
#include <sys/time.h>
#include <sys/resource.h>
#include <termios.h>
#include <termio.h>
#include <io.h>


int main(){return 0;}

Determining if files stdio.h;stddef.h;sys/types.h;inttypes.h;alloca.h;arpa/inet.h;dlfcn.h;fcntl.h;malloc.h;memory.h;netdb.h;sys/poll.h;assert.h;limits.h;sys/socket.h;netinet/in.h;net/if.h;netinet/if_ether.h;netinet/tcp.h;sys/select.h;utime.h;netinet/in.h;pwd.h;sgtty.h;stdint.h;stdlib.h;string.h;strings.h;sys/param.h;sys/stat.h;sys/time.h;sys/resource.h;termios.h;termio.h;time.h;unistd.h;sys/utime.h exist failed with the following output:
Change Dir: /home/shizhai/new_zhongwang/trunk/build_dir/host/cmake-2.8.10.2/CMakeFiles/CMakeTmp

Run Build Command:/usr/bin/make "cmTryCompileExec1428731052/fast"
make[4]: Entering directory `/home/shizhai/new_zhongwang/trunk/build_dir/host/cmake-2.8.10.2/CMakeFiles/CMakeTmp'
make -f CMakeFiles/cmTryCompileExec1428731052.dir/build.make CMakeFiles/cmTryCompileExec1428731052.dir/build
make[5]: Entering directory `/home/shizhai/new_zhongwang/trunk/build_dir/host/cmake-2.8.10.2/CMakeFiles/CMakeTmp'
/home/shizhai/new_zhongwang/trunk/build_dir/host/cmake-2.8.10.2/Bootstrap.cmk/cmake -E cmake_progress_report /home/shizhai/new_zhongwang/trunk/build_dir/host/cmake-2.8.10.2/CMakeFiles/CMakeTmp/CMakeFiles 1
Building C object CMakeFiles/cmTryCompileExec1428731052.dir/CheckIncludeFiles.c.o
/usr/bin/gcc    -o CMakeFiles/cmTryCompileExec1428731052.dir/CheckIncludeFiles.c.o   -c /home/shizhai/new_zhongwang/trunk/build_dir/host/cmake-2.8.10.2/CMakeFiles/CMakeTmp/CheckIncludeFiles.c
/home/shizhai/new_zhongwang/trunk/build_dir/host/cmake-2.8.10.2/CMakeFiles/CMakeTmp/CheckIncludeFiles.c:38:23: fatal error: sys/utime.h: No such file or directory
compilation terminated.
make[5]: *** [CMakeFiles/cmTryCompileExec1428731052.dir/CheckIncludeFiles.c.o] Error 1
make[5]: Leaving directory `/home/shizhai/new_zhongwang/trunk/build_dir/host/cmake-2.8.10.2/CMakeFiles/CMakeTmp'
make[4]: *** [cmTryCompileExec1428731052/fast] Error 2
make[4]: Leaving directory `/home/shizhai/new_zhongwang/trunk/build_dir/host/cmake-2.8.10.2/CMakeFiles/CMakeTmp'

Source:
/* */
#include <stdio.h>
#include <stddef.h>
#include <sys/types.h>
#include <inttypes.h>
#include <alloca.h>
#include <arpa/inet.h>
#include <dlfcn.h>
#include <fcntl.h>
#include <malloc.h>
#include <memory.h>
#include <netdb.h>
#include <sys/poll.h>
#include <assert.h>
#include <limits.h>
#include <sys/socket.h>
#include <netinet/in.h>
#include <net/if.h>
#include <netinet/if_ether.h>
#include <netinet/tcp.h>
#include <sys/select.h>
#include <utime.h>
#include <netinet/in.h>
#include <pwd.h>
#include <sgtty.h>
#include <stdint.h>
#include <stdlib.h>
#include <string.h>
#include <strings.h>
#include <sys/param.h>
#include <sys/stat.h>
#include <sys/time.h>
#include <sys/resource.h>
#include <termios.h>
#include <termio.h>
#include <time.h>
#include <unistd.h>
#include <sys/utime.h>


int main(){return 0;}

Determining if files stdio.h;stddef.h;sys/types.h;inttypes.h;alloca.h;arpa/inet.h;dlfcn.h;fcntl.h;malloc.h;memory.h;netdb.h;sys/poll.h;assert.h;limits.h;sys/socket.h;netinet/in.h;net/if.h;netinet/if_ether.h;netinet/tcp.h;sys/select.h;utime.h;netinet/in.h;pwd.h;sgtty.h;stdint.h;stdlib.h;string.h;strings.h;sys/param.h;sys/stat.h;sys/time.h;sys/resource.h;termios.h;termio.h;time.h;unistd.h;sockio.h exist failed with the following output:
Change Dir: /home/shizhai/new_zhongwang/trunk/build_dir/host/cmake-2.8.10.2/CMakeFiles/CMakeTmp

Run Build Command:/usr/bin/make "cmTryCompileExec3189587055/fast"
make[4]: Entering directory `/home/shizhai/new_zhongwang/trunk/build_dir/host/cmake-2.8.10.2/CMakeFiles/CMakeTmp'
make -f CMakeFiles/cmTryCompileExec3189587055.dir/build.make CMakeFiles/cmTryCompileExec3189587055.dir/build
make[5]: Entering directory `/home/shizhai/new_zhongwang/trunk/build_dir/host/cmake-2.8.10.2/CMakeFiles/CMakeTmp'
/home/shizhai/new_zhongwang/trunk/build_dir/host/cmake-2.8.10.2/Bootstrap.cmk/cmake -E cmake_progress_report /home/shizhai/new_zhongwang/trunk/build_dir/host/cmake-2.8.10.2/CMakeFiles/CMakeTmp/CMakeFiles 1
Building C object CMakeFiles/cmTryCompileExec3189587055.dir/CheckIncludeFiles.c.o
/usr/bin/gcc    -o CMakeFiles/cmTryCompileExec3189587055.dir/CheckIncludeFiles.c.o   -c /home/shizhai/new_zhongwang/trunk/build_dir/host/cmake-2.8.10.2/CMakeFiles/CMakeTmp/CheckIncludeFiles.c
/home/shizhai/new_zhongwang/trunk/build_dir/host/cmake-2.8.10.2/CMakeFiles/CMakeTmp/CheckIncludeFiles.c:38:20: fatal error: sockio.h: No such file or directory
compilation terminated.
make[5]: *** [CMakeFiles/cmTryCompileExec3189587055.dir/CheckIncludeFiles.c.o] Error 1
make[5]: Leaving directory `/home/shizhai/new_zhongwang/trunk/build_dir/host/cmake-2.8.10.2/CMakeFiles/CMakeTmp'
make[4]: *** [cmTryCompileExec3189587055/fast] Error 2
make[4]: Leaving directory `/home/shizhai/new_zhongwang/trunk/build_dir/host/cmake-2.8.10.2/CMakeFiles/CMakeTmp'

Source:
/* */
#include <stdio.h>
#include <stddef.h>
#include <sys/types.h>
#include <inttypes.h>
#include <alloca.h>
#include <arpa/inet.h>
#include <dlfcn.h>
#include <fcntl.h>
#include <malloc.h>
#include <memory.h>
#include <netdb.h>
#include <sys/poll.h>
#include <assert.h>
#include <limits.h>
#include <sys/socket.h>
#include <netinet/in.h>
#include <net/if.h>
#include <netinet/if_ether.h>
#include <netinet/tcp.h>
#include <sys/select.h>
#include <utime.h>
#include <netinet/in.h>
#include <pwd.h>
#include <sgtty.h>
#include <stdint.h>
#include <stdlib.h>
#include <string.h>
#include <strings.h>
#include <sys/param.h>
#include <sys/stat.h>
#include <sys/time.h>
#include <sys/resource.h>
#include <termios.h>
#include <termio.h>
#include <time.h>
#include <unistd.h>
#include <sockio.h>


int main(){return 0;}

Determining if files stdio.h;stddef.h;sys/types.h;inttypes.h;alloca.h;arpa/inet.h;dlfcn.h;fcntl.h;malloc.h;memory.h;netdb.h;sys/poll.h;assert.h;limits.h;sys/socket.h;netinet/in.h;net/if.h;netinet/if_ether.h;netinet/tcp.h;sys/select.h;utime.h;netinet/in.h;pwd.h;sgtty.h;stdint.h;stdlib.h;string.h;strings.h;sys/param.h;sys/stat.h;sys/time.h;sys/resource.h;termios.h;termio.h;time.h;unistd.h;sys/sockio.h exist failed with the following output:
Change Dir: /home/shizhai/new_zhongwang/trunk/build_dir/host/cmake-2.8.10.2/CMakeFiles/CMakeTmp

Run Build Command:/usr/bin/make "cmTryCompileExec1030540202/fast"
make[4]: Entering directory `/home/shizhai/new_zhongwang/trunk/build_dir/host/cmake-2.8.10.2/CMakeFiles/CMakeTmp'
make -f CMakeFiles/cmTryCompileExec1030540202.dir/build.make CMakeFiles/cmTryCompileExec1030540202.dir/build
make[5]: Entering directory `/home/shizhai/new_zhongwang/trunk/build_dir/host/cmake-2.8.10.2/CMakeFiles/CMakeTmp'
/home/shizhai/new_zhongwang/trunk/build_dir/host/cmake-2.8.10.2/Bootstrap.cmk/cmake -E cmake_progress_report /home/shizhai/new_zhongwang/trunk/build_dir/host/cmake-2.8.10.2/CMakeFiles/CMakeTmp/CMakeFiles 1
Building C object CMakeFiles/cmTryCompileExec1030540202.dir/CheckIncludeFiles.c.o
/usr/bin/gcc    -o CMakeFiles/cmTryCompileExec1030540202.dir/CheckIncludeFiles.c.o   -c /home/shizhai/new_zhongwang/trunk/build_dir/host/cmake-2.8.10.2/CMakeFiles/CMakeTmp/CheckIncludeFiles.c
/home/shizhai/new_zhongwang/trunk/build_dir/host/cmake-2.8.10.2/CMakeFiles/CMakeTmp/CheckIncludeFiles.c:38:24: fatal error: sys/sockio.h: No such file or directory
compilation terminated.
make[5]: *** [CMakeFiles/cmTryCompileExec1030540202.dir/CheckIncludeFiles.c.o] Error 1
make[5]: Leaving directory `/home/shizhai/new_zhongwang/trunk/build_dir/host/cmake-2.8.10.2/CMakeFiles/CMakeTmp'
make[4]: *** [cmTryCompileExec1030540202/fast] Error 2
make[4]: Leaving directory `/home/shizhai/new_zhongwang/trunk/build_dir/host/cmake-2.8.10.2/CMakeFiles/CMakeTmp'

Source:
/* */
#include <stdio.h>
#include <stddef.h>
#include <sys/types.h>
#include <inttypes.h>
#include <alloca.h>
#include <arpa/inet.h>
#include <dlfcn.h>
#include <fcntl.h>
#include <malloc.h>
#include <memory.h>
#include <netdb.h>
#include <sys/poll.h>
#include <assert.h>
#include <limits.h>
#include <sys/socket.h>
#include <netinet/in.h>
#include <net/if.h>
#include <netinet/if_ether.h>
#include <netinet/tcp.h>
#include <sys/select.h>
#include <utime.h>
#include <netinet/in.h>
#include <pwd.h>
#include <sgtty.h>
#include <stdint.h>
#include <stdlib.h>
#include <string.h>
#include <strings.h>
#include <sys/param.h>
#include <sys/stat.h>
#include <sys/time.h>
#include <sys/resource.h>
#include <termios.h>
#include <termio.h>
#include <time.h>
#include <unistd.h>
#include <sys/sockio.h>


int main(){return 0;}

Determining if files stdio.h;stddef.h;sys/types.h;inttypes.h;alloca.h;arpa/inet.h;dlfcn.h;fcntl.h;malloc.h;memory.h;netdb.h;sys/poll.h;assert.h;limits.h;sys/socket.h;netinet/in.h;net/if.h;netinet/if_ether.h;netinet/tcp.h;sys/select.h;utime.h;netinet/in.h;pwd.h;sgtty.h;stdint.h;stdlib.h;string.h;strings.h;sys/param.h;sys/stat.h;sys/time.h;sys/resource.h;termios.h;termio.h;time.h;unistd.h;x509.h exist failed with the following output:
Change Dir: /home/shizhai/new_zhongwang/trunk/build_dir/host/cmake-2.8.10.2/CMakeFiles/CMakeTmp

Run Build Command:/usr/bin/make "cmTryCompileExec44128407/fast"
make[4]: Entering directory `/home/shizhai/new_zhongwang/trunk/build_dir/host/cmake-2.8.10.2/CMakeFiles/CMakeTmp'
make -f CMakeFiles/cmTryCompileExec44128407.dir/build.make CMakeFiles/cmTryCompileExec44128407.dir/build
make[5]: Entering directory `/home/shizhai/new_zhongwang/trunk/build_dir/host/cmake-2.8.10.2/CMakeFiles/CMakeTmp'
/home/shizhai/new_zhongwang/trunk/build_dir/host/cmake-2.8.10.2/Bootstrap.cmk/cmake -E cmake_progress_report /home/shizhai/new_zhongwang/trunk/build_dir/host/cmake-2.8.10.2/CMakeFiles/CMakeTmp/CMakeFiles 1
Building C object CMakeFiles/cmTryCompileExec44128407.dir/CheckIncludeFiles.c.o
/usr/bin/gcc    -o CMakeFiles/cmTryCompileExec44128407.dir/CheckIncludeFiles.c.o   -c /home/shizhai/new_zhongwang/trunk/build_dir/host/cmake-2.8.10.2/CMakeFiles/CMakeTmp/CheckIncludeFiles.c
/home/shizhai/new_zhongwang/trunk/build_dir/host/cmake-2.8.10.2/CMakeFiles/CMakeTmp/CheckIncludeFiles.c:38:18: fatal error: x509.h: No such file or directory
compilation terminated.
make[5]: *** [CMakeFiles/cmTryCompileExec44128407.dir/CheckIncludeFiles.c.o] Error 1
make[5]: Leaving directory `/home/shizhai/new_zhongwang/trunk/build_dir/host/cmake-2.8.10.2/CMakeFiles/CMakeTmp'
make[4]: *** [cmTryCompileExec44128407/fast] Error 2
make[4]: Leaving directory `/home/shizhai/new_zhongwang/trunk/build_dir/host/cmake-2.8.10.2/CMakeFiles/CMakeTmp'

Source:
/* */
#include <stdio.h>
#include <stddef.h>
#include <sys/types.h>
#include <inttypes.h>
#include <alloca.h>
#include <arpa/inet.h>
#include <dlfcn.h>
#include <fcntl.h>
#include <malloc.h>
#include <memory.h>
#include <netdb.h>
#include <sys/poll.h>
#include <assert.h>
#include <limits.h>
#include <sys/socket.h>
#include <netinet/in.h>
#include <net/if.h>
#include <netinet/if_ether.h>
#include <netinet/tcp.h>
#include <sys/select.h>
#include <utime.h>
#include <netinet/in.h>
#include <pwd.h>
#include <sgtty.h>
#include <stdint.h>
#include <stdlib.h>
#include <string.h>
#include <strings.h>
#include <sys/param.h>
#include <sys/stat.h>
#include <sys/time.h>
#include <sys/resource.h>
#include <termios.h>
#include <termio.h>
#include <time.h>
#include <unistd.h>
#include <x509.h>


int main(){return 0;}

Determining if files stdio.h;stddef.h;sys/types.h;inttypes.h;alloca.h;arpa/inet.h;dlfcn.h;fcntl.h;malloc.h;memory.h;netdb.h;sys/poll.h;assert.h;limits.h;sys/socket.h;netinet/in.h;net/if.h;netinet/if_ether.h;netinet/tcp.h;sys/select.h;utime.h;netinet/in.h;pwd.h;sgtty.h;stdint.h;stdlib.h;string.h;strings.h;sys/param.h;sys/stat.h;sys/time.h;sys/resource.h;termios.h;termio.h;time.h;unistd.h;locale.h;setjmp.h;signal.h;sys/ioctl.h;sys/utsname.h;idn-free.h exist failed with the following output:
Change Dir: /home/shizhai/new_zhongwang/trunk/build_dir/host/cmake-2.8.10.2/CMakeFiles/CMakeTmp

Run Build Command:/usr/bin/make "cmTryCompileExec403679306/fast"
make[4]: Entering directory `/home/shizhai/new_zhongwang/trunk/build_dir/host/cmake-2.8.10.2/CMakeFiles/CMakeTmp'
make -f CMakeFiles/cmTryCompileExec403679306.dir/build.make CMakeFiles/cmTryCompileExec403679306.dir/build
make[5]: Entering directory `/home/shizhai/new_zhongwang/trunk/build_dir/host/cmake-2.8.10.2/CMakeFiles/CMakeTmp'
/home/shizhai/new_zhongwang/trunk/build_dir/host/cmake-2.8.10.2/Bootstrap.cmk/cmake -E cmake_progress_report /home/shizhai/new_zhongwang/trunk/build_dir/host/cmake-2.8.10.2/CMakeFiles/CMakeTmp/CMakeFiles 1
Building C object CMakeFiles/cmTryCompileExec403679306.dir/CheckIncludeFiles.c.o
/usr/bin/gcc    -o CMakeFiles/cmTryCompileExec403679306.dir/CheckIncludeFiles.c.o   -c /home/shizhai/new_zhongwang/trunk/build_dir/host/cmake-2.8.10.2/CMakeFiles/CMakeTmp/CheckIncludeFiles.c
/home/shizhai/new_zhongwang/trunk/build_dir/host/cmake-2.8.10.2/CMakeFiles/CMakeTmp/CheckIncludeFiles.c:43:22: fatal error: idn-free.h: No such file or directory
compilation terminated.
make[5]: *** [CMakeFiles/cmTryCompileExec403679306.dir/CheckIncludeFiles.c.o] Error 1
make[5]: Leaving directory `/home/shizhai/new_zhongwang/trunk/build_dir/host/cmake-2.8.10.2/CMakeFiles/CMakeTmp'
make[4]: *** [cmTryCompileExec403679306/fast] Error 2
make[4]: Leaving directory `/home/shizhai/new_zhongwang/trunk/build_dir/host/cmake-2.8.10.2/CMakeFiles/CMakeTmp'

Source:
/* */
#include <stdio.h>
#include <stddef.h>
#include <sys/types.h>
#include <inttypes.h>
#include <alloca.h>
#include <arpa/inet.h>
#include <dlfcn.h>
#include <fcntl.h>
#include <malloc.h>
#include <memory.h>
#include <netdb.h>
#include <sys/poll.h>
#include <assert.h>
#include <limits.h>
#include <sys/socket.h>
#include <netinet/in.h>
#include <net/if.h>
#include <netinet/if_ether.h>
#include <netinet/tcp.h>
#include <sys/select.h>
#include <utime.h>
#include <netinet/in.h>
#include <pwd.h>
#include <sgtty.h>
#include <stdint.h>
#include <stdlib.h>
#include <string.h>
#include <strings.h>
#include <sys/param.h>
#include <sys/stat.h>
#include <sys/time.h>
#include <sys/resource.h>
#include <termios.h>
#include <termio.h>
#include <time.h>
#include <unistd.h>
#include <locale.h>
#include <setjmp.h>
#include <signal.h>
#include <sys/ioctl.h>
#include <sys/utsname.h>
#include <idn-free.h>


int main(){return 0;}

Determining if files stdio.h;stddef.h;sys/types.h;inttypes.h;alloca.h;arpa/inet.h;dlfcn.h;fcntl.h;malloc.h;memory.h;netdb.h;sys/poll.h;assert.h;limits.h;sys/socket.h;netinet/in.h;net/if.h;netinet/if_ether.h;netinet/tcp.h;sys/select.h;utime.h;netinet/in.h;pwd.h;sgtty.h;stdint.h;stdlib.h;string.h;strings.h;sys/param.h;sys/stat.h;sys/time.h;sys/resource.h;termios.h;termio.h;time.h;unistd.h;locale.h;setjmp.h;signal.h;sys/ioctl.h;sys/utsname.h;idna.h exist failed with the following output:
Change Dir: /home/shizhai/new_zhongwang/trunk/build_dir/host/cmake-2.8.10.2/CMakeFiles/CMakeTmp

Run Build Command:/usr/bin/make "cmTryCompileExec2178541540/fast"
make[4]: Entering directory `/home/shizhai/new_zhongwang/trunk/build_dir/host/cmake-2.8.10.2/CMakeFiles/CMakeTmp'
make -f CMakeFiles/cmTryCompileExec2178541540.dir/build.make CMakeFiles/cmTryCompileExec2178541540.dir/build
make[5]: Entering directory `/home/shizhai/new_zhongwang/trunk/build_dir/host/cmake-2.8.10.2/CMakeFiles/CMakeTmp'
/home/shizhai/new_zhongwang/trunk/build_dir/host/cmake-2.8.10.2/Bootstrap.cmk/cmake -E cmake_progress_report /home/shizhai/new_zhongwang/trunk/build_dir/host/cmake-2.8.10.2/CMakeFiles/CMakeTmp/CMakeFiles 1
Building C object CMakeFiles/cmTryCompileExec2178541540.dir/CheckIncludeFiles.c.o
/usr/bin/gcc    -o CMakeFiles/cmTryCompileExec2178541540.dir/CheckIncludeFiles.c.o   -c /home/shizhai/new_zhongwang/trunk/build_dir/host/cmake-2.8.10.2/CMakeFiles/CMakeTmp/CheckIncludeFiles.c
/home/shizhai/new_zhongwang/trunk/build_dir/host/cmake-2.8.10.2/CMakeFiles/CMakeTmp/CheckIncludeFiles.c:43:18: fatal error: idna.h: No such file or directory
compilation terminated.
make[5]: *** [CMakeFiles/cmTryCompileExec2178541540.dir/CheckIncludeFiles.c.o] Error 1
make[5]: Leaving directory `/home/shizhai/new_zhongwang/trunk/build_dir/host/cmake-2.8.10.2/CMakeFiles/CMakeTmp'
make[4]: *** [cmTryCompileExec2178541540/fast] Error 2
make[4]: Leaving directory `/home/shizhai/new_zhongwang/trunk/build_dir/host/cmake-2.8.10.2/CMakeFiles/CMakeTmp'

Source:
/* */
#include <stdio.h>
#include <stddef.h>
#include <sys/types.h>
#include <inttypes.h>
#include <alloca.h>
#include <arpa/inet.h>
#include <dlfcn.h>
#include <fcntl.h>
#include <malloc.h>
#include <memory.h>
#include <netdb.h>
#include <sys/poll.h>
#include <assert.h>
#include <limits.h>
#include <sys/socket.h>
#include <netinet/in.h>
#include <net/if.h>
#include <netinet/if_ether.h>
#include <netinet/tcp.h>
#include <sys/select.h>
#include <utime.h>
#include <netinet/in.h>
#include <pwd.h>
#include <sgtty.h>
#include <stdint.h>
#include <stdlib.h>
#include <string.h>
#include <strings.h>
#include <sys/param.h>
#include <sys/stat.h>
#include <sys/time.h>
#include <sys/resource.h>
#include <termios.h>
#include <termio.h>
#include <time.h>
#include <unistd.h>
#include <locale.h>
#include <setjmp.h>
#include <signal.h>
#include <sys/ioctl.h>
#include <sys/utsname.h>
#include <idna.h>


int main(){return 0;}

Determining if files stdio.h;stddef.h;sys/types.h;inttypes.h;alloca.h;arpa/inet.h;dlfcn.h;fcntl.h;malloc.h;memory.h;netdb.h;sys/poll.h;assert.h;limits.h;sys/socket.h;netinet/in.h;net/if.h;netinet/if_ether.h;netinet/tcp.h;sys/select.h;utime.h;netinet/in.h;pwd.h;sgtty.h;stdint.h;stdlib.h;string.h;strings.h;sys/param.h;sys/stat.h;sys/time.h;sys/resource.h;termios.h;termio.h;time.h;unistd.h;locale.h;setjmp.h;signal.h;sys/ioctl.h;sys/utsname.h;tld.h exist failed with the following output:
Change Dir: /home/shizhai/new_zhongwang/trunk/build_dir/host/cmake-2.8.10.2/CMakeFiles/CMakeTmp

Run Build Command:/usr/bin/make "cmTryCompileExec1008753561/fast"
make[4]: Entering directory `/home/shizhai/new_zhongwang/trunk/build_dir/host/cmake-2.8.10.2/CMakeFiles/CMakeTmp'
make -f CMakeFiles/cmTryCompileExec1008753561.dir/build.make CMakeFiles/cmTryCompileExec1008753561.dir/build
make[5]: Entering directory `/home/shizhai/new_zhongwang/trunk/build_dir/host/cmake-2.8.10.2/CMakeFiles/CMakeTmp'
/home/shizhai/new_zhongwang/trunk/build_dir/host/cmake-2.8.10.2/Bootstrap.cmk/cmake -E cmake_progress_report /home/shizhai/new_zhongwang/trunk/build_dir/host/cmake-2.8.10.2/CMakeFiles/CMakeTmp/CMakeFiles 1
Building C object CMakeFiles/cmTryCompileExec1008753561.dir/CheckIncludeFiles.c.o
/usr/bin/gcc    -o CMakeFiles/cmTryCompileExec1008753561.dir/CheckIncludeFiles.c.o   -c /home/shizhai/new_zhongwang/trunk/build_dir/host/cmake-2.8.10.2/CMakeFiles/CMakeTmp/CheckIncludeFiles.c
/home/shizhai/new_zhongwang/trunk/build_dir/host/cmake-2.8.10.2/CMakeFiles/CMakeTmp/CheckIncludeFiles.c:43:17: fatal error: tld.h: No such file or directory
compilation terminated.
make[5]: *** [CMakeFiles/cmTryCompileExec1008753561.dir/CheckIncludeFiles.c.o] Error 1
make[5]: Leaving directory `/home/shizhai/new_zhongwang/trunk/build_dir/host/cmake-2.8.10.2/CMakeFiles/CMakeTmp'
make[4]: *** [cmTryCompileExec1008753561/fast] Error 2
make[4]: Leaving directory `/home/shizhai/new_zhongwang/trunk/build_dir/host/cmake-2.8.10.2/CMakeFiles/CMakeTmp'

Source:
/* */
#include <stdio.h>
#include <stddef.h>
#include <sys/types.h>
#include <inttypes.h>
#include <alloca.h>
#include <arpa/inet.h>
#include <dlfcn.h>
#include <fcntl.h>
#include <malloc.h>
#include <memory.h>
#include <netdb.h>
#include <sys/poll.h>
#include <assert.h>
#include <limits.h>
#include <sys/socket.h>
#include <netinet/in.h>
#include <net/if.h>
#include <netinet/if_ether.h>
#include <netinet/tcp.h>
#include <sys/select.h>
#include <utime.h>
#include <netinet/in.h>
#include <pwd.h>
#include <sgtty.h>
#include <stdint.h>
#include <stdlib.h>
#include <string.h>
#include <strings.h>
#include <sys/param.h>
#include <sys/stat.h>
#include <sys/time.h>
#include <sys/resource.h>
#include <termios.h>
#include <termio.h>
#include <time.h>
#include <unistd.h>
#include <locale.h>
#include <setjmp.h>
#include <signal.h>
#include <sys/ioctl.h>
#include <sys/utsname.h>
#include <tld.h>


int main(){return 0;}

Determining if files stdio.h;stddef.h;sys/types.h;inttypes.h;alloca.h;arpa/inet.h;dlfcn.h;fcntl.h;malloc.h;memory.h;netdb.h;sys/poll.h;assert.h;limits.h;sys/socket.h;netinet/in.h;net/if.h;netinet/if_ether.h;netinet/tcp.h;sys/select.h;utime.h;netinet/in.h;pwd.h;sgtty.h;stdint.h;stdlib.h;string.h;strings.h;sys/param.h;sys/stat.h;sys/time.h;sys/resource.h;termios.h;termio.h;time.h;unistd.h;locale.h;setjmp.h;signal.h;sys/ioctl.h;sys/utsname.h;arpa/tftp.h;errno.h;libgen.h;sys/filio.h exist failed with the following output:
Change Dir: /home/shizhai/new_zhongwang/trunk/build_dir/host/cmake-2.8.10.2/CMakeFiles/CMakeTmp

Run Build Command:/usr/bin/make "cmTryCompileExec129636364/fast"
make[4]: Entering directory `/home/shizhai/new_zhongwang/trunk/build_dir/host/cmake-2.8.10.2/CMakeFiles/CMakeTmp'
make -f CMakeFiles/cmTryCompileExec129636364.dir/build.make CMakeFiles/cmTryCompileExec129636364.dir/build
make[5]: Entering directory `/home/shizhai/new_zhongwang/trunk/build_dir/host/cmake-2.8.10.2/CMakeFiles/CMakeTmp'
/home/shizhai/new_zhongwang/trunk/build_dir/host/cmake-2.8.10.2/Bootstrap.cmk/cmake -E cmake_progress_report /home/shizhai/new_zhongwang/trunk/build_dir/host/cmake-2.8.10.2/CMakeFiles/CMakeTmp/CMakeFiles 1
Building C object CMakeFiles/cmTryCompileExec129636364.dir/CheckIncludeFiles.c.o
/usr/bin/gcc    -o CMakeFiles/cmTryCompileExec129636364.dir/CheckIncludeFiles.c.o   -c /home/shizhai/new_zhongwang/trunk/build_dir/host/cmake-2.8.10.2/CMakeFiles/CMakeTmp/CheckIncludeFiles.c
/home/shizhai/new_zhongwang/trunk/build_dir/host/cmake-2.8.10.2/CMakeFiles/CMakeTmp/CheckIncludeFiles.c:46:23: fatal error: sys/filio.h: No such file or directory
compilation terminated.
make[5]: *** [CMakeFiles/cmTryCompileExec129636364.dir/CheckIncludeFiles.c.o] Error 1
make[5]: Leaving directory `/home/shizhai/new_zhongwang/trunk/build_dir/host/cmake-2.8.10.2/CMakeFiles/CMakeTmp'
make[4]: *** [cmTryCompileExec129636364/fast] Error 2
make[4]: Leaving directory `/home/shizhai/new_zhongwang/trunk/build_dir/host/cmake-2.8.10.2/CMakeFiles/CMakeTmp'

Source:
/* */
#include <stdio.h>
#include <stddef.h>
#include <sys/types.h>
#include <inttypes.h>
#include <alloca.h>
#include <arpa/inet.h>
#include <dlfcn.h>
#include <fcntl.h>
#include <malloc.h>
#include <memory.h>
#include <netdb.h>
#include <sys/poll.h>
#include <assert.h>
#include <limits.h>
#include <sys/socket.h>
#include <netinet/in.h>
#include <net/if.h>
#include <netinet/if_ether.h>
#include <netinet/tcp.h>
#include <sys/select.h>
#include <utime.h>
#include <netinet/in.h>
#include <pwd.h>
#include <sgtty.h>
#include <stdint.h>
#include <stdlib.h>
#include <string.h>
#include <strings.h>
#include <sys/param.h>
#include <sys/stat.h>
#include <sys/time.h>
#include <sys/resource.h>
#include <termios.h>
#include <termio.h>
#include <time.h>
#include <unistd.h>
#include <locale.h>
#include <setjmp.h>
#include <signal.h>
#include <sys/ioctl.h>
#include <sys/utsname.h>
#include <arpa/tftp.h>
#include <errno.h>
#include <libgen.h>
#include <sys/filio.h>


int main(){return 0;}

Determining size of __int64 failed with the following output:
Change Dir: /home/shizhai/new_zhongwang/trunk/build_dir/host/cmake-2.8.10.2/CMakeFiles/CMakeTmp

Run Build Command:/usr/bin/make "cmTryCompileExec397289372/fast"
make[4]: Entering directory `/home/shizhai/new_zhongwang/trunk/build_dir/host/cmake-2.8.10.2/CMakeFiles/CMakeTmp'
make -f CMakeFiles/cmTryCompileExec397289372.dir/build.make CMakeFiles/cmTryCompileExec397289372.dir/build
make[5]: Entering directory `/home/shizhai/new_zhongwang/trunk/build_dir/host/cmake-2.8.10.2/CMakeFiles/CMakeTmp'
/home/shizhai/new_zhongwang/trunk/build_dir/host/cmake-2.8.10.2/Bootstrap.cmk/cmake -E cmake_progress_report /home/shizhai/new_zhongwang/trunk/build_dir/host/cmake-2.8.10.2/CMakeFiles/CMakeTmp/CMakeFiles 1
Building C object CMakeFiles/cmTryCompileExec397289372.dir/SIZEOF___INT64.c.o
/usr/bin/gcc    -o CMakeFiles/cmTryCompileExec397289372.dir/SIZEOF___INT64.c.o   -c /home/shizhai/new_zhongwang/trunk/build_dir/host/cmake-2.8.10.2/CMakeFiles/CheckTypeSize/SIZEOF___INT64.c
/home/shizhai/new_zhongwang/trunk/build_dir/host/cmake-2.8.10.2/CMakeFiles/CheckTypeSize/SIZEOF___INT64.c:19:12: error: '__int64' undeclared here (not in a function)
make[5]: *** [CMakeFiles/cmTryCompileExec397289372.dir/SIZEOF___INT64.c.o] Error 1
make[5]: Leaving directory `/home/shizhai/new_zhongwang/trunk/build_dir/host/cmake-2.8.10.2/CMakeFiles/CMakeTmp'
make[4]: Leaving directory `/home/shizhai/new_zhongwang/trunk/build_dir/host/cmake-2.8.10.2/CMakeFiles/CMakeTmp'
make[4]: *** [cmTryCompileExec397289372/fast] Error 2

/home/shizhai/new_zhongwang/trunk/build_dir/host/cmake-2.8.10.2/CMakeFiles/CheckTypeSize/SIZEOF___INT64.c:
#include <sys/types.h>
#include <stdint.h>
#include <stddef.h>


#undef KEY
#if defined(__i386)
# define KEY '_','_','i','3','8','6'
#elif defined(__x86_64)
# define KEY '_','_','x','8','6','_','6','4'
#elif defined(__ppc__)
# define KEY '_','_','p','p','c','_','_'
#elif defined(__ppc64__)
# define KEY '_','_','p','p','c','6','4','_','_'
#endif

#define SIZE (sizeof(__int64))
char info_size[] =  {'I', 'N', 'F', 'O', ':', 's','i','z','e','[',
  ('0' + ((SIZE / 10000)%10)),
  ('0' + ((SIZE / 1000)%10)),
  ('0' + ((SIZE / 100)%10)),
  ('0' + ((SIZE / 10)%10)),
  ('0' +  (SIZE    % 10)),
  ']',
#ifdef KEY
  ' ','k','e','y','[', KEY, ']',
#endif
  '\0'};

#ifdef __CLASSIC_C__
int main(argc, argv) int argc; char *argv[];
#else
int main(int argc, char *argv[])
#endif
{
  int require = 0;
  require += info_size[argc];
  (void)argv;
  return require;
}


Determining if the stricmp exist failed with the following output:
Change Dir: /home/shizhai/new_zhongwang/trunk/build_dir/host/cmake-2.8.10.2/CMakeFiles/CMakeTmp

Run Build Command:/usr/bin/make "cmTryCompileExec2281866568/fast"
make[4]: Entering directory `/home/shizhai/new_zhongwang/trunk/build_dir/host/cmake-2.8.10.2/CMakeFiles/CMakeTmp'
make -f CMakeFiles/cmTryCompileExec2281866568.dir/build.make CMakeFiles/cmTryCompileExec2281866568.dir/build
make[5]: Entering directory `/home/shizhai/new_zhongwang/trunk/build_dir/host/cmake-2.8.10.2/CMakeFiles/CMakeTmp'
/home/shizhai/new_zhongwang/trunk/build_dir/host/cmake-2.8.10.2/Bootstrap.cmk/cmake -E cmake_progress_report /home/shizhai/new_zhongwang/trunk/build_dir/host/cmake-2.8.10.2/CMakeFiles/CMakeTmp/CMakeFiles 1
Building C object CMakeFiles/cmTryCompileExec2281866568.dir/CheckSymbolExists.c.o
/usr/bin/gcc    -o CMakeFiles/cmTryCompileExec2281866568.dir/CheckSymbolExists.c.o   -c /home/shizhai/new_zhongwang/trunk/build_dir/host/cmake-2.8.10.2/CMakeFiles/CMakeTmp/CheckSymbolExists.c
/home/shizhai/new_zhongwang/trunk/build_dir/host/cmake-2.8.10.2/CMakeFiles/CMakeTmp/CheckSymbolExists.c: In function 'main':
/home/shizhai/new_zhongwang/trunk/build_dir/host/cmake-2.8.10.2/CMakeFiles/CMakeTmp/CheckSymbolExists.c:51:19: error: 'stricmp' undeclared (first use in this function)
/home/shizhai/new_zhongwang/trunk/build_dir/host/cmake-2.8.10.2/CMakeFiles/CMakeTmp/CheckSymbolExists.c:51:19: note: each undeclared identifier is reported only once for each function it appears in
make[5]: *** [CMakeFiles/cmTryCompileExec2281866568.dir/CheckSymbolExists.c.o] Error 1
make[5]: Leaving directory `/home/shizhai/new_zhongwang/trunk/build_dir/host/cmake-2.8.10.2/CMakeFiles/CMakeTmp'
make[4]: *** [cmTryCompileExec2281866568/fast] Error 2
make[4]: Leaving directory `/home/shizhai/new_zhongwang/trunk/build_dir/host/cmake-2.8.10.2/CMakeFiles/CMakeTmp'

File /home/shizhai/new_zhongwang/trunk/build_dir/host/cmake-2.8.10.2/CMakeFiles/CMakeTmp/CheckSymbolExists.c:
/* */
#include <stdio.h>
#include <stddef.h>
#include <sys/types.h>
#include <inttypes.h>
#include <alloca.h>
#include <arpa/inet.h>
#include <dlfcn.h>
#include <fcntl.h>
#include <malloc.h>
#include <memory.h>
#include <netdb.h>
#include <sys/poll.h>
#include <assert.h>
#include <limits.h>
#include <sys/socket.h>
#include <netinet/in.h>
#include <net/if.h>
#include <netinet/if_ether.h>
#include <netinet/tcp.h>
#include <sys/select.h>
#include <utime.h>
#include <netinet/in.h>
#include <pwd.h>
#include <sgtty.h>
#include <stdint.h>
#include <stdlib.h>
#include <string.h>
#include <strings.h>
#include <sys/param.h>
#include <sys/stat.h>
#include <sys/time.h>
#include <sys/resource.h>
#include <termios.h>
#include <termio.h>
#include <time.h>
#include <unistd.h>
#include <locale.h>
#include <setjmp.h>
#include <signal.h>
#include <sys/ioctl.h>
#include <sys/utsname.h>
#include <arpa/tftp.h>
#include <errno.h>
#include <libgen.h>

int main(int argc, char** argv)
{
  (void)argv;
#ifndef stricmp
  return ((int*)(&stricmp))[argc];
#else
  (void)argc;
  return 0;
#endif
}

Determining if the strcmpi exist failed with the following output:
Change Dir: /home/shizhai/new_zhongwang/trunk/build_dir/host/cmake-2.8.10.2/CMakeFiles/CMakeTmp

Run Build Command:/usr/bin/make "cmTryCompileExec3347397243/fast"
make[4]: Entering directory `/home/shizhai/new_zhongwang/trunk/build_dir/host/cmake-2.8.10.2/CMakeFiles/CMakeTmp'
make -f CMakeFiles/cmTryCompileExec3347397243.dir/build.make CMakeFiles/cmTryCompileExec3347397243.dir/build
make[5]: Entering directory `/home/shizhai/new_zhongwang/trunk/build_dir/host/cmake-2.8.10.2/CMakeFiles/CMakeTmp'
/home/shizhai/new_zhongwang/trunk/build_dir/host/cmake-2.8.10.2/Bootstrap.cmk/cmake -E cmake_progress_report /home/shizhai/new_zhongwang/trunk/build_dir/host/cmake-2.8.10.2/CMakeFiles/CMakeTmp/CMakeFiles 1
Building C object CMakeFiles/cmTryCompileExec3347397243.dir/CheckSymbolExists.c.o
/usr/bin/gcc    -o CMakeFiles/cmTryCompileExec3347397243.dir/CheckSymbolExists.c.o   -c /home/shizhai/new_zhongwang/trunk/build_dir/host/cmake-2.8.10.2/CMakeFiles/CMakeTmp/CheckSymbolExists.c
/home/shizhai/new_zhongwang/trunk/build_dir/host/cmake-2.8.10.2/CMakeFiles/CMakeTmp/CheckSymbolExists.c: In function 'main':
/home/shizhai/new_zhongwang/trunk/build_dir/host/cmake-2.8.10.2/CMakeFiles/CMakeTmp/CheckSymbolExists.c:51:19: error: 'strcmpi' undeclared (first use in this function)
/home/shizhai/new_zhongwang/trunk/build_dir/host/cmake-2.8.10.2/CMakeFiles/CMakeTmp/CheckSymbolExists.c:51:19: note: each undeclared identifier is reported only once for each function it appears in
make[5]: *** [CMakeFiles/cmTryCompileExec3347397243.dir/CheckSymbolExists.c.o] Error 1
make[5]: Leaving directory `/home/shizhai/new_zhongwang/trunk/build_dir/host/cmake-2.8.10.2/CMakeFiles/CMakeTmp'
make[4]: *** [cmTryCompileExec3347397243/fast] Error 2
make[4]: Leaving directory `/home/shizhai/new_zhongwang/trunk/build_dir/host/cmake-2.8.10.2/CMakeFiles/CMakeTmp'

File /home/shizhai/new_zhongwang/trunk/build_dir/host/cmake-2.8.10.2/CMakeFiles/CMakeTmp/CheckSymbolExists.c:
/* */
#include <stdio.h>
#include <stddef.h>
#include <sys/types.h>
#include <inttypes.h>
#include <alloca.h>
#include <arpa/inet.h>
#include <dlfcn.h>
#include <fcntl.h>
#include <malloc.h>
#include <memory.h>
#include <netdb.h>
#include <sys/poll.h>
#include <assert.h>
#include <limits.h>
#include <sys/socket.h>
#include <netinet/in.h>
#include <net/if.h>
#include <netinet/if_ether.h>
#include <netinet/tcp.h>
#include <sys/select.h>
#include <utime.h>
#include <netinet/in.h>
#include <pwd.h>
#include <sgtty.h>
#include <stdint.h>
#include <stdlib.h>
#include <string.h>
#include <strings.h>
#include <sys/param.h>
#include <sys/stat.h>
#include <sys/time.h>
#include <sys/resource.h>
#include <termios.h>
#include <termio.h>
#include <time.h>
#include <unistd.h>
#include <locale.h>
#include <setjmp.h>
#include <signal.h>
#include <sys/ioctl.h>
#include <sys/utsname.h>
#include <arpa/tftp.h>
#include <errno.h>
#include <libgen.h>

int main(int argc, char** argv)
{
  (void)argv;
#ifndef strcmpi
  return ((int*)(&strcmpi))[argc];
#else
  (void)argc;
  return 0;
#endif
}

Determining if the strncmpi exist failed with the following output:
Change Dir: /home/shizhai/new_zhongwang/trunk/build_dir/host/cmake-2.8.10.2/CMakeFiles/CMakeTmp

Run Build Command:/usr/bin/make "cmTryCompileExec1995665364/fast"
make[4]: Entering directory `/home/shizhai/new_zhongwang/trunk/build_dir/host/cmake-2.8.10.2/CMakeFiles/CMakeTmp'
make -f CMakeFiles/cmTryCompileExec1995665364.dir/build.make CMakeFiles/cmTryCompileExec1995665364.dir/build
make[5]: Entering directory `/home/shizhai/new_zhongwang/trunk/build_dir/host/cmake-2.8.10.2/CMakeFiles/CMakeTmp'
/home/shizhai/new_zhongwang/trunk/build_dir/host/cmake-2.8.10.2/Bootstrap.cmk/cmake -E cmake_progress_report /home/shizhai/new_zhongwang/trunk/build_dir/host/cmake-2.8.10.2/CMakeFiles/CMakeTmp/CMakeFiles 1
Building C object CMakeFiles/cmTryCompileExec1995665364.dir/CheckSymbolExists.c.o
/usr/bin/gcc    -o CMakeFiles/cmTryCompileExec1995665364.dir/CheckSymbolExists.c.o   -c /home/shizhai/new_zhongwang/trunk/build_dir/host/cmake-2.8.10.2/CMakeFiles/CMakeTmp/CheckSymbolExists.c
/home/shizhai/new_zhongwang/trunk/build_dir/host/cmake-2.8.10.2/CMakeFiles/CMakeTmp/CheckSymbolExists.c: In function 'main':
/home/shizhai/new_zhongwang/trunk/build_dir/host/cmake-2.8.10.2/CMakeFiles/CMakeTmp/CheckSymbolExists.c:51:19: error: 'strncmpi' undeclared (first use in this function)
/home/shizhai/new_zhongwang/trunk/build_dir/host/cmake-2.8.10.2/CMakeFiles/CMakeTmp/CheckSymbolExists.c:51:19: note: each undeclared identifier is reported only once for each function it appears in
make[5]: *** [CMakeFiles/cmTryCompileExec1995665364.dir/CheckSymbolExists.c.o] Error 1
make[5]: Leaving directory `/home/shizhai/new_zhongwang/trunk/build_dir/host/cmake-2.8.10.2/CMakeFiles/CMakeTmp'
make[4]: *** [cmTryCompileExec1995665364/fast] Error 2
make[4]: Leaving directory `/home/shizhai/new_zhongwang/trunk/build_dir/host/cmake-2.8.10.2/CMakeFiles/CMakeTmp'

File /home/shizhai/new_zhongwang/trunk/build_dir/host/cmake-2.8.10.2/CMakeFiles/CMakeTmp/CheckSymbolExists.c:
/* */
#include <stdio.h>
#include <stddef.h>
#include <sys/types.h>
#include <inttypes.h>
#include <alloca.h>
#include <arpa/inet.h>
#include <dlfcn.h>
#include <fcntl.h>
#include <malloc.h>
#include <memory.h>
#include <netdb.h>
#include <sys/poll.h>
#include <assert.h>
#include <limits.h>
#include <sys/socket.h>
#include <netinet/in.h>
#include <net/if.h>
#include <netinet/if_ether.h>
#include <netinet/tcp.h>
#include <sys/select.h>
#include <utime.h>
#include <netinet/in.h>
#include <pwd.h>
#include <sgtty.h>
#include <stdint.h>
#include <stdlib.h>
#include <string.h>
#include <strings.h>
#include <sys/param.h>
#include <sys/stat.h>
#include <sys/time.h>
#include <sys/resource.h>
#include <termios.h>
#include <termio.h>
#include <time.h>
#include <unistd.h>
#include <locale.h>
#include <setjmp.h>
#include <signal.h>
#include <sys/ioctl.h>
#include <sys/utsname.h>
#include <arpa/tftp.h>
#include <errno.h>
#include <libgen.h>

int main(int argc, char** argv)
{
  (void)argv;
#ifndef strncmpi
  return ((int*)(&strncmpi))[argc];
#else
  (void)argc;
  return 0;
#endif
}

Determining if the inet_ntoa_r exist failed with the following output:
Change Dir: /home/shizhai/new_zhongwang/trunk/build_dir/host/cmake-2.8.10.2/CMakeFiles/CMakeTmp

Run Build Command:/usr/bin/make "cmTryCompileExec2706587252/fast"
make[4]: Entering directory `/home/shizhai/new_zhongwang/trunk/build_dir/host/cmake-2.8.10.2/CMakeFiles/CMakeTmp'
make -f CMakeFiles/cmTryCompileExec2706587252.dir/build.make CMakeFiles/cmTryCompileExec2706587252.dir/build
make[5]: Entering directory `/home/shizhai/new_zhongwang/trunk/build_dir/host/cmake-2.8.10.2/CMakeFiles/CMakeTmp'
/home/shizhai/new_zhongwang/trunk/build_dir/host/cmake-2.8.10.2/Bootstrap.cmk/cmake -E cmake_progress_report /home/shizhai/new_zhongwang/trunk/build_dir/host/cmake-2.8.10.2/CMakeFiles/CMakeTmp/CMakeFiles 1
Building C object CMakeFiles/cmTryCompileExec2706587252.dir/CheckSymbolExists.c.o
/usr/bin/gcc    -o CMakeFiles/cmTryCompileExec2706587252.dir/CheckSymbolExists.c.o   -c /home/shizhai/new_zhongwang/trunk/build_dir/host/cmake-2.8.10.2/CMakeFiles/CMakeTmp/CheckSymbolExists.c
/home/shizhai/new_zhongwang/trunk/build_dir/host/cmake-2.8.10.2/CMakeFiles/CMakeTmp/CheckSymbolExists.c: In function 'main':
/home/shizhai/new_zhongwang/trunk/build_dir/host/cmake-2.8.10.2/CMakeFiles/CMakeTmp/CheckSymbolExists.c:51:19: error: 'inet_ntoa_r' undeclared (first use in this function)
/home/shizhai/new_zhongwang/trunk/build_dir/host/cmake-2.8.10.2/CMakeFiles/CMakeTmp/CheckSymbolExists.c:51:19: note: each undeclared identifier is reported only once for each function it appears in
make[5]: *** [CMakeFiles/cmTryCompileExec2706587252.dir/CheckSymbolExists.c.o] Error 1
make[5]: Leaving directory `/home/shizhai/new_zhongwang/trunk/build_dir/host/cmake-2.8.10.2/CMakeFiles/CMakeTmp'
make[4]: *** [cmTryCompileExec2706587252/fast] Error 2
make[4]: Leaving directory `/home/shizhai/new_zhongwang/trunk/build_dir/host/cmake-2.8.10.2/CMakeFiles/CMakeTmp'

File /home/shizhai/new_zhongwang/trunk/build_dir/host/cmake-2.8.10.2/CMakeFiles/CMakeTmp/CheckSymbolExists.c:
/* */
#include <stdio.h>
#include <stddef.h>
#include <sys/types.h>
#include <inttypes.h>
#include <alloca.h>
#include <arpa/inet.h>
#include <dlfcn.h>
#include <fcntl.h>
#include <malloc.h>
#include <memory.h>
#include <netdb.h>
#include <sys/poll.h>
#include <assert.h>
#include <limits.h>
#include <sys/socket.h>
#include <netinet/in.h>
#include <net/if.h>
#include <netinet/if_ether.h>
#include <netinet/tcp.h>
#include <sys/select.h>
#include <utime.h>
#include <netinet/in.h>
#include <pwd.h>
#include <sgtty.h>
#include <stdint.h>
#include <stdlib.h>
#include <string.h>
#include <strings.h>
#include <sys/param.h>
#include <sys/stat.h>
#include <sys/time.h>
#include <sys/resource.h>
#include <termios.h>
#include <termio.h>
#include <time.h>
#include <unistd.h>
#include <locale.h>
#include <setjmp.h>
#include <signal.h>
#include <sys/ioctl.h>
#include <sys/utsname.h>
#include <arpa/tftp.h>
#include <errno.h>
#include <libgen.h>

int main(int argc, char** argv)
{
  (void)argv;
#ifndef inet_ntoa_r
  return ((int*)(&inet_ntoa_r))[argc];
#else
  (void)argc;
  return 0;
#endif
}

Determining if the closesocket exist failed with the following output:
Change Dir: /home/shizhai/new_zhongwang/trunk/build_dir/host/cmake-2.8.10.2/CMakeFiles/CMakeTmp

Run Build Command:/usr/bin/make "cmTryCompileExec897347074/fast"
make[4]: Entering directory `/home/shizhai/new_zhongwang/trunk/build_dir/host/cmake-2.8.10.2/CMakeFiles/CMakeTmp'
make -f CMakeFiles/cmTryCompileExec897347074.dir/build.make CMakeFiles/cmTryCompileExec897347074.dir/build
make[5]: Entering directory `/home/shizhai/new_zhongwang/trunk/build_dir/host/cmake-2.8.10.2/CMakeFiles/CMakeTmp'
/home/shizhai/new_zhongwang/trunk/build_dir/host/cmake-2.8.10.2/Bootstrap.cmk/cmake -E cmake_progress_report /home/shizhai/new_zhongwang/trunk/build_dir/host/cmake-2.8.10.2/CMakeFiles/CMakeTmp/CMakeFiles 1
Building C object CMakeFiles/cmTryCompileExec897347074.dir/CheckSymbolExists.c.o
/usr/bin/gcc    -o CMakeFiles/cmTryCompileExec897347074.dir/CheckSymbolExists.c.o   -c /home/shizhai/new_zhongwang/trunk/build_dir/host/cmake-2.8.10.2/CMakeFiles/CMakeTmp/CheckSymbolExists.c
/home/shizhai/new_zhongwang/trunk/build_dir/host/cmake-2.8.10.2/CMakeFiles/CMakeTmp/CheckSymbolExists.c: In function 'main':
/home/shizhai/new_zhongwang/trunk/build_dir/host/cmake-2.8.10.2/CMakeFiles/CMakeTmp/CheckSymbolExists.c:51:19: error: 'closesocket' undeclared (first use in this function)
/home/shizhai/new_zhongwang/trunk/build_dir/host/cmake-2.8.10.2/CMakeFiles/CMakeTmp/CheckSymbolExists.c:51:19: note: each undeclared identifier is reported only once for each function it appears in
make[5]: *** [CMakeFiles/cmTryCompileExec897347074.dir/CheckSymbolExists.c.o] Error 1
make[5]: Leaving directory `/home/shizhai/new_zhongwang/trunk/build_dir/host/cmake-2.8.10.2/CMakeFiles/CMakeTmp'
make[4]: *** [cmTryCompileExec897347074/fast] Error 2
make[4]: Leaving directory `/home/shizhai/new_zhongwang/trunk/build_dir/host/cmake-2.8.10.2/CMakeFiles/CMakeTmp'

File /home/shizhai/new_zhongwang/trunk/build_dir/host/cmake-2.8.10.2/CMakeFiles/CMakeTmp/CheckSymbolExists.c:
/* */
#include <stdio.h>
#include <stddef.h>
#include <sys/types.h>
#include <inttypes.h>
#include <alloca.h>
#include <arpa/inet.h>
#include <dlfcn.h>
#include <fcntl.h>
#include <malloc.h>
#include <memory.h>
#include <netdb.h>
#include <sys/poll.h>
#include <assert.h>
#include <limits.h>
#include <sys/socket.h>
#include <netinet/in.h>
#include <net/if.h>
#include <netinet/if_ether.h>
#include <netinet/tcp.h>
#include <sys/select.h>
#include <utime.h>
#include <netinet/in.h>
#include <pwd.h>
#include <sgtty.h>
#include <stdint.h>
#include <stdlib.h>
#include <string.h>
#include <strings.h>
#include <sys/param.h>
#include <sys/stat.h>
#include <sys/time.h>
#include <sys/resource.h>
#include <termios.h>
#include <termio.h>
#include <time.h>
#include <unistd.h>
#include <locale.h>
#include <setjmp.h>
#include <signal.h>
#include <sys/ioctl.h>
#include <sys/utsname.h>
#include <arpa/tftp.h>
#include <errno.h>
#include <libgen.h>

int main(int argc, char** argv)
{
  (void)argv;
#ifndef closesocket
  return ((int*)(&closesocket))[argc];
#else
  (void)argc;
  return 0;
#endif
}

Determining if the getpass_r exist failed with the following output:
Change Dir: /home/shizhai/new_zhongwang/trunk/build_dir/host/cmake-2.8.10.2/CMakeFiles/CMakeTmp

Run Build Command:/usr/bin/make "cmTryCompileExec2435100217/fast"
make[4]: Entering directory `/home/shizhai/new_zhongwang/trunk/build_dir/host/cmake-2.8.10.2/CMakeFiles/CMakeTmp'
make -f CMakeFiles/cmTryCompileExec2435100217.dir/build.make CMakeFiles/cmTryCompileExec2435100217.dir/build
make[5]: Entering directory `/home/shizhai/new_zhongwang/trunk/build_dir/host/cmake-2.8.10.2/CMakeFiles/CMakeTmp'
/home/shizhai/new_zhongwang/trunk/build_dir/host/cmake-2.8.10.2/Bootstrap.cmk/cmake -E cmake_progress_report /home/shizhai/new_zhongwang/trunk/build_dir/host/cmake-2.8.10.2/CMakeFiles/CMakeTmp/CMakeFiles 1
Building C object CMakeFiles/cmTryCompileExec2435100217.dir/CheckSymbolExists.c.o
/usr/bin/gcc    -o CMakeFiles/cmTryCompileExec2435100217.dir/CheckSymbolExists.c.o   -c /home/shizhai/new_zhongwang/trunk/build_dir/host/cmake-2.8.10.2/CMakeFiles/CMakeTmp/CheckSymbolExists.c
/home/shizhai/new_zhongwang/trunk/build_dir/host/cmake-2.8.10.2/CMakeFiles/CMakeTmp/CheckSymbolExists.c: In function 'main':
/home/shizhai/new_zhongwang/trunk/build_dir/host/cmake-2.8.10.2/CMakeFiles/CMakeTmp/CheckSymbolExists.c:51:19: error: 'getpass_r' undeclared (first use in this function)
/home/shizhai/new_zhongwang/trunk/build_dir/host/cmake-2.8.10.2/CMakeFiles/CMakeTmp/CheckSymbolExists.c:51:19: note: each undeclared identifier is reported only once for each function it appears in
make[5]: *** [CMakeFiles/cmTryCompileExec2435100217.dir/CheckSymbolExists.c.o] Error 1
make[5]: Leaving directory `/home/shizhai/new_zhongwang/trunk/build_dir/host/cmake-2.8.10.2/CMakeFiles/CMakeTmp'
make[4]: *** [cmTryCompileExec2435100217/fast] Error 2
make[4]: Leaving directory `/home/shizhai/new_zhongwang/trunk/build_dir/host/cmake-2.8.10.2/CMakeFiles/CMakeTmp'

File /home/shizhai/new_zhongwang/trunk/build_dir/host/cmake-2.8.10.2/CMakeFiles/CMakeTmp/CheckSymbolExists.c:
/* */
#include <stdio.h>
#include <stddef.h>
#include <sys/types.h>
#include <inttypes.h>
#include <alloca.h>
#include <arpa/inet.h>
#include <dlfcn.h>
#include <fcntl.h>
#include <malloc.h>
#include <memory.h>
#include <netdb.h>
#include <sys/poll.h>
#include <assert.h>
#include <limits.h>
#include <sys/socket.h>
#include <netinet/in.h>
#include <net/if.h>
#include <netinet/if_ether.h>
#include <netinet/tcp.h>
#include <sys/select.h>
#include <utime.h>
#include <netinet/in.h>
#include <pwd.h>
#include <sgtty.h>
#include <stdint.h>
#include <stdlib.h>
#include <string.h>
#include <strings.h>
#include <sys/param.h>
#include <sys/stat.h>
#include <sys/time.h>
#include <sys/resource.h>
#include <termios.h>
#include <termio.h>
#include <time.h>
#include <unistd.h>
#include <locale.h>
#include <setjmp.h>
#include <signal.h>
#include <sys/ioctl.h>
#include <sys/utsname.h>
#include <arpa/tftp.h>
#include <errno.h>
#include <libgen.h>

int main(int argc, char** argv)
{
  (void)argv;
#ifndef getpass_r
  return ((int*)(&getpass_r))[argc];
#else
  (void)argc;
  return 0;
#endif
}

Determining if the strlcat exist failed with the following output:
Change Dir: /home/shizhai/new_zhongwang/trunk/build_dir/host/cmake-2.8.10.2/CMakeFiles/CMakeTmp

Run Build Command:/usr/bin/make "cmTryCompileExec2791664880/fast"
make[4]: Entering directory `/home/shizhai/new_zhongwang/trunk/build_dir/host/cmake-2.8.10.2/CMakeFiles/CMakeTmp'
make -f CMakeFiles/cmTryCompileExec2791664880.dir/build.make CMakeFiles/cmTryCompileExec2791664880.dir/build
make[5]: Entering directory `/home/shizhai/new_zhongwang/trunk/build_dir/host/cmake-2.8.10.2/CMakeFiles/CMakeTmp'
/home/shizhai/new_zhongwang/trunk/build_dir/host/cmake-2.8.10.2/Bootstrap.cmk/cmake -E cmake_progress_report /home/shizhai/new_zhongwang/trunk/build_dir/host/cmake-2.8.10.2/CMakeFiles/CMakeTmp/CMakeFiles 1
Building C object CMakeFiles/cmTryCompileExec2791664880.dir/CheckSymbolExists.c.o
/usr/bin/gcc    -o CMakeFiles/cmTryCompileExec2791664880.dir/CheckSymbolExists.c.o   -c /home/shizhai/new_zhongwang/trunk/build_dir/host/cmake-2.8.10.2/CMakeFiles/CMakeTmp/CheckSymbolExists.c
/home/shizhai/new_zhongwang/trunk/build_dir/host/cmake-2.8.10.2/CMakeFiles/CMakeTmp/CheckSymbolExists.c: In function 'main':
/home/shizhai/new_zhongwang/trunk/build_dir/host/cmake-2.8.10.2/CMakeFiles/CMakeTmp/CheckSymbolExists.c:51:19: error: 'strlcat' undeclared (first use in this function)
/home/shizhai/new_zhongwang/trunk/build_dir/host/cmake-2.8.10.2/CMakeFiles/CMakeTmp/CheckSymbolExists.c:51:19: note: each undeclared identifier is reported only once for each function it appears in
make[5]: *** [CMakeFiles/cmTryCompileExec2791664880.dir/CheckSymbolExists.c.o] Error 1
make[5]: Leaving directory `/home/shizhai/new_zhongwang/trunk/build_dir/host/cmake-2.8.10.2/CMakeFiles/CMakeTmp'
make[4]: *** [cmTryCompileExec2791664880/fast] Error 2
make[4]: Leaving directory `/home/shizhai/new_zhongwang/trunk/build_dir/host/cmake-2.8.10.2/CMakeFiles/CMakeTmp'

File /home/shizhai/new_zhongwang/trunk/build_dir/host/cmake-2.8.10.2/CMakeFiles/CMakeTmp/CheckSymbolExists.c:
/* */
#include <stdio.h>
#include <stddef.h>
#include <sys/types.h>
#include <inttypes.h>
#include <alloca.h>
#include <arpa/inet.h>
#include <dlfcn.h>
#include <fcntl.h>
#include <malloc.h>
#include <memory.h>
#include <netdb.h>
#include <sys/poll.h>
#include <assert.h>
#include <limits.h>
#include <sys/socket.h>
#include <netinet/in.h>
#include <net/if.h>
#include <netinet/if_ether.h>
#include <netinet/tcp.h>
#include <sys/select.h>
#include <utime.h>
#include <netinet/in.h>
#include <pwd.h>
#include <sgtty.h>
#include <stdint.h>
#include <stdlib.h>
#include <string.h>
#include <strings.h>
#include <sys/param.h>
#include <sys/stat.h>
#include <sys/time.h>
#include <sys/resource.h>
#include <termios.h>
#include <termio.h>
#include <time.h>
#include <unistd.h>
#include <locale.h>
#include <setjmp.h>
#include <signal.h>
#include <sys/ioctl.h>
#include <sys/utsname.h>
#include <arpa/tftp.h>
#include <errno.h>
#include <libgen.h>

int main(int argc, char** argv)
{
  (void)argv;
#ifndef strlcat
  return ((int*)(&strlcat))[argc];
#else
  (void)argc;
  return 0;
#endif
}

Determining if the _strtoi64 exist failed with the following output:
Change Dir: /home/shizhai/new_zhongwang/trunk/build_dir/host/cmake-2.8.10.2/CMakeFiles/CMakeTmp

Run Build Command:/usr/bin/make "cmTryCompileExec615287819/fast"
make[4]: Entering directory `/home/shizhai/new_zhongwang/trunk/build_dir/host/cmake-2.8.10.2/CMakeFiles/CMakeTmp'
make -f CMakeFiles/cmTryCompileExec615287819.dir/build.make CMakeFiles/cmTryCompileExec615287819.dir/build
make[5]: Entering directory `/home/shizhai/new_zhongwang/trunk/build_dir/host/cmake-2.8.10.2/CMakeFiles/CMakeTmp'
/home/shizhai/new_zhongwang/trunk/build_dir/host/cmake-2.8.10.2/Bootstrap.cmk/cmake -E cmake_progress_report /home/shizhai/new_zhongwang/trunk/build_dir/host/cmake-2.8.10.2/CMakeFiles/CMakeTmp/CMakeFiles 1
Building C object CMakeFiles/cmTryCompileExec615287819.dir/CheckSymbolExists.c.o
/usr/bin/gcc    -o CMakeFiles/cmTryCompileExec615287819.dir/CheckSymbolExists.c.o   -c /home/shizhai/new_zhongwang/trunk/build_dir/host/cmake-2.8.10.2/CMakeFiles/CMakeTmp/CheckSymbolExists.c
/home/shizhai/new_zhongwang/trunk/build_dir/host/cmake-2.8.10.2/CMakeFiles/CMakeTmp/CheckSymbolExists.c: In function 'main':
/home/shizhai/new_zhongwang/trunk/build_dir/host/cmake-2.8.10.2/CMakeFiles/CMakeTmp/CheckSymbolExists.c:51:19: error: '_strtoi64' undeclared (first use in this function)
/home/shizhai/new_zhongwang/trunk/build_dir/host/cmake-2.8.10.2/CMakeFiles/CMakeTmp/CheckSymbolExists.c:51:19: note: each undeclared identifier is reported only once for each function it appears in
make[5]: *** [CMakeFiles/cmTryCompileExec615287819.dir/CheckSymbolExists.c.o] Error 1
make[5]: Leaving directory `/home/shizhai/new_zhongwang/trunk/build_dir/host/cmake-2.8.10.2/CMakeFiles/CMakeTmp'
make[4]: *** [cmTryCompileExec615287819/fast] Error 2
make[4]: Leaving directory `/home/shizhai/new_zhongwang/trunk/build_dir/host/cmake-2.8.10.2/CMakeFiles/CMakeTmp'

File /home/shizhai/new_zhongwang/trunk/build_dir/host/cmake-2.8.10.2/CMakeFiles/CMakeTmp/CheckSymbolExists.c:
/* */
#include <stdio.h>
#include <stddef.h>
#include <sys/types.h>
#include <inttypes.h>
#include <alloca.h>
#include <arpa/inet.h>
#include <dlfcn.h>
#include <fcntl.h>
#include <malloc.h>
#include <memory.h>
#include <netdb.h>
#include <sys/poll.h>
#include <assert.h>
#include <limits.h>
#include <sys/socket.h>
#include <netinet/in.h>
#include <net/if.h>
#include <netinet/if_ether.h>
#include <netinet/tcp.h>
#include <sys/select.h>
#include <utime.h>
#include <netinet/in.h>
#include <pwd.h>
#include <sgtty.h>
#include <stdint.h>
#include <stdlib.h>
#include <string.h>
#include <strings.h>
#include <sys/param.h>
#include <sys/stat.h>
#include <sys/time.h>
#include <sys/resource.h>
#include <termios.h>
#include <termio.h>
#include <time.h>
#include <unistd.h>
#include <locale.h>
#include <setjmp.h>
#include <signal.h>
#include <sys/ioctl.h>
#include <sys/utsname.h>
#include <arpa/tftp.h>
#include <errno.h>
#include <libgen.h>

int main(int argc, char** argv)
{
  (void)argv;
#ifndef _strtoi64
  return ((int*)(&_strtoi64))[argc];
#else
  (void)argc;
  return 0;
#endif
}

Determining if the idn_free exist failed with the following output:
Change Dir: /home/shizhai/new_zhongwang/trunk/build_dir/host/cmake-2.8.10.2/CMakeFiles/CMakeTmp

Run Build Command:/usr/bin/make "cmTryCompileExec235704971/fast"
make[4]: Entering directory `/home/shizhai/new_zhongwang/trunk/build_dir/host/cmake-2.8.10.2/CMakeFiles/CMakeTmp'
make -f CMakeFiles/cmTryCompileExec235704971.dir/build.make CMakeFiles/cmTryCompileExec235704971.dir/build
make[5]: Entering directory `/home/shizhai/new_zhongwang/trunk/build_dir/host/cmake-2.8.10.2/CMakeFiles/CMakeTmp'
/home/shizhai/new_zhongwang/trunk/build_dir/host/cmake-2.8.10.2/Bootstrap.cmk/cmake -E cmake_progress_report /home/shizhai/new_zhongwang/trunk/build_dir/host/cmake-2.8.10.2/CMakeFiles/CMakeTmp/CMakeFiles 1
Building C object CMakeFiles/cmTryCompileExec235704971.dir/CheckSymbolExists.c.o
/usr/bin/gcc    -o CMakeFiles/cmTryCompileExec235704971.dir/CheckSymbolExists.c.o   -c /home/shizhai/new_zhongwang/trunk/build_dir/host/cmake-2.8.10.2/CMakeFiles/CMakeTmp/CheckSymbolExists.c
/home/shizhai/new_zhongwang/trunk/build_dir/host/cmake-2.8.10.2/CMakeFiles/CMakeTmp/CheckSymbolExists.c: In function 'main':
/home/shizhai/new_zhongwang/trunk/build_dir/host/cmake-2.8.10.2/CMakeFiles/CMakeTmp/CheckSymbolExists.c:51:19: error: 'idn_free' undeclared (first use in this function)
/home/shizhai/new_zhongwang/trunk/build_dir/host/cmake-2.8.10.2/CMakeFiles/CMakeTmp/CheckSymbolExists.c:51:19: note: each undeclared identifier is reported only once for each function it appears in
make[5]: *** [CMakeFiles/cmTryCompileExec235704971.dir/CheckSymbolExists.c.o] Error 1
make[5]: Leaving directory `/home/shizhai/new_zhongwang/trunk/build_dir/host/cmake-2.8.10.2/CMakeFiles/CMakeTmp'
make[4]: *** [cmTryCompileExec235704971/fast] Error 2
make[4]: Leaving directory `/home/shizhai/new_zhongwang/trunk/build_dir/host/cmake-2.8.10.2/CMakeFiles/CMakeTmp'

File /home/shizhai/new_zhongwang/trunk/build_dir/host/cmake-2.8.10.2/CMakeFiles/CMakeTmp/CheckSymbolExists.c:
/* */
#include <stdio.h>
#include <stddef.h>
#include <sys/types.h>
#include <inttypes.h>
#include <alloca.h>
#include <arpa/inet.h>
#include <dlfcn.h>
#include <fcntl.h>
#include <malloc.h>
#include <memory.h>
#include <netdb.h>
#include <sys/poll.h>
#include <assert.h>
#include <limits.h>
#include <sys/socket.h>
#include <netinet/in.h>
#include <net/if.h>
#include <netinet/if_ether.h>
#include <netinet/tcp.h>
#include <sys/select.h>
#include <utime.h>
#include <netinet/in.h>
#include <pwd.h>
#include <sgtty.h>
#include <stdint.h>
#include <stdlib.h>
#include <string.h>
#include <strings.h>
#include <sys/param.h>
#include <sys/stat.h>
#include <sys/time.h>
#include <sys/resource.h>
#include <termios.h>
#include <termio.h>
#include <time.h>
#include <unistd.h>
#include <locale.h>
#include <setjmp.h>
#include <signal.h>
#include <sys/ioctl.h>
#include <sys/utsname.h>
#include <arpa/tftp.h>
#include <errno.h>
#include <libgen.h>

int main(int argc, char** argv)
{
  (void)argv;
#ifndef idn_free
  return ((int*)(&idn_free))[argc];
#else
  (void)argc;
  return 0;
#endif
}

Determining if the idna_strerror exist failed with the following output:
Change Dir: /home/shizhai/new_zhongwang/trunk/build_dir/host/cmake-2.8.10.2/CMakeFiles/CMakeTmp

Run Build Command:/usr/bin/make "cmTryCompileExec4165350213/fast"
make[4]: Entering directory `/home/shizhai/new_zhongwang/trunk/build_dir/host/cmake-2.8.10.2/CMakeFiles/CMakeTmp'
make -f CMakeFiles/cmTryCompileExec4165350213.dir/build.make CMakeFiles/cmTryCompileExec4165350213.dir/build
make[5]: Entering directory `/home/shizhai/new_zhongwang/trunk/build_dir/host/cmake-2.8.10.2/CMakeFiles/CMakeTmp'
/home/shizhai/new_zhongwang/trunk/build_dir/host/cmake-2.8.10.2/Bootstrap.cmk/cmake -E cmake_progress_report /home/shizhai/new_zhongwang/trunk/build_dir/host/cmake-2.8.10.2/CMakeFiles/CMakeTmp/CMakeFiles 1
Building C object CMakeFiles/cmTryCompileExec4165350213.dir/CheckSymbolExists.c.o
/usr/bin/gcc    -o CMakeFiles/cmTryCompileExec4165350213.dir/CheckSymbolExists.c.o   -c /home/shizhai/new_zhongwang/trunk/build_dir/host/cmake-2.8.10.2/CMakeFiles/CMakeTmp/CheckSymbolExists.c
/home/shizhai/new_zhongwang/trunk/build_dir/host/cmake-2.8.10.2/CMakeFiles/CMakeTmp/CheckSymbolExists.c: In function 'main':
/home/shizhai/new_zhongwang/trunk/build_dir/host/cmake-2.8.10.2/CMakeFiles/CMakeTmp/CheckSymbolExists.c:51:19: error: 'idna_strerror' undeclared (first use in this function)
/home/shizhai/new_zhongwang/trunk/build_dir/host/cmake-2.8.10.2/CMakeFiles/CMakeTmp/CheckSymbolExists.c:51:19: note: each undeclared identifier is reported only once for each function it appears in
make[5]: *** [CMakeFiles/cmTryCompileExec4165350213.dir/CheckSymbolExists.c.o] Error 1
make[5]: Leaving directory `/home/shizhai/new_zhongwang/trunk/build_dir/host/cmake-2.8.10.2/CMakeFiles/CMakeTmp'
make[4]: *** [cmTryCompileExec4165350213/fast] Error 2
make[4]: Leaving directory `/home/shizhai/new_zhongwang/trunk/build_dir/host/cmake-2.8.10.2/CMakeFiles/CMakeTmp'

File /home/shizhai/new_zhongwang/trunk/build_dir/host/cmake-2.8.10.2/CMakeFiles/CMakeTmp/CheckSymbolExists.c:
/* */
#include <stdio.h>
#include <stddef.h>
#include <sys/types.h>
#include <inttypes.h>
#include <alloca.h>
#include <arpa/inet.h>
#include <dlfcn.h>
#include <fcntl.h>
#include <malloc.h>
#include <memory.h>
#include <netdb.h>
#include <sys/poll.h>
#include <assert.h>
#include <limits.h>
#include <sys/socket.h>
#include <netinet/in.h>
#include <net/if.h>
#include <netinet/if_ether.h>
#include <netinet/tcp.h>
#include <sys/select.h>
#include <utime.h>
#include <netinet/in.h>
#include <pwd.h>
#include <sgtty.h>
#include <stdint.h>
#include <stdlib.h>
#include <string.h>
#include <strings.h>
#include <sys/param.h>
#include <sys/stat.h>
#include <sys/time.h>
#include <sys/resource.h>
#include <termios.h>
#include <termio.h>
#include <time.h>
#include <unistd.h>
#include <locale.h>
#include <setjmp.h>
#include <signal.h>
#include <sys/ioctl.h>
#include <sys/utsname.h>
#include <arpa/tftp.h>
#include <errno.h>
#include <libgen.h>

int main(int argc, char** argv)
{
  (void)argv;
#ifndef idna_strerror
  return ((int*)(&idna_strerror))[argc];
#else
  (void)argc;
  return 0;
#endif
}

Determining if the tld_strerror exist failed with the following output:
Change Dir: /home/shizhai/new_zhongwang/trunk/build_dir/host/cmake-2.8.10.2/CMakeFiles/CMakeTmp

Run Build Command:/usr/bin/make "cmTryCompileExec2630093270/fast"
make[4]: Entering directory `/home/shizhai/new_zhongwang/trunk/build_dir/host/cmake-2.8.10.2/CMakeFiles/CMakeTmp'
make -f CMakeFiles/cmTryCompileExec2630093270.dir/build.make CMakeFiles/cmTryCompileExec2630093270.dir/build
make[5]: Entering directory `/home/shizhai/new_zhongwang/trunk/build_dir/host/cmake-2.8.10.2/CMakeFiles/CMakeTmp'
/home/shizhai/new_zhongwang/trunk/build_dir/host/cmake-2.8.10.2/Bootstrap.cmk/cmake -E cmake_progress_report /home/shizhai/new_zhongwang/trunk/build_dir/host/cmake-2.8.10.2/CMakeFiles/CMakeTmp/CMakeFiles 1
Building C object CMakeFiles/cmTryCompileExec2630093270.dir/CheckSymbolExists.c.o
/usr/bin/gcc    -o CMakeFiles/cmTryCompileExec2630093270.dir/CheckSymbolExists.c.o   -c /home/shizhai/new_zhongwang/trunk/build_dir/host/cmake-2.8.10.2/CMakeFiles/CMakeTmp/CheckSymbolExists.c
/home/shizhai/new_zhongwang/trunk/build_dir/host/cmake-2.8.10.2/CMakeFiles/CMakeTmp/CheckSymbolExists.c: In function 'main':
/home/shizhai/new_zhongwang/trunk/build_dir/host/cmake-2.8.10.2/CMakeFiles/CMakeTmp/CheckSymbolExists.c:51:19: error: 'tld_strerror' undeclared (first use in this function)
/home/shizhai/new_zhongwang/trunk/build_dir/host/cmake-2.8.10.2/CMakeFiles/CMakeTmp/CheckSymbolExists.c:51:19: note: each undeclared identifier is reported only once for each function it appears in
make[5]: *** [CMakeFiles/cmTryCompileExec2630093270.dir/CheckSymbolExists.c.o] Error 1
make[5]: Leaving directory `/home/shizhai/new_zhongwang/trunk/build_dir/host/cmake-2.8.10.2/CMakeFiles/CMakeTmp'
make[4]: *** [cmTryCompileExec2630093270/fast] Error 2
make[4]: Leaving directory `/home/shizhai/new_zhongwang/trunk/build_dir/host/cmake-2.8.10.2/CMakeFiles/CMakeTmp'

File /home/shizhai/new_zhongwang/trunk/build_dir/host/cmake-2.8.10.2/CMakeFiles/CMakeTmp/CheckSymbolExists.c:
/* */
#include <stdio.h>
#include <stddef.h>
#include <sys/types.h>
#include <inttypes.h>
#include <alloca.h>
#include <arpa/inet.h>
#include <dlfcn.h>
#include <fcntl.h>
#include <malloc.h>
#include <memory.h>
#include <netdb.h>
#include <sys/poll.h>
#include <assert.h>
#include <limits.h>
#include <sys/socket.h>
#include <netinet/in.h>
#include <net/if.h>
#include <netinet/if_ether.h>
#include <netinet/tcp.h>
#include <sys/select.h>
#include <utime.h>
#include <netinet/in.h>
#include <pwd.h>
#include <sgtty.h>
#include <stdint.h>
#include <stdlib.h>
#include <string.h>
#include <strings.h>
#include <sys/param.h>
#include <sys/stat.h>
#include <sys/time.h>
#include <sys/resource.h>
#include <termios.h>
#include <termio.h>
#include <time.h>
#include <unistd.h>
#include <locale.h>
#include <setjmp.h>
#include <signal.h>
#include <sys/ioctl.h>
#include <sys/utsname.h>
#include <arpa/tftp.h>
#include <errno.h>
#include <libgen.h>

int main(int argc, char** argv)
{
  (void)argv;
#ifndef tld_strerror
  return ((int*)(&tld_strerror))[argc];
#else
  (void)argc;
  return 0;
#endif
}

Performing Curl Test HAVE_FIONBIO failed with the following output:
Change Dir: /home/shizhai/new_zhongwang/trunk/build_dir/host/cmake-2.8.10.2/CMakeFiles/CMakeTmp

Run Build Command:/usr/bin/make "cmTryCompileExec1232346386/fast"
make[4]: Entering directory `/home/shizhai/new_zhongwang/trunk/build_dir/host/cmake-2.8.10.2/CMakeFiles/CMakeTmp'
make -f CMakeFiles/cmTryCompileExec1232346386.dir/build.make CMakeFiles/cmTryCompileExec1232346386.dir/build
make[5]: Entering directory `/home/shizhai/new_zhongwang/trunk/build_dir/host/cmake-2.8.10.2/CMakeFiles/CMakeTmp'
/home/shizhai/new_zhongwang/trunk/build_dir/host/cmake-2.8.10.2/Bootstrap.cmk/cmake -E cmake_progress_report /home/shizhai/new_zhongwang/trunk/build_dir/host/cmake-2.8.10.2/CMakeFiles/CMakeTmp/CMakeFiles 1
Building C object CMakeFiles/cmTryCompileExec1232346386.dir/CurlTests.c.o
/usr/bin/gcc   -DHAVE_FIONBIO   -o CMakeFiles/cmTryCompileExec1232346386.dir/CurlTests.c.o   -c /home/shizhai/new_zhongwang/trunk/build_dir/host/cmake-2.8.10.2/Utilities/cmcurl/CMake/CurlTests.c
/home/shizhai/new_zhongwang/trunk/build_dir/host/cmake-2.8.10.2/Utilities/cmcurl/CMake/CurlTests.c: In function 'main':
/home/shizhai/new_zhongwang/trunk/build_dir/host/cmake-2.8.10.2/Utilities/cmcurl/CMake/CurlTests.c:476:28: error: 'FIONBIO' undeclared (first use in this function)
/home/shizhai/new_zhongwang/trunk/build_dir/host/cmake-2.8.10.2/Utilities/cmcurl/CMake/CurlTests.c:476:28: note: each undeclared identifier is reported only once for each function it appears in
make[5]: *** [CMakeFiles/cmTryCompileExec1232346386.dir/CurlTests.c.o] Error 1
make[5]: Leaving directory `/home/shizhai/new_zhongwang/trunk/build_dir/host/cmake-2.8.10.2/CMakeFiles/CMakeTmp'
make[4]: *** [cmTryCompileExec1232346386/fast] Error 2
make[4]: Leaving directory `/home/shizhai/new_zhongwang/trunk/build_dir/host/cmake-2.8.10.2/CMakeFiles/CMakeTmp'

Performing Curl Test HAVE_IOCTLSOCKET failed with the following output:
Change Dir: /home/shizhai/new_zhongwang/trunk/build_dir/host/cmake-2.8.10.2/CMakeFiles/CMakeTmp

Run Build Command:/usr/bin/make "cmTryCompileExec2082113989/fast"
make[4]: Entering directory `/home/shizhai/new_zhongwang/trunk/build_dir/host/cmake-2.8.10.2/CMakeFiles/CMakeTmp'
make -f CMakeFiles/cmTryCompileExec2082113989.dir/build.make CMakeFiles/cmTryCompileExec2082113989.dir/build
make[5]: Entering directory `/home/shizhai/new_zhongwang/trunk/build_dir/host/cmake-2.8.10.2/CMakeFiles/CMakeTmp'
/home/shizhai/new_zhongwang/trunk/build_dir/host/cmake-2.8.10.2/Bootstrap.cmk/cmake -E cmake_progress_report /home/shizhai/new_zhongwang/trunk/build_dir/host/cmake-2.8.10.2/CMakeFiles/CMakeTmp/CMakeFiles 1
Building C object CMakeFiles/cmTryCompileExec2082113989.dir/CurlTests.c.o
/usr/bin/gcc   -DHAVE_IOCTLSOCKET   -o CMakeFiles/cmTryCompileExec2082113989.dir/CurlTests.c.o   -c /home/shizhai/new_zhongwang/trunk/build_dir/host/cmake-2.8.10.2/Utilities/cmcurl/CMake/CurlTests.c
/home/shizhai/new_zhongwang/trunk/build_dir/host/cmake-2.8.10.2/Utilities/cmcurl/CMake/CurlTests.c:435:21: fatal error: windows.h: No such file or directory
compilation terminated.
make[5]: *** [CMakeFiles/cmTryCompileExec2082113989.dir/CurlTests.c.o] Error 1
make[5]: Leaving directory `/home/shizhai/new_zhongwang/trunk/build_dir/host/cmake-2.8.10.2/CMakeFiles/CMakeTmp'
make[4]: *** [cmTryCompileExec2082113989/fast] Error 2
make[4]: Leaving directory `/home/shizhai/new_zhongwang/trunk/build_dir/host/cmake-2.8.10.2/CMakeFiles/CMakeTmp'

Performing Curl Test HAVE_IOCTLSOCKET_CASE failed with the following output:
Change Dir: /home/shizhai/new_zhongwang/trunk/build_dir/host/cmake-2.8.10.2/CMakeFiles/CMakeTmp

Run Build Command:/usr/bin/make "cmTryCompileExec2607288024/fast"
make[4]: Entering directory `/home/shizhai/new_zhongwang/trunk/build_dir/host/cmake-2.8.10.2/CMakeFiles/CMakeTmp'
make -f CMakeFiles/cmTryCompileExec2607288024.dir/build.make CMakeFiles/cmTryCompileExec2607288024.dir/build
make[5]: Entering directory `/home/shizhai/new_zhongwang/trunk/build_dir/host/cmake-2.8.10.2/CMakeFiles/CMakeTmp'
/home/shizhai/new_zhongwang/trunk/build_dir/host/cmake-2.8.10.2/Bootstrap.cmk/cmake -E cmake_progress_report /home/shizhai/new_zhongwang/trunk/build_dir/host/cmake-2.8.10.2/CMakeFiles/CMakeTmp/CMakeFiles 1
Building C object CMakeFiles/cmTryCompileExec2607288024.dir/CurlTests.c.o
/usr/bin/gcc   -DHAVE_IOCTLSOCKET_CASE   -o CMakeFiles/cmTryCompileExec2607288024.dir/CurlTests.c.o   -c /home/shizhai/new_zhongwang/trunk/build_dir/host/cmake-2.8.10.2/Utilities/cmcurl/CMake/CurlTests.c
/home/shizhai/new_zhongwang/trunk/build_dir/host/cmake-2.8.10.2/Utilities/cmcurl/CMake/CurlTests.c:451:21: fatal error: windows.h: No such file or directory
compilation terminated.
make[5]: Leaving directory `/home/shizhai/new_zhongwang/trunk/build_dir/host/cmake-2.8.10.2/CMakeFiles/CMakeTmp'
make[5]: *** [CMakeFiles/cmTryCompileExec2607288024.dir/CurlTests.c.o] Error 1
make[4]: Leaving directory `/home/shizhai/new_zhongwang/trunk/build_dir/host/cmake-2.8.10.2/CMakeFiles/CMakeTmp'
make[4]: *** [cmTryCompileExec2607288024/fast] Error 2

Performing Curl Test HAVE_SO_NONBLOCK failed with the following output:
Change Dir: /home/shizhai/new_zhongwang/trunk/build_dir/host/cmake-2.8.10.2/CMakeFiles/CMakeTmp

Run Build Command:/usr/bin/make "cmTryCompileExec1217612361/fast"
make[4]: Entering directory `/home/shizhai/new_zhongwang/trunk/build_dir/host/cmake-2.8.10.2/CMakeFiles/CMakeTmp'
make -f CMakeFiles/cmTryCompileExec1217612361.dir/build.make CMakeFiles/cmTryCompileExec1217612361.dir/build
make[5]: Entering directory `/home/shizhai/new_zhongwang/trunk/build_dir/host/cmake-2.8.10.2/CMakeFiles/CMakeTmp'
/home/shizhai/new_zhongwang/trunk/build_dir/host/cmake-2.8.10.2/Bootstrap.cmk/cmake -E cmake_progress_report /home/shizhai/new_zhongwang/trunk/build_dir/host/cmake-2.8.10.2/CMakeFiles/CMakeTmp/CMakeFiles 1
Building C object CMakeFiles/cmTryCompileExec1217612361.dir/CurlTests.c.o
/usr/bin/gcc   -DHAVE_SO_NONBLOCK   -o CMakeFiles/cmTryCompileExec1217612361.dir/CurlTests.c.o   -c /home/shizhai/new_zhongwang/trunk/build_dir/host/cmake-2.8.10.2/Utilities/cmcurl/CMake/CurlTests.c
/home/shizhai/new_zhongwang/trunk/build_dir/host/cmake-2.8.10.2/Utilities/cmcurl/CMake/CurlTests.c: In function 'main':
/home/shizhai/new_zhongwang/trunk/build_dir/host/cmake-2.8.10.2/Utilities/cmcurl/CMake/CurlTests.c:494:33: error: 'SOL_SOCKET' undeclared (first use in this function)
/home/shizhai/new_zhongwang/trunk/build_dir/host/cmake-2.8.10.2/Utilities/cmcurl/CMake/CurlTests.c:494:33: note: each undeclared identifier is reported only once for each function it appears in
/home/shizhai/new_zhongwang/trunk/build_dir/host/cmake-2.8.10.2/Utilities/cmcurl/CMake/CurlTests.c:494:45: error: 'SO_NONBLOCK' undeclared (first use in this function)
make[5]: Leaving directory `/home/shizhai/new_zhongwang/trunk/build_dir/host/cmake-2.8.10.2/CMakeFiles/CMakeTmp'
make[5]: *** [CMakeFiles/cmTryCompileExec1217612361.dir/CurlTests.c.o] Error 1
make[4]: Leaving directory `/home/shizhai/new_zhongwang/trunk/build_dir/host/cmake-2.8.10.2/CMakeFiles/CMakeTmp'
make[4]: *** [cmTryCompileExec1217612361/fast] Error 2

Performing Curl Test HAVE_O_NONBLOCKHAVE_GETHOSTBYADDR_R_5 failed with the following output:
Change Dir: /home/shizhai/new_zhongwang/trunk/build_dir/host/cmake-2.8.10.2/CMakeFiles/CMakeTmp

Run Build Command:/usr/bin/make "cmTryCompileExec204871922/fast"
make[4]: Entering directory `/home/shizhai/new_zhongwang/trunk/build_dir/host/cmake-2.8.10.2/CMakeFiles/CMakeTmp'
make -f CMakeFiles/cmTryCompileExec204871922.dir/build.make CMakeFiles/cmTryCompileExec204871922.dir/build
make[5]: Entering directory `/home/shizhai/new_zhongwang/trunk/build_dir/host/cmake-2.8.10.2/CMakeFiles/CMakeTmp'
/home/shizhai/new_zhongwang/trunk/build_dir/host/cmake-2.8.10.2/Bootstrap.cmk/cmake -E cmake_progress_report /home/shizhai/new_zhongwang/trunk/build_dir/host/cmake-2.8.10.2/CMakeFiles/CMakeTmp/CMakeFiles 1
Building C object CMakeFiles/cmTryCompileExec204871922.dir/CurlTests.c.o
/usr/bin/gcc   -DHAVE_O_NONBLOCKHAVE_GETHOSTBYADDR_R_5   -o CMakeFiles/cmTryCompileExec204871922.dir/CurlTests.c.o   -c /home/shizhai/new_zhongwang/trunk/build_dir/host/cmake-2.8.10.2/Utilities/cmcurl/CMake/CurlTests.c
Linking C executable cmTryCompileExec204871922
/home/shizhai/new_zhongwang/trunk/build_dir/host/cmake-2.8.10.2/Bootstrap.cmk/cmake -E cmake_link_script CMakeFiles/cmTryCompileExec204871922.dir/link.txt --verbose=1
/usr/bin/gcc      -DHAVE_O_NONBLOCKHAVE_GETHOSTBYADDR_R_5    CMakeFiles/cmTryCompileExec204871922.dir/CurlTests.c.o  -o cmTryCompileExec204871922 -rdynamic -ldl 
/usr/lib/gcc/i686-linux-gnu/4.6/../../../i386-linux-gnu/crt1.o: In function `_start':
(.text+0x18): undefined reference to `main'
collect2: ld returned 1 exit status
make[5]: *** [cmTryCompileExec204871922] Error 1
make[5]: Leaving directory `/home/shizhai/new_zhongwang/trunk/build_dir/host/cmake-2.8.10.2/CMakeFiles/CMakeTmp'
make[4]: *** [cmTryCompileExec204871922/fast] Error 2
make[4]: Leaving directory `/home/shizhai/new_zhongwang/trunk/build_dir/host/cmake-2.8.10.2/CMakeFiles/CMakeTmp'

Performing Curl Test HAVE_GETHOSTBYADDR_R_7 failed with the following output:
Change Dir: /home/shizhai/new_zhongwang/trunk/build_dir/host/cmake-2.8.10.2/CMakeFiles/CMakeTmp

Run Build Command:/usr/bin/make "cmTryCompileExec2779961665/fast"
make[4]: Entering directory `/home/shizhai/new_zhongwang/trunk/build_dir/host/cmake-2.8.10.2/CMakeFiles/CMakeTmp'
make -f CMakeFiles/cmTryCompileExec2779961665.dir/build.make CMakeFiles/cmTryCompileExec2779961665.dir/build
make[5]: Entering directory `/home/shizhai/new_zhongwang/trunk/build_dir/host/cmake-2.8.10.2/CMakeFiles/CMakeTmp'
/home/shizhai/new_zhongwang/trunk/build_dir/host/cmake-2.8.10.2/Bootstrap.cmk/cmake -E cmake_progress_report /home/shizhai/new_zhongwang/trunk/build_dir/host/cmake-2.8.10.2/CMakeFiles/CMakeTmp/CMakeFiles 1
Building C object CMakeFiles/cmTryCompileExec2779961665.dir/CurlTests.c.o
/usr/bin/gcc   -DHAVE_GETHOSTBYADDR_R_7   -o CMakeFiles/cmTryCompileExec2779961665.dir/CurlTests.c.o   -c /home/shizhai/new_zhongwang/trunk/build_dir/host/cmake-2.8.10.2/Utilities/cmcurl/CMake/CurlTests.c
/home/shizhai/new_zhongwang/trunk/build_dir/host/cmake-2.8.10.2/Utilities/cmcurl/CMake/CurlTests.c: In function 'main':
/home/shizhai/new_zhongwang/trunk/build_dir/host/cmake-2.8.10.2/Utilities/cmcurl/CMake/CurlTests.c:112:22: warning: passing argument 7 of 'gethostbyaddr_r' from incompatible pointer type [enabled by default]
/usr/include/netdb.h:173:12: note: expected 'struct hostent ** __restrict__' but argument is of type 'int *'
/home/shizhai/new_zhongwang/trunk/build_dir/host/cmake-2.8.10.2/Utilities/cmcurl/CMake/CurlTests.c:112:22: error: too few arguments to function 'gethostbyaddr_r'
/usr/include/netdb.h:173:12: note: declared here
make[5]: *** [CMakeFiles/cmTryCompileExec2779961665.dir/CurlTests.c.o] Error 1
make[5]: Leaving directory `/home/shizhai/new_zhongwang/trunk/build_dir/host/cmake-2.8.10.2/CMakeFiles/CMakeTmp'
make[4]: *** [cmTryCompileExec2779961665/fast] Error 2
make[4]: Leaving directory `/home/shizhai/new_zhongwang/trunk/build_dir/host/cmake-2.8.10.2/CMakeFiles/CMakeTmp'

Performing Curl Test HAVE_GETHOSTBYADDR_R_5_REENTRANT failed with the following output:
Change Dir: /home/shizhai/new_zhongwang/trunk/build_dir/host/cmake-2.8.10.2/CMakeFiles/CMakeTmp

Run Build Command:/usr/bin/make "cmTryCompileExec116484119/fast"
make[4]: Entering directory `/home/shizhai/new_zhongwang/trunk/build_dir/host/cmake-2.8.10.2/CMakeFiles/CMakeTmp'
make -f CMakeFiles/cmTryCompileExec116484119.dir/build.make CMakeFiles/cmTryCompileExec116484119.dir/build
make[5]: Entering directory `/home/shizhai/new_zhongwang/trunk/build_dir/host/cmake-2.8.10.2/CMakeFiles/CMakeTmp'
/home/shizhai/new_zhongwang/trunk/build_dir/host/cmake-2.8.10.2/Bootstrap.cmk/cmake -E cmake_progress_report /home/shizhai/new_zhongwang/trunk/build_dir/host/cmake-2.8.10.2/CMakeFiles/CMakeTmp/CMakeFiles 1
Building C object CMakeFiles/cmTryCompileExec116484119.dir/CurlTests.c.o
/usr/bin/gcc   -DHAVE_GETHOSTBYADDR_R_5_REENTRANT   -o CMakeFiles/cmTryCompileExec116484119.dir/CurlTests.c.o   -c /home/shizhai/new_zhongwang/trunk/build_dir/host/cmake-2.8.10.2/Utilities/cmcurl/CMake/CurlTests.c
/home/shizhai/new_zhongwang/trunk/build_dir/host/cmake-2.8.10.2/Utilities/cmcurl/CMake/CurlTests.c: In function 'main':
/home/shizhai/new_zhongwang/trunk/build_dir/host/cmake-2.8.10.2/Utilities/cmcurl/CMake/CurlTests.c:80:12: error: 'q' undeclared (first use in this function)
/home/shizhai/new_zhongwang/trunk/build_dir/host/cmake-2.8.10.2/Utilities/cmcurl/CMake/CurlTests.c:80:12: note: each undeclared identifier is reported only once for each function it appears in
/home/shizhai/new_zhongwang/trunk/build_dir/host/cmake-2.8.10.2/Utilities/cmcurl/CMake/CurlTests.c:81:1: error: expected ';' before 'int'
/home/shizhai/new_zhongwang/trunk/build_dir/host/cmake-2.8.10.2/Utilities/cmcurl/CMake/CurlTests.c:83:21: error: storage size of 'hdata' isn't known
/home/shizhai/new_zhongwang/trunk/build_dir/host/cmake-2.8.10.2/Utilities/cmcurl/CMake/CurlTests.c:88:39: error: 'type' undeclared (first use in this function)
/home/shizhai/new_zhongwang/trunk/build_dir/host/cmake-2.8.10.2/Utilities/cmcurl/CMake/CurlTests.c:88:1: error: too few arguments to function 'gethostbyaddr_r'
/usr/include/netdb.h:173:12: note: declared here
make[5]: Leaving directory `/home/shizhai/new_zhongwang/trunk/build_dir/host/cmake-2.8.10.2/CMakeFiles/CMakeTmp'
make[5]: *** [CMakeFiles/cmTryCompileExec116484119.dir/CurlTests.c.o] Error 1
make[4]: *** [cmTryCompileExec116484119/fast] Error 2
make[4]: Leaving directory `/home/shizhai/new_zhongwang/trunk/build_dir/host/cmake-2.8.10.2/CMakeFiles/CMakeTmp'

Performing Curl Test HAVE_GETHOSTBYADDR_R_7_REENTRANT failed with the following output:
Change Dir: /home/shizhai/new_zhongwang/trunk/build_dir/host/cmake-2.8.10.2/CMakeFiles/CMakeTmp

Run Build Command:/usr/bin/make "cmTryCompileExec2496772314/fast"
make[4]: Entering directory `/home/shizhai/new_zhongwang/trunk/build_dir/host/cmake-2.8.10.2/CMakeFiles/CMakeTmp'
make -f CMakeFiles/cmTryCompileExec2496772314.dir/build.make CMakeFiles/cmTryCompileExec2496772314.dir/build
make[5]: Entering directory `/home/shizhai/new_zhongwang/trunk/build_dir/host/cmake-2.8.10.2/CMakeFiles/CMakeTmp'
/home/shizhai/new_zhongwang/trunk/build_dir/host/cmake-2.8.10.2/Bootstrap.cmk/cmake -E cmake_progress_report /home/shizhai/new_zhongwang/trunk/build_dir/host/cmake-2.8.10.2/CMakeFiles/CMakeTmp/CMakeFiles 1
Building C object CMakeFiles/cmTryCompileExec2496772314.dir/CurlTests.c.o
/usr/bin/gcc   -DHAVE_GETHOSTBYADDR_R_7_REENTRANT   -o CMakeFiles/cmTryCompileExec2496772314.dir/CurlTests.c.o   -c /home/shizhai/new_zhongwang/trunk/build_dir/host/cmake-2.8.10.2/Utilities/cmcurl/CMake/CurlTests.c
/home/shizhai/new_zhongwang/trunk/build_dir/host/cmake-2.8.10.2/Utilities/cmcurl/CMake/CurlTests.c: In function 'main':
/home/shizhai/new_zhongwang/trunk/build_dir/host/cmake-2.8.10.2/Utilities/cmcurl/CMake/CurlTests.c:137:22: warning: passing argument 7 of 'gethostbyaddr_r' from incompatible pointer type [enabled by default]
/usr/include/netdb.h:173:12: note: expected 'struct hostent ** __restrict__' but argument is of type 'int *'
/home/shizhai/new_zhongwang/trunk/build_dir/host/cmake-2.8.10.2/Utilities/cmcurl/CMake/CurlTests.c:137:22: error: too few arguments to function 'gethostbyaddr_r'
/usr/include/netdb.h:173:12: note: declared here
make[5]: Leaving directory `/home/shizhai/new_zhongwang/trunk/build_dir/host/cmake-2.8.10.2/CMakeFiles/CMakeTmp'
make[5]: *** [CMakeFiles/cmTryCompileExec2496772314.dir/CurlTests.c.o] Error 1
make[4]: *** [cmTryCompileExec2496772314/fast] Error 2
make[4]: Leaving directory `/home/shizhai/new_zhongwang/trunk/build_dir/host/cmake-2.8.10.2/CMakeFiles/CMakeTmp'

Performing Curl Test HAVE_GETHOSTBYNAME_R_3 failed with the following output:
Change Dir: /home/shizhai/new_zhongwang/trunk/build_dir/host/cmake-2.8.10.2/CMakeFiles/CMakeTmp

Run Build Command:/usr/bin/make "cmTryCompileExec2622755180/fast"
make[4]: Entering directory `/home/shizhai/new_zhongwang/trunk/build_dir/host/cmake-2.8.10.2/CMakeFiles/CMakeTmp'
make -f CMakeFiles/cmTryCompileExec2622755180.dir/build.make CMakeFiles/cmTryCompileExec2622755180.dir/build
make[5]: Entering directory `/home/shizhai/new_zhongwang/trunk/build_dir/host/cmake-2.8.10.2/CMakeFiles/CMakeTmp'
/home/shizhai/new_zhongwang/trunk/build_dir/host/cmake-2.8.10.2/Bootstrap.cmk/cmake -E cmake_progress_report /home/shizhai/new_zhongwang/trunk/build_dir/host/cmake-2.8.10.2/CMakeFiles/CMakeTmp/CMakeFiles 1
Building C object CMakeFiles/cmTryCompileExec2622755180.dir/CurlTests.c.o
/usr/bin/gcc   -DHAVE_GETHOSTBYNAME_R_3   -o CMakeFiles/cmTryCompileExec2622755180.dir/CurlTests.c.o   -c /home/shizhai/new_zhongwang/trunk/build_dir/host/cmake-2.8.10.2/Utilities/cmcurl/CMake/CurlTests.c
/home/shizhai/new_zhongwang/trunk/build_dir/host/cmake-2.8.10.2/Utilities/cmcurl/CMake/CurlTests.c: In function 'main':
/home/shizhai/new_zhongwang/trunk/build_dir/host/cmake-2.8.10.2/Utilities/cmcurl/CMake/CurlTests.c:204:21: error: storage size of 'data' isn't known
/home/shizhai/new_zhongwang/trunk/build_dir/host/cmake-2.8.10.2/Utilities/cmcurl/CMake/CurlTests.c:208:1: error: too few arguments to function 'gethostbyname_r'
/usr/include/netdb.h:180:12: note: declared here
make[5]: Leaving directory `/home/shizhai/new_zhongwang/trunk/build_dir/host/cmake-2.8.10.2/CMakeFiles/CMakeTmp'
make[5]: *** [CMakeFiles/cmTryCompileExec2622755180.dir/CurlTests.c.o] Error 1
make[4]: Leaving directory `/home/shizhai/new_zhongwang/trunk/build_dir/host/cmake-2.8.10.2/CMakeFiles/CMakeTmp'
make[4]: *** [cmTryCompileExec2622755180/fast] Error 2

Performing Curl Test HAVE_GETHOSTBYNAME_R_5 failed with the following output:
Change Dir: /home/shizhai/new_zhongwang/trunk/build_dir/host/cmake-2.8.10.2/CMakeFiles/CMakeTmp

Run Build Command:/usr/bin/make "cmTryCompileExec1500989452/fast"
make[4]: Entering directory `/home/shizhai/new_zhongwang/trunk/build_dir/host/cmake-2.8.10.2/CMakeFiles/CMakeTmp'
make -f CMakeFiles/cmTryCompileExec1500989452.dir/build.make CMakeFiles/cmTryCompileExec1500989452.dir/build
make[5]: Entering directory `/home/shizhai/new_zhongwang/trunk/build_dir/host/cmake-2.8.10.2/CMakeFiles/CMakeTmp'
/home/shizhai/new_zhongwang/trunk/build_dir/host/cmake-2.8.10.2/Bootstrap.cmk/cmake -E cmake_progress_report /home/shizhai/new_zhongwang/trunk/build_dir/host/cmake-2.8.10.2/CMakeFiles/CMakeTmp/CMakeFiles 1
Building C object CMakeFiles/cmTryCompileExec1500989452.dir/CurlTests.c.o
/usr/bin/gcc   -DHAVE_GETHOSTBYNAME_R_5   -o CMakeFiles/cmTryCompileExec1500989452.dir/CurlTests.c.o   -c /home/shizhai/new_zhongwang/trunk/build_dir/host/cmake-2.8.10.2/Utilities/cmcurl/CMake/CurlTests.c
/home/shizhai/new_zhongwang/trunk/build_dir/host/cmake-2.8.10.2/Utilities/cmcurl/CMake/CurlTests.c: In function 'main':
/home/shizhai/new_zhongwang/trunk/build_dir/host/cmake-2.8.10.2/Utilities/cmcurl/CMake/CurlTests.c:247:1: error: too few arguments to function 'gethostbyname_r'
/usr/include/netdb.h:180:12: note: declared here
make[5]: Leaving directory `/home/shizhai/new_zhongwang/trunk/build_dir/host/cmake-2.8.10.2/CMakeFiles/CMakeTmp'
make[5]: *** [CMakeFiles/cmTryCompileExec1500989452.dir/CurlTests.c.o] Error 1
make[4]: Leaving directory `/home/shizhai/new_zhongwang/trunk/build_dir/host/cmake-2.8.10.2/CMakeFiles/CMakeTmp'
make[4]: *** [cmTryCompileExec1500989452/fast] Error 2

Performing Curl Test HAVE_GETHOSTBYNAME_R_3_REENTRANT failed with the following output:
Change Dir: /home/shizhai/new_zhongwang/trunk/build_dir/host/cmake-2.8.10.2/CMakeFiles/CMakeTmp

Run Build Command:/usr/bin/make "cmTryCompileExec1246049339/fast"
make[4]: Entering directory `/home/shizhai/new_zhongwang/trunk/build_dir/host/cmake-2.8.10.2/CMakeFiles/CMakeTmp'
make -f CMakeFiles/cmTryCompileExec1246049339.dir/build.make CMakeFiles/cmTryCompileExec1246049339.dir/build
make[5]: Entering directory `/home/shizhai/new_zhongwang/trunk/build_dir/host/cmake-2.8.10.2/CMakeFiles/CMakeTmp'
/home/shizhai/new_zhongwang/trunk/build_dir/host/cmake-2.8.10.2/Bootstrap.cmk/cmake -E cmake_progress_report /home/shizhai/new_zhongwang/trunk/build_dir/host/cmake-2.8.10.2/CMakeFiles/CMakeTmp/CMakeFiles 1
Building C object CMakeFiles/cmTryCompileExec1246049339.dir/CurlTests.c.o
/usr/bin/gcc   -DHAVE_GETHOSTBYNAME_R_3_REENTRANT   -o CMakeFiles/cmTryCompileExec1246049339.dir/CurlTests.c.o   -c /home/shizhai/new_zhongwang/trunk/build_dir/host/cmake-2.8.10.2/Utilities/cmcurl/CMake/CurlTests.c
/home/shizhai/new_zhongwang/trunk/build_dir/host/cmake-2.8.10.2/Utilities/cmcurl/CMake/CurlTests.c: In function 'main':
/home/shizhai/new_zhongwang/trunk/build_dir/host/cmake-2.8.10.2/Utilities/cmcurl/CMake/CurlTests.c:225:21: error: storage size of 'data' isn't known
/home/shizhai/new_zhongwang/trunk/build_dir/host/cmake-2.8.10.2/Utilities/cmcurl/CMake/CurlTests.c:229:1: error: too few arguments to function 'gethostbyname_r'
/usr/include/netdb.h:180:12: note: declared here
make[5]: Leaving directory `/home/shizhai/new_zhongwang/trunk/build_dir/host/cmake-2.8.10.2/CMakeFiles/CMakeTmp'
make[5]: *** [CMakeFiles/cmTryCompileExec1246049339.dir/CurlTests.c.o] Error 1
make[4]: Leaving directory `/home/shizhai/new_zhongwang/trunk/build_dir/host/cmake-2.8.10.2/CMakeFiles/CMakeTmp'
make[4]: *** [cmTryCompileExec1246049339/fast] Error 2

Performing Curl Test HAVE_GETHOSTBYNAME_R_5_REENTRANT failed with the following output:
Change Dir: /home/shizhai/new_zhongwang/trunk/build_dir/host/cmake-2.8.10.2/CMakeFiles/CMakeTmp

Run Build Command:/usr/bin/make "cmTryCompileExec1319732536/fast"
make[4]: Entering directory `/home/shizhai/new_zhongwang/trunk/build_dir/host/cmake-2.8.10.2/CMakeFiles/CMakeTmp'
make -f CMakeFiles/cmTryCompileExec1319732536.dir/build.make CMakeFiles/cmTryCompileExec1319732536.dir/build
make[5]: Entering directory `/home/shizhai/new_zhongwang/trunk/build_dir/host/cmake-2.8.10.2/CMakeFiles/CMakeTmp'
/home/shizhai/new_zhongwang/trunk/build_dir/host/cmake-2.8.10.2/Bootstrap.cmk/cmake -E cmake_progress_report /home/shizhai/new_zhongwang/trunk/build_dir/host/cmake-2.8.10.2/CMakeFiles/CMakeTmp/CMakeFiles 1
Building C object CMakeFiles/cmTryCompileExec1319732536.dir/CurlTests.c.o
/usr/bin/gcc   -DHAVE_GETHOSTBYNAME_R_5_REENTRANT   -o CMakeFiles/cmTryCompileExec1319732536.dir/CurlTests.c.o   -c /home/shizhai/new_zhongwang/trunk/build_dir/host/cmake-2.8.10.2/Utilities/cmcurl/CMake/CurlTests.c
/home/shizhai/new_zhongwang/trunk/build_dir/host/cmake-2.8.10.2/Utilities/cmcurl/CMake/CurlTests.c: In function 'main':
/home/shizhai/new_zhongwang/trunk/build_dir/host/cmake-2.8.10.2/Utilities/cmcurl/CMake/CurlTests.c:266:1: error: too few arguments to function 'gethostbyname_r'
/usr/include/netdb.h:180:12: note: declared here
make[5]: *** [CMakeFiles/cmTryCompileExec1319732536.dir/CurlTests.c.o] Error 1
make[5]: Leaving directory `/home/shizhai/new_zhongwang/trunk/build_dir/host/cmake-2.8.10.2/CMakeFiles/CMakeTmp'
make[4]: *** [cmTryCompileExec1319732536/fast] Error 2
make[4]: Leaving directory `/home/shizhai/new_zhongwang/trunk/build_dir/host/cmake-2.8.10.2/CMakeFiles/CMakeTmp'

Performing Curl Test HAVE_INET_NTOA_R_DECL failed with the following output:
Change Dir: /home/shizhai/new_zhongwang/trunk/build_dir/host/cmake-2.8.10.2/CMakeFiles/CMakeTmp

Run Build Command:/usr/bin/make "cmTryCompileExec3076076227/fast"
make[4]: Entering directory `/home/shizhai/new_zhongwang/trunk/build_dir/host/cmake-2.8.10.2/CMakeFiles/CMakeTmp'
make -f CMakeFiles/cmTryCompileExec3076076227.dir/build.make CMakeFiles/cmTryCompileExec3076076227.dir/build
make[5]: Entering directory `/home/shizhai/new_zhongwang/trunk/build_dir/host/cmake-2.8.10.2/CMakeFiles/CMakeTmp'
/home/shizhai/new_zhongwang/trunk/build_dir/host/cmake-2.8.10.2/Bootstrap.cmk/cmake -E cmake_progress_report /home/shizhai/new_zhongwang/trunk/build_dir/host/cmake-2.8.10.2/CMakeFiles/CMakeTmp/CMakeFiles 1
Building C object CMakeFiles/cmTryCompileExec3076076227.dir/CurlTests.c.o
/usr/bin/gcc   -DHAVE_INET_NTOA_R_DECL   -o CMakeFiles/cmTryCompileExec3076076227.dir/CurlTests.c.o   -c /home/shizhai/new_zhongwang/trunk/build_dir/host/cmake-2.8.10.2/Utilities/cmcurl/CMake/CurlTests.c
/home/shizhai/new_zhongwang/trunk/build_dir/host/cmake-2.8.10.2/Utilities/cmcurl/CMake/CurlTests.c: In function 'main':
/home/shizhai/new_zhongwang/trunk/build_dir/host/cmake-2.8.10.2/Utilities/cmcurl/CMake/CurlTests.c:376:21: error: 'inet_ntoa_r' undeclared (first use in this function)
/home/shizhai/new_zhongwang/trunk/build_dir/host/cmake-2.8.10.2/Utilities/cmcurl/CMake/CurlTests.c:376:21: note: each undeclared identifier is reported only once for each function it appears in
make[5]: *** [CMakeFiles/cmTryCompileExec3076076227.dir/CurlTests.c.o] Error 1
make[5]: Leaving directory `/home/shizhai/new_zhongwang/trunk/build_dir/host/cmake-2.8.10.2/CMakeFiles/CMakeTmp'
make[4]: Leaving directory `/home/shizhai/new_zhongwang/trunk/build_dir/host/cmake-2.8.10.2/CMakeFiles/CMakeTmp'
make[4]: *** [cmTryCompileExec3076076227/fast] Error 2

Performing Curl Test HAVE_INET_NTOA_R_DECL_REENTRANT failed with the following output:
Change Dir: /home/shizhai/new_zhongwang/trunk/build_dir/host/cmake-2.8.10.2/CMakeFiles/CMakeTmp

Run Build Command:/usr/bin/make "cmTryCompileExec26398168/fast"
make[4]: Entering directory `/home/shizhai/new_zhongwang/trunk/build_dir/host/cmake-2.8.10.2/CMakeFiles/CMakeTmp'
make -f CMakeFiles/cmTryCompileExec26398168.dir/build.make CMakeFiles/cmTryCompileExec26398168.dir/build
make[5]: Entering directory `/home/shizhai/new_zhongwang/trunk/build_dir/host/cmake-2.8.10.2/CMakeFiles/CMakeTmp'
/home/shizhai/new_zhongwang/trunk/build_dir/host/cmake-2.8.10.2/Bootstrap.cmk/cmake -E cmake_progress_report /home/shizhai/new_zhongwang/trunk/build_dir/host/cmake-2.8.10.2/CMakeFiles/CMakeTmp/CMakeFiles 1
Building C object CMakeFiles/cmTryCompileExec26398168.dir/CurlTests.c.o
/usr/bin/gcc   -DHAVE_INET_NTOA_R_DECL_REENTRANT   -o CMakeFiles/cmTryCompileExec26398168.dir/CurlTests.c.o   -c /home/shizhai/new_zhongwang/trunk/build_dir/host/cmake-2.8.10.2/Utilities/cmcurl/CMake/CurlTests.c
/home/shizhai/new_zhongwang/trunk/build_dir/host/cmake-2.8.10.2/Utilities/cmcurl/CMake/CurlTests.c: In function 'main':
/home/shizhai/new_zhongwang/trunk/build_dir/host/cmake-2.8.10.2/Utilities/cmcurl/CMake/CurlTests.c:391:22: error: 'inet_ntoa_r' undeclared (first use in this function)
/home/shizhai/new_zhongwang/trunk/build_dir/host/cmake-2.8.10.2/Utilities/cmcurl/CMake/CurlTests.c:391:22: note: each undeclared identifier is reported only once for each function it appears in
make[5]: Leaving directory `/home/shizhai/new_zhongwang/trunk/build_dir/host/cmake-2.8.10.2/CMakeFiles/CMakeTmp'
make[5]: *** [CMakeFiles/cmTryCompileExec26398168.dir/CurlTests.c.o] Error 1
make[4]: *** [cmTryCompileExec26398168/fast] Error 2
make[4]: Leaving directory `/home/shizhai/new_zhongwang/trunk/build_dir/host/cmake-2.8.10.2/CMakeFiles/CMakeTmp'

Determining if the function BZ2_bzCompressInit exists in the cmbzip2 failed with the following output:
Change Dir: /home/shizhai/new_zhongwang/trunk/build_dir/host/cmake-2.8.10.2/CMakeFiles/CMakeTmp

Run Build Command:/usr/bin/make "cmTryCompileExec3073684332/fast"
make[4]: Entering directory `/home/shizhai/new_zhongwang/trunk/build_dir/host/cmake-2.8.10.2/CMakeFiles/CMakeTmp'
make -f CMakeFiles/cmTryCompileExec3073684332.dir/build.make CMakeFiles/cmTryCompileExec3073684332.dir/build
make[5]: Entering directory `/home/shizhai/new_zhongwang/trunk/build_dir/host/cmake-2.8.10.2/CMakeFiles/CMakeTmp'
/home/shizhai/new_zhongwang/trunk/build_dir/host/cmake-2.8.10.2/Bootstrap.cmk/cmake -E cmake_progress_report /home/shizhai/new_zhongwang/trunk/build_dir/host/cmake-2.8.10.2/CMakeFiles/CMakeTmp/CMakeFiles 1
Building C object CMakeFiles/cmTryCompileExec3073684332.dir/CheckFunctionExists.c.o
/usr/bin/gcc   -w  -DCHECK_FUNCTION_EXISTS=BZ2_bzCompressInit   -o CMakeFiles/cmTryCompileExec3073684332.dir/CheckFunctionExists.c.o   -c /home/shizhai/new_zhongwang/trunk/build_dir/host/cmake-2.8.10.2/Modules/CheckFunctionExists.c
Linking C executable cmTryCompileExec3073684332
/home/shizhai/new_zhongwang/trunk/build_dir/host/cmake-2.8.10.2/Bootstrap.cmk/cmake -E cmake_link_script CMakeFiles/cmTryCompileExec3073684332.dir/link.txt --verbose=1
/usr/bin/gcc    -w  -DCHECK_FUNCTION_EXISTS=BZ2_bzCompressInit    CMakeFiles/cmTryCompileExec3073684332.dir/CheckFunctionExists.c.o  -o cmTryCompileExec3073684332 -rdynamic -lcmbzip2 
/usr/bin/ld: cannot find -lcmbzip2
collect2: ld returned 1 exit status
make[5]: *** [cmTryCompileExec3073684332] Error 1
make[5]: Leaving directory `/home/shizhai/new_zhongwang/trunk/build_dir/host/cmake-2.8.10.2/CMakeFiles/CMakeTmp'
make[4]: *** [cmTryCompileExec3073684332/fast] Error 2
make[4]: Leaving directory `/home/shizhai/new_zhongwang/trunk/build_dir/host/cmake-2.8.10.2/CMakeFiles/CMakeTmp'


Determining if files sys/types.h;acl/libacl.h exist failed with the following output:
Change Dir: /home/shizhai/new_zhongwang/trunk/build_dir/host/cmake-2.8.10.2/CMakeFiles/CMakeTmp

Run Build Command:/usr/bin/make "cmTryCompileExec24619211/fast"
make[4]: Entering directory `/home/shizhai/new_zhongwang/trunk/build_dir/host/cmake-2.8.10.2/CMakeFiles/CMakeTmp'
make -f CMakeFiles/cmTryCompileExec24619211.dir/build.make CMakeFiles/cmTryCompileExec24619211.dir/build
make[5]: Entering directory `/home/shizhai/new_zhongwang/trunk/build_dir/host/cmake-2.8.10.2/CMakeFiles/CMakeTmp'
/home/shizhai/new_zhongwang/trunk/build_dir/host/cmake-2.8.10.2/Bootstrap.cmk/cmake -E cmake_progress_report /home/shizhai/new_zhongwang/trunk/build_dir/host/cmake-2.8.10.2/CMakeFiles/CMakeTmp/CMakeFiles 1
Building C object CMakeFiles/cmTryCompileExec24619211.dir/CheckIncludeFiles.c.o
/usr/bin/gcc   -w     -o CMakeFiles/cmTryCompileExec24619211.dir/CheckIncludeFiles.c.o   -c /home/shizhai/new_zhongwang/trunk/build_dir/host/cmake-2.8.10.2/CMakeFiles/CMakeTmp/CheckIncludeFiles.c
/home/shizhai/new_zhongwang/trunk/build_dir/host/cmake-2.8.10.2/CMakeFiles/CMakeTmp/CheckIncludeFiles.c:3:24: fatal error: acl/libacl.h: No such file or directory
compilation terminated.
make[5]: *** [CMakeFiles/cmTryCompileExec24619211.dir/CheckIncludeFiles.c.o] Error 1
make[5]: Leaving directory `/home/shizhai/new_zhongwang/trunk/build_dir/host/cmake-2.8.10.2/CMakeFiles/CMakeTmp'
make[4]: *** [cmTryCompileExec24619211/fast] Error 2
make[4]: Leaving directory `/home/shizhai/new_zhongwang/trunk/build_dir/host/cmake-2.8.10.2/CMakeFiles/CMakeTmp'

Source:
/* */
#include <sys/types.h>
#include <acl/libacl.h>


int main(){return 0;}

Determining if files sys/types.h;ctype.h;copyfile.h exist failed with the following output:
Change Dir: /home/shizhai/new_zhongwang/trunk/build_dir/host/cmake-2.8.10.2/CMakeFiles/CMakeTmp

Run Build Command:/usr/bin/make "cmTryCompileExec478288236/fast"
make[4]: Entering directory `/home/shizhai/new_zhongwang/trunk/build_dir/host/cmake-2.8.10.2/CMakeFiles/CMakeTmp'
make -f CMakeFiles/cmTryCompileExec478288236.dir/build.make CMakeFiles/cmTryCompileExec478288236.dir/build
make[5]: Entering directory `/home/shizhai/new_zhongwang/trunk/build_dir/host/cmake-2.8.10.2/CMakeFiles/CMakeTmp'
/home/shizhai/new_zhongwang/trunk/build_dir/host/cmake-2.8.10.2/Bootstrap.cmk/cmake -E cmake_progress_report /home/shizhai/new_zhongwang/trunk/build_dir/host/cmake-2.8.10.2/CMakeFiles/CMakeTmp/CMakeFiles 1
Building C object CMakeFiles/cmTryCompileExec478288236.dir/CheckIncludeFiles.c.o
/usr/bin/gcc   -w     -o CMakeFiles/cmTryCompileExec478288236.dir/CheckIncludeFiles.c.o   -c /home/shizhai/new_zhongwang/trunk/build_dir/host/cmake-2.8.10.2/CMakeFiles/CMakeTmp/CheckIncludeFiles.c
/home/shizhai/new_zhongwang/trunk/build_dir/host/cmake-2.8.10.2/CMakeFiles/CMakeTmp/CheckIncludeFiles.c:4:22: fatal error: copyfile.h: No such file or directory
compilation terminated.
make[5]: *** [CMakeFiles/cmTryCompileExec478288236.dir/CheckIncludeFiles.c.o] Error 1
make[5]: Leaving directory `/home/shizhai/new_zhongwang/trunk/build_dir/host/cmake-2.8.10.2/CMakeFiles/CMakeTmp'
make[4]: *** [cmTryCompileExec478288236/fast] Error 2
make[4]: Leaving directory `/home/shizhai/new_zhongwang/trunk/build_dir/host/cmake-2.8.10.2/CMakeFiles/CMakeTmp'

Source:
/* */
#include <sys/types.h>
#include <ctype.h>
#include <copyfile.h>


int main(){return 0;}

Determining if files sys/types.h;ctype.h;direct.h exist failed with the following output:
Change Dir: /home/shizhai/new_zhongwang/trunk/build_dir/host/cmake-2.8.10.2/CMakeFiles/CMakeTmp

Run Build Command:/usr/bin/make "cmTryCompileExec3347309552/fast"
make[4]: Entering directory `/home/shizhai/new_zhongwang/trunk/build_dir/host/cmake-2.8.10.2/CMakeFiles/CMakeTmp'
make -f CMakeFiles/cmTryCompileExec3347309552.dir/build.make CMakeFiles/cmTryCompileExec3347309552.dir/build
make[5]: Entering directory `/home/shizhai/new_zhongwang/trunk/build_dir/host/cmake-2.8.10.2/CMakeFiles/CMakeTmp'
/home/shizhai/new_zhongwang/trunk/build_dir/host/cmake-2.8.10.2/Bootstrap.cmk/cmake -E cmake_progress_report /home/shizhai/new_zhongwang/trunk/build_dir/host/cmake-2.8.10.2/CMakeFiles/CMakeTmp/CMakeFiles 1
Building C object CMakeFiles/cmTryCompileExec3347309552.dir/CheckIncludeFiles.c.o
/usr/bin/gcc   -w     -o CMakeFiles/cmTryCompileExec3347309552.dir/CheckIncludeFiles.c.o   -c /home/shizhai/new_zhongwang/trunk/build_dir/host/cmake-2.8.10.2/CMakeFiles/CMakeTmp/CheckIncludeFiles.c
/home/shizhai/new_zhongwang/trunk/build_dir/host/cmake-2.8.10.2/CMakeFiles/CMakeTmp/CheckIncludeFiles.c:4:20: fatal error: direct.h: No such file or directory
compilation terminated.
make[5]: *** [CMakeFiles/cmTryCompileExec3347309552.dir/CheckIncludeFiles.c.o] Error 1
make[5]: Leaving directory `/home/shizhai/new_zhongwang/trunk/build_dir/host/cmake-2.8.10.2/CMakeFiles/CMakeTmp'
make[4]: *** [cmTryCompileExec3347309552/fast] Error 2
make[4]: Leaving directory `/home/shizhai/new_zhongwang/trunk/build_dir/host/cmake-2.8.10.2/CMakeFiles/CMakeTmp'

Source:
/* */
#include <sys/types.h>
#include <ctype.h>
#include <direct.h>


int main(){return 0;}

Determining if files sys/types.h;ctype.h;dlfcn.h;errno.h;ext2fs/ext2_fs.h exist failed with the following output:
Change Dir: /home/shizhai/new_zhongwang/trunk/build_dir/host/cmake-2.8.10.2/CMakeFiles/CMakeTmp

Run Build Command:/usr/bin/make "cmTryCompileExec2392851619/fast"
make[4]: Entering directory `/home/shizhai/new_zhongwang/trunk/build_dir/host/cmake-2.8.10.2/CMakeFiles/CMakeTmp'
make -f CMakeFiles/cmTryCompileExec2392851619.dir/build.make CMakeFiles/cmTryCompileExec2392851619.dir/build
make[5]: Entering directory `/home/shizhai/new_zhongwang/trunk/build_dir/host/cmake-2.8.10.2/CMakeFiles/CMakeTmp'
/home/shizhai/new_zhongwang/trunk/build_dir/host/cmake-2.8.10.2/Bootstrap.cmk/cmake -E cmake_progress_report /home/shizhai/new_zhongwang/trunk/build_dir/host/cmake-2.8.10.2/CMakeFiles/CMakeTmp/CMakeFiles 1
Building C object CMakeFiles/cmTryCompileExec2392851619.dir/CheckIncludeFiles.c.o
/usr/bin/gcc   -w     -o CMakeFiles/cmTryCompileExec2392851619.dir/CheckIncludeFiles.c.o   -c /home/shizhai/new_zhongwang/trunk/build_dir/host/cmake-2.8.10.2/CMakeFiles/CMakeTmp/CheckIncludeFiles.c
/home/shizhai/new_zhongwang/trunk/build_dir/host/cmake-2.8.10.2/CMakeFiles/CMakeTmp/CheckIncludeFiles.c:6:28: fatal error: ext2fs/ext2_fs.h: No such file or directory
compilation terminated.
make[5]: *** [CMakeFiles/cmTryCompileExec2392851619.dir/CheckIncludeFiles.c.o] Error 1
make[5]: Leaving directory `/home/shizhai/new_zhongwang/trunk/build_dir/host/cmake-2.8.10.2/CMakeFiles/CMakeTmp'
make[4]: *** [cmTryCompileExec2392851619/fast] Error 2
make[4]: Leaving directory `/home/shizhai/new_zhongwang/trunk/build_dir/host/cmake-2.8.10.2/CMakeFiles/CMakeTmp'

Source:
/* */
#include <sys/types.h>
#include <ctype.h>
#include <dlfcn.h>
#include <errno.h>
#include <ext2fs/ext2_fs.h>


int main(){return 0;}

Performing C SOURCE FILE Test HAVE_WORKING_EXT2_IOC_GETFLAGS failed with the following output:
Change Dir: /home/shizhai/new_zhongwang/trunk/build_dir/host/cmake-2.8.10.2/CMakeFiles/CMakeTmp

Run Build Command:/usr/bin/make "cmTryCompileExec2668578168/fast"
make[4]: Entering directory `/home/shizhai/new_zhongwang/trunk/build_dir/host/cmake-2.8.10.2/CMakeFiles/CMakeTmp'
make -f CMakeFiles/cmTryCompileExec2668578168.dir/build.make CMakeFiles/cmTryCompileExec2668578168.dir/build
make[5]: Entering directory `/home/shizhai/new_zhongwang/trunk/build_dir/host/cmake-2.8.10.2/CMakeFiles/CMakeTmp'
/home/shizhai/new_zhongwang/trunk/build_dir/host/cmake-2.8.10.2/Bootstrap.cmk/cmake -E cmake_progress_report /home/shizhai/new_zhongwang/trunk/build_dir/host/cmake-2.8.10.2/CMakeFiles/CMakeTmp/CMakeFiles 1
Building C object CMakeFiles/cmTryCompileExec2668578168.dir/src.c.o
/usr/bin/gcc   -w  -DHAVE_WORKING_EXT2_IOC_GETFLAGS   -o CMakeFiles/cmTryCompileExec2668578168.dir/src.c.o   -c /home/shizhai/new_zhongwang/trunk/build_dir/host/cmake-2.8.10.2/CMakeFiles/CMakeTmp/src.c
/home/shizhai/new_zhongwang/trunk/build_dir/host/cmake-2.8.10.2/CMakeFiles/CMakeTmp/src.c:2:28: fatal error: ext2fs/ext2_fs.h: No such file or directory
compilation terminated.
make[5]: *** [CMakeFiles/cmTryCompileExec2668578168.dir/src.c.o] Error 1
make[5]: Leaving directory `/home/shizhai/new_zhongwang/trunk/build_dir/host/cmake-2.8.10.2/CMakeFiles/CMakeTmp'
make[4]: *** [cmTryCompileExec2668578168/fast] Error 2
make[4]: Leaving directory `/home/shizhai/new_zhongwang/trunk/build_dir/host/cmake-2.8.10.2/CMakeFiles/CMakeTmp'

Source file was:
#include <sys/ioctl.h>
#include <ext2fs/ext2_fs.h>
int main(void) { return EXT2_IOC_GETFLAGS; }
Determining if files sys/types.h;ctype.h;dlfcn.h;errno.h;fcntl.h;grp.h;inttypes.h;langinfo.h;limits.h;linux/types.h;linux/fiemap.h;linux/fs.h;linux/magic.h;locale.h;memory.h;paths.h;poll.h;pwd.h;regex.h;signal.h;stdarg.h;stdint.h;stdlib.h;string.h;strings.h;sys/acl.h exist failed with the following output:
Change Dir: /home/shizhai/new_zhongwang/trunk/build_dir/host/cmake-2.8.10.2/CMakeFiles/CMakeTmp

Run Build Command:/usr/bin/make "cmTryCompileExec1230774443/fast"
make[4]: Entering directory `/home/shizhai/new_zhongwang/trunk/build_dir/host/cmake-2.8.10.2/CMakeFiles/CMakeTmp'
make -f CMakeFiles/cmTryCompileExec1230774443.dir/build.make CMakeFiles/cmTryCompileExec1230774443.dir/build
make[5]: Entering directory `/home/shizhai/new_zhongwang/trunk/build_dir/host/cmake-2.8.10.2/CMakeFiles/CMakeTmp'
/home/shizhai/new_zhongwang/trunk/build_dir/host/cmake-2.8.10.2/Bootstrap.cmk/cmake -E cmake_progress_report /home/shizhai/new_zhongwang/trunk/build_dir/host/cmake-2.8.10.2/CMakeFiles/CMakeTmp/CMakeFiles 1
Building C object CMakeFiles/cmTryCompileExec1230774443.dir/CheckIncludeFiles.c.o
/usr/bin/gcc   -w     -o CMakeFiles/cmTryCompileExec1230774443.dir/CheckIncludeFiles.c.o   -c /home/shizhai/new_zhongwang/trunk/build_dir/host/cmake-2.8.10.2/CMakeFiles/CMakeTmp/CheckIncludeFiles.c
/home/shizhai/new_zhongwang/trunk/build_dir/host/cmake-2.8.10.2/CMakeFiles/CMakeTmp/CheckIncludeFiles.c:27:21: fatal error: sys/acl.h: No such file or directory
compilation terminated.
make[5]: *** [CMakeFiles/cmTryCompileExec1230774443.dir/CheckIncludeFiles.c.o] Error 1
make[5]: Leaving directory `/home/shizhai/new_zhongwang/trunk/build_dir/host/cmake-2.8.10.2/CMakeFiles/CMakeTmp'
make[4]: *** [cmTryCompileExec1230774443/fast] Error 2
make[4]: Leaving directory `/home/shizhai/new_zhongwang/trunk/build_dir/host/cmake-2.8.10.2/CMakeFiles/CMakeTmp'

Source:
/* */
#include <sys/types.h>
#include <ctype.h>
#include <dlfcn.h>
#include <errno.h>
#include <fcntl.h>
#include <grp.h>
#include <inttypes.h>
#include <langinfo.h>
#include <limits.h>
#include <linux/types.h>
#include <linux/fiemap.h>
#include <linux/fs.h>
#include <linux/magic.h>
#include <locale.h>
#include <memory.h>
#include <paths.h>
#include <poll.h>
#include <pwd.h>
#include <regex.h>
#include <signal.h>
#include <stdarg.h>
#include <stdint.h>
#include <stdlib.h>
#include <string.h>
#include <strings.h>
#include <sys/acl.h>


int main(){return 0;}

Determining if files sys/types.h;ctype.h;dlfcn.h;errno.h;fcntl.h;grp.h;inttypes.h;langinfo.h;limits.h;linux/types.h;linux/fiemap.h;linux/fs.h;linux/magic.h;locale.h;memory.h;paths.h;poll.h;pwd.h;regex.h;signal.h;stdarg.h;stdint.h;stdlib.h;string.h;strings.h;sys/cdefs.h;sys/ioctl.h;sys/mkdev.h exist failed with the following output:
Change Dir: /home/shizhai/new_zhongwang/trunk/build_dir/host/cmake-2.8.10.2/CMakeFiles/CMakeTmp

Run Build Command:/usr/bin/make "cmTryCompileExec3009525904/fast"
make[4]: Entering directory `/home/shizhai/new_zhongwang/trunk/build_dir/host/cmake-2.8.10.2/CMakeFiles/CMakeTmp'
make -f CMakeFiles/cmTryCompileExec3009525904.dir/build.make CMakeFiles/cmTryCompileExec3009525904.dir/build
make[5]: Entering directory `/home/shizhai/new_zhongwang/trunk/build_dir/host/cmake-2.8.10.2/CMakeFiles/CMakeTmp'
/home/shizhai/new_zhongwang/trunk/build_dir/host/cmake-2.8.10.2/Bootstrap.cmk/cmake -E cmake_progress_report /home/shizhai/new_zhongwang/trunk/build_dir/host/cmake-2.8.10.2/CMakeFiles/CMakeTmp/CMakeFiles 1
Building C object CMakeFiles/cmTryCompileExec3009525904.dir/CheckIncludeFiles.c.o
/usr/bin/gcc   -w     -o CMakeFiles/cmTryCompileExec3009525904.dir/CheckIncludeFiles.c.o   -c /home/shizhai/new_zhongwang/trunk/build_dir/host/cmake-2.8.10.2/CMakeFiles/CMakeTmp/CheckIncludeFiles.c
/home/shizhai/new_zhongwang/trunk/build_dir/host/cmake-2.8.10.2/CMakeFiles/CMakeTmp/CheckIncludeFiles.c:29:23: fatal error: sys/mkdev.h: No such file or directory
compilation terminated.
make[5]: *** [CMakeFiles/cmTryCompileExec3009525904.dir/CheckIncludeFiles.c.o] Error 1
make[5]: Leaving directory `/home/shizhai/new_zhongwang/trunk/build_dir/host/cmake-2.8.10.2/CMakeFiles/CMakeTmp'
make[4]: *** [cmTryCompileExec3009525904/fast] Error 2
make[4]: Leaving directory `/home/shizhai/new_zhongwang/trunk/build_dir/host/cmake-2.8.10.2/CMakeFiles/CMakeTmp'

Source:
/* */
#include <sys/types.h>
#include <ctype.h>
#include <dlfcn.h>
#include <errno.h>
#include <fcntl.h>
#include <grp.h>
#include <inttypes.h>
#include <langinfo.h>
#include <limits.h>
#include <linux/types.h>
#include <linux/fiemap.h>
#include <linux/fs.h>
#include <linux/magic.h>
#include <locale.h>
#include <memory.h>
#include <paths.h>
#include <poll.h>
#include <pwd.h>
#include <regex.h>
#include <signal.h>
#include <stdarg.h>
#include <stdint.h>
#include <stdlib.h>
#include <string.h>
#include <strings.h>
#include <sys/cdefs.h>
#include <sys/ioctl.h>
#include <sys/mkdev.h>


int main(){return 0;}

Determining if files sys/types.h;ctype.h;dlfcn.h;errno.h;fcntl.h;grp.h;inttypes.h;langinfo.h;limits.h;linux/types.h;linux/fiemap.h;linux/fs.h;linux/magic.h;locale.h;memory.h;paths.h;poll.h;pwd.h;regex.h;signal.h;stdarg.h;stdint.h;stdlib.h;string.h;strings.h;sys/cdefs.h;sys/ioctl.h;sys/mount.h exist failed with the following output:
Change Dir: /home/shizhai/new_zhongwang/trunk/build_dir/host/cmake-2.8.10.2/CMakeFiles/CMakeTmp

Run Build Command:/usr/bin/make "cmTryCompileExec1703305802/fast"
make[4]: Entering directory `/home/shizhai/new_zhongwang/trunk/build_dir/host/cmake-2.8.10.2/CMakeFiles/CMakeTmp'
make -f CMakeFiles/cmTryCompileExec1703305802.dir/build.make CMakeFiles/cmTryCompileExec1703305802.dir/build
make[5]: Entering directory `/home/shizhai/new_zhongwang/trunk/build_dir/host/cmake-2.8.10.2/CMakeFiles/CMakeTmp'
/home/shizhai/new_zhongwang/trunk/build_dir/host/cmake-2.8.10.2/Bootstrap.cmk/cmake -E cmake_progress_report /home/shizhai/new_zhongwang/trunk/build_dir/host/cmake-2.8.10.2/CMakeFiles/CMakeTmp/CMakeFiles 1
Building C object CMakeFiles/cmTryCompileExec1703305802.dir/CheckIncludeFiles.c.o
/usr/bin/gcc   -w     -o CMakeFiles/cmTryCompileExec1703305802.dir/CheckIncludeFiles.c.o   -c /home/shizhai/new_zhongwang/trunk/build_dir/host/cmake-2.8.10.2/CMakeFiles/CMakeTmp/CheckIncludeFiles.c
In file included from /home/shizhai/new_zhongwang/trunk/build_dir/host/cmake-2.8.10.2/CMakeFiles/CMakeTmp/CheckIncludeFiles.c:29:0:
/usr/include/i386-linux-gnu/sys/mount.h:36:3: error: expected identifier before numeric constant
make[5]: *** [CMakeFiles/cmTryCompileExec1703305802.dir/CheckIncludeFiles.c.o] Error 1
make[5]: Leaving directory `/home/shizhai/new_zhongwang/trunk/build_dir/host/cmake-2.8.10.2/CMakeFiles/CMakeTmp'
make[4]: Leaving directory `/home/shizhai/new_zhongwang/trunk/build_dir/host/cmake-2.8.10.2/CMakeFiles/CMakeTmp'
make[4]: *** [cmTryCompileExec1703305802/fast] Error 2

Source:
/* */
#include <sys/types.h>
#include <ctype.h>
#include <dlfcn.h>
#include <errno.h>
#include <fcntl.h>
#include <grp.h>
#include <inttypes.h>
#include <langinfo.h>
#include <limits.h>
#include <linux/types.h>
#include <linux/fiemap.h>
#include <linux/fs.h>
#include <linux/magic.h>
#include <locale.h>
#include <memory.h>
#include <paths.h>
#include <poll.h>
#include <pwd.h>
#include <regex.h>
#include <signal.h>
#include <stdarg.h>
#include <stdint.h>
#include <stdlib.h>
#include <string.h>
#include <strings.h>
#include <sys/cdefs.h>
#include <sys/ioctl.h>
#include <sys/mount.h>


int main(){return 0;}

Determining if files sys/types.h;ctype.h;dlfcn.h;errno.h;fcntl.h;grp.h;inttypes.h;langinfo.h;limits.h;linux/types.h;linux/fiemap.h;linux/fs.h;linux/magic.h;locale.h;memory.h;paths.h;poll.h;pwd.h;regex.h;signal.h;stdarg.h;stdint.h;stdlib.h;string.h;strings.h;sys/cdefs.h;sys/ioctl.h;sys/param.h;sys/poll.h;sys/select.h;sys/stat.h;sys/statfs.h;sys/statvfs.h;sys/time.h;sys/utsname.h;sys/vfs.h;sys/wait.h;time.h;unistd.h;utime.h;wchar.h;wctype.h;windows.h exist failed with the following output:
Change Dir: /home/shizhai/new_zhongwang/trunk/build_dir/host/cmake-2.8.10.2/CMakeFiles/CMakeTmp

Run Build Command:/usr/bin/make "cmTryCompileExec3922537872/fast"
make[4]: Entering directory `/home/shizhai/new_zhongwang/trunk/build_dir/host/cmake-2.8.10.2/CMakeFiles/CMakeTmp'
make -f CMakeFiles/cmTryCompileExec3922537872.dir/build.make CMakeFiles/cmTryCompileExec3922537872.dir/build
make[5]: Entering directory `/home/shizhai/new_zhongwang/trunk/build_dir/host/cmake-2.8.10.2/CMakeFiles/CMakeTmp'
/home/shizhai/new_zhongwang/trunk/build_dir/host/cmake-2.8.10.2/Bootstrap.cmk/cmake -E cmake_progress_report /home/shizhai/new_zhongwang/trunk/build_dir/host/cmake-2.8.10.2/CMakeFiles/CMakeTmp/CMakeFiles 1
Building C object CMakeFiles/cmTryCompileExec3922537872.dir/CheckIncludeFiles.c.o
/usr/bin/gcc   -w     -o CMakeFiles/cmTryCompileExec3922537872.dir/CheckIncludeFiles.c.o   -c /home/shizhai/new_zhongwang/trunk/build_dir/host/cmake-2.8.10.2/CMakeFiles/CMakeTmp/CheckIncludeFiles.c
/home/shizhai/new_zhongwang/trunk/build_dir/host/cmake-2.8.10.2/CMakeFiles/CMakeTmp/CheckIncludeFiles.c:44:21: fatal error: windows.h: No such file or directory
compilation terminated.
make[5]: *** [CMakeFiles/cmTryCompileExec3922537872.dir/CheckIncludeFiles.c.o] Error 1
make[5]: Leaving directory `/home/shizhai/new_zhongwang/trunk/build_dir/host/cmake-2.8.10.2/CMakeFiles/CMakeTmp'
make[4]: *** [cmTryCompileExec3922537872/fast] Error 2
make[4]: Leaving directory `/home/shizhai/new_zhongwang/trunk/build_dir/host/cmake-2.8.10.2/CMakeFiles/CMakeTmp'

Source:
/* */
#include <sys/types.h>
#include <ctype.h>
#include <dlfcn.h>
#include <errno.h>
#include <fcntl.h>
#include <grp.h>
#include <inttypes.h>
#include <langinfo.h>
#include <limits.h>
#include <linux/types.h>
#include <linux/fiemap.h>
#include <linux/fs.h>
#include <linux/magic.h>
#include <locale.h>
#include <memory.h>
#include <paths.h>
#include <poll.h>
#include <pwd.h>
#include <regex.h>
#include <signal.h>
#include <stdarg.h>
#include <stdint.h>
#include <stdlib.h>
#include <string.h>
#include <strings.h>
#include <sys/cdefs.h>
#include <sys/ioctl.h>
#include <sys/param.h>
#include <sys/poll.h>
#include <sys/select.h>
#include <sys/stat.h>
#include <sys/statfs.h>
#include <sys/statvfs.h>
#include <sys/time.h>
#include <sys/utsname.h>
#include <sys/vfs.h>
#include <sys/wait.h>
#include <time.h>
#include <unistd.h>
#include <utime.h>
#include <wchar.h>
#include <wctype.h>
#include <windows.h>


int main(){return 0;}

Determining if files sys/types.h;ctype.h;dlfcn.h;errno.h;fcntl.h;grp.h;inttypes.h;langinfo.h;limits.h;linux/types.h;linux/fiemap.h;linux/fs.h;linux/magic.h;locale.h;memory.h;paths.h;poll.h;pwd.h;regex.h;signal.h;stdarg.h;stdint.h;stdlib.h;string.h;strings.h;sys/cdefs.h;sys/ioctl.h;sys/param.h;sys/poll.h;sys/select.h;sys/stat.h;sys/statfs.h;sys/statvfs.h;sys/time.h;sys/utsname.h;sys/vfs.h;sys/wait.h;time.h;unistd.h;utime.h;wchar.h;wctype.h;wincrypt.h exist failed with the following output:
Change Dir: /home/shizhai/new_zhongwang/trunk/build_dir/host/cmake-2.8.10.2/CMakeFiles/CMakeTmp

Run Build Command:/usr/bin/make "cmTryCompileExec3695562446/fast"
make[4]: Entering directory `/home/shizhai/new_zhongwang/trunk/build_dir/host/cmake-2.8.10.2/CMakeFiles/CMakeTmp'
make -f CMakeFiles/cmTryCompileExec3695562446.dir/build.make CMakeFiles/cmTryCompileExec3695562446.dir/build
make[5]: Entering directory `/home/shizhai/new_zhongwang/trunk/build_dir/host/cmake-2.8.10.2/CMakeFiles/CMakeTmp'
/home/shizhai/new_zhongwang/trunk/build_dir/host/cmake-2.8.10.2/Bootstrap.cmk/cmake -E cmake_progress_report /home/shizhai/new_zhongwang/trunk/build_dir/host/cmake-2.8.10.2/CMakeFiles/CMakeTmp/CMakeFiles 1
Building C object CMakeFiles/cmTryCompileExec3695562446.dir/CheckIncludeFiles.c.o
/usr/bin/gcc   -w     -o CMakeFiles/cmTryCompileExec3695562446.dir/CheckIncludeFiles.c.o   -c /home/shizhai/new_zhongwang/trunk/build_dir/host/cmake-2.8.10.2/CMakeFiles/CMakeTmp/CheckIncludeFiles.c
/home/shizhai/new_zhongwang/trunk/build_dir/host/cmake-2.8.10.2/CMakeFiles/CMakeTmp/CheckIncludeFiles.c:44:22: fatal error: wincrypt.h: No such file or directory
compilation terminated.
make[5]: *** [CMakeFiles/cmTryCompileExec3695562446.dir/CheckIncludeFiles.c.o] Error 1
make[5]: Leaving directory `/home/shizhai/new_zhongwang/trunk/build_dir/host/cmake-2.8.10.2/CMakeFiles/CMakeTmp'
make[4]: *** [cmTryCompileExec3695562446/fast] Error 2
make[4]: Leaving directory `/home/shizhai/new_zhongwang/trunk/build_dir/host/cmake-2.8.10.2/CMakeFiles/CMakeTmp'

Source:
/* */
#include <sys/types.h>
#include <ctype.h>
#include <dlfcn.h>
#include <errno.h>
#include <fcntl.h>
#include <grp.h>
#include <inttypes.h>
#include <langinfo.h>
#include <limits.h>
#include <linux/types.h>
#include <linux/fiemap.h>
#include <linux/fs.h>
#include <linux/magic.h>
#include <locale.h>
#include <memory.h>
#include <paths.h>
#include <poll.h>
#include <pwd.h>
#include <regex.h>
#include <signal.h>
#include <stdarg.h>
#include <stdint.h>
#include <stdlib.h>
#include <string.h>
#include <strings.h>
#include <sys/cdefs.h>
#include <sys/ioctl.h>
#include <sys/param.h>
#include <sys/poll.h>
#include <sys/select.h>
#include <sys/stat.h>
#include <sys/statfs.h>
#include <sys/statvfs.h>
#include <sys/time.h>
#include <sys/utsname.h>
#include <sys/vfs.h>
#include <sys/wait.h>
#include <time.h>
#include <unistd.h>
#include <utime.h>
#include <wchar.h>
#include <wctype.h>
#include <wincrypt.h>


int main(){return 0;}

Determining if files sys/types.h;ctype.h;dlfcn.h;errno.h;fcntl.h;grp.h;inttypes.h;langinfo.h;limits.h;linux/types.h;linux/fiemap.h;linux/fs.h;linux/magic.h;locale.h;memory.h;paths.h;poll.h;pwd.h;regex.h;signal.h;stdarg.h;stdint.h;stdlib.h;string.h;strings.h;sys/cdefs.h;sys/ioctl.h;sys/param.h;sys/poll.h;sys/select.h;sys/stat.h;sys/statfs.h;sys/statvfs.h;sys/time.h;sys/utsname.h;sys/vfs.h;sys/wait.h;time.h;unistd.h;utime.h;wchar.h;wctype.h;winioctl.h exist failed with the following output:
Change Dir: /home/shizhai/new_zhongwang/trunk/build_dir/host/cmake-2.8.10.2/CMakeFiles/CMakeTmp

Run Build Command:/usr/bin/make "cmTryCompileExec982517986/fast"
make[4]: Entering directory `/home/shizhai/new_zhongwang/trunk/build_dir/host/cmake-2.8.10.2/CMakeFiles/CMakeTmp'
make -f CMakeFiles/cmTryCompileExec982517986.dir/build.make CMakeFiles/cmTryCompileExec982517986.dir/build
make[5]: Entering directory `/home/shizhai/new_zhongwang/trunk/build_dir/host/cmake-2.8.10.2/CMakeFiles/CMakeTmp'
/home/shizhai/new_zhongwang/trunk/build_dir/host/cmake-2.8.10.2/Bootstrap.cmk/cmake -E cmake_progress_report /home/shizhai/new_zhongwang/trunk/build_dir/host/cmake-2.8.10.2/CMakeFiles/CMakeTmp/CMakeFiles 1
Building C object CMakeFiles/cmTryCompileExec982517986.dir/CheckIncludeFiles.c.o
/usr/bin/gcc   -w     -o CMakeFiles/cmTryCompileExec982517986.dir/CheckIncludeFiles.c.o   -c /home/shizhai/new_zhongwang/trunk/build_dir/host/cmake-2.8.10.2/CMakeFiles/CMakeTmp/CheckIncludeFiles.c
/home/shizhai/new_zhongwang/trunk/build_dir/host/cmake-2.8.10.2/CMakeFiles/CMakeTmp/CheckIncludeFiles.c:44:22: fatal error: winioctl.h: No such file or directory
compilation terminated.
make[5]: *** [CMakeFiles/cmTryCompileExec982517986.dir/CheckIncludeFiles.c.o] Error 1
make[5]: Leaving directory `/home/shizhai/new_zhongwang/trunk/build_dir/host/cmake-2.8.10.2/CMakeFiles/CMakeTmp'
make[4]: *** [cmTryCompileExec982517986/fast] Error 2
make[4]: Leaving directory `/home/shizhai/new_zhongwang/trunk/build_dir/host/cmake-2.8.10.2/CMakeFiles/CMakeTmp'

Source:
/* */
#include <sys/types.h>
#include <ctype.h>
#include <dlfcn.h>
#include <errno.h>
#include <fcntl.h>
#include <grp.h>
#include <inttypes.h>
#include <langinfo.h>
#include <limits.h>
#include <linux/types.h>
#include <linux/fiemap.h>
#include <linux/fs.h>
#include <linux/magic.h>
#include <locale.h>
#include <memory.h>
#include <paths.h>
#include <poll.h>
#include <pwd.h>
#include <regex.h>
#include <signal.h>
#include <stdarg.h>
#include <stdint.h>
#include <stdlib.h>
#include <string.h>
#include <strings.h>
#include <sys/cdefs.h>
#include <sys/ioctl.h>
#include <sys/param.h>
#include <sys/poll.h>
#include <sys/select.h>
#include <sys/stat.h>
#include <sys/statfs.h>
#include <sys/statvfs.h>
#include <sys/time.h>
#include <sys/utsname.h>
#include <sys/vfs.h>
#include <sys/wait.h>
#include <time.h>
#include <unistd.h>
#include <utime.h>
#include <wchar.h>
#include <wctype.h>
#include <winioctl.h>


int main(){return 0;}

Determining if the function MD5Init exists in the md failed with the following output:
Change Dir: /home/shizhai/new_zhongwang/trunk/build_dir/host/cmake-2.8.10.2/CMakeFiles/CMakeTmp

Run Build Command:/usr/bin/make "cmTryCompileExec3251598383/fast"
make[4]: Entering directory `/home/shizhai/new_zhongwang/trunk/build_dir/host/cmake-2.8.10.2/CMakeFiles/CMakeTmp'
make -f CMakeFiles/cmTryCompileExec3251598383.dir/build.make CMakeFiles/cmTryCompileExec3251598383.dir/build
make[5]: Entering directory `/home/shizhai/new_zhongwang/trunk/build_dir/host/cmake-2.8.10.2/CMakeFiles/CMakeTmp'
/home/shizhai/new_zhongwang/trunk/build_dir/host/cmake-2.8.10.2/Bootstrap.cmk/cmake -E cmake_progress_report /home/shizhai/new_zhongwang/trunk/build_dir/host/cmake-2.8.10.2/CMakeFiles/CMakeTmp/CMakeFiles 1
Building C object CMakeFiles/cmTryCompileExec3251598383.dir/CheckFunctionExists.c.o
/usr/bin/gcc   -w  -DCHECK_FUNCTION_EXISTS=MD5Init   -o CMakeFiles/cmTryCompileExec3251598383.dir/CheckFunctionExists.c.o   -c /home/shizhai/new_zhongwang/trunk/build_dir/host/cmake-2.8.10.2/Modules/CheckFunctionExists.c
Linking C executable cmTryCompileExec3251598383
/home/shizhai/new_zhongwang/trunk/build_dir/host/cmake-2.8.10.2/Bootstrap.cmk/cmake -E cmake_link_script CMakeFiles/cmTryCompileExec3251598383.dir/link.txt --verbose=1
/usr/bin/gcc    -w  -DCHECK_FUNCTION_EXISTS=MD5Init    CMakeFiles/cmTryCompileExec3251598383.dir/CheckFunctionExists.c.o  -o cmTryCompileExec3251598383 -rdynamic -lmd 
/usr/bin/ld: cannot find -lmd
collect2: ld returned 1 exit status
make[5]: *** [cmTryCompileExec3251598383] Error 1
make[5]: Leaving directory `/home/shizhai/new_zhongwang/trunk/build_dir/host/cmake-2.8.10.2/CMakeFiles/CMakeTmp'
make[4]: *** [cmTryCompileExec3251598383/fast] Error 2
make[4]: Leaving directory `/home/shizhai/new_zhongwang/trunk/build_dir/host/cmake-2.8.10.2/CMakeFiles/CMakeTmp'


Determining if the _CrtSetReportMode exist failed with the following output:
Change Dir: /home/shizhai/new_zhongwang/trunk/build_dir/host/cmake-2.8.10.2/CMakeFiles/CMakeTmp

Run Build Command:/usr/bin/make "cmTryCompileExec1048702852/fast"
make[4]: Entering directory `/home/shizhai/new_zhongwang/trunk/build_dir/host/cmake-2.8.10.2/CMakeFiles/CMakeTmp'
make -f CMakeFiles/cmTryCompileExec1048702852.dir/build.make CMakeFiles/cmTryCompileExec1048702852.dir/build
make[5]: Entering directory `/home/shizhai/new_zhongwang/trunk/build_dir/host/cmake-2.8.10.2/CMakeFiles/CMakeTmp'
/home/shizhai/new_zhongwang/trunk/build_dir/host/cmake-2.8.10.2/Bootstrap.cmk/cmake -E cmake_progress_report /home/shizhai/new_zhongwang/trunk/build_dir/host/cmake-2.8.10.2/CMakeFiles/CMakeTmp/CMakeFiles 1
Building C object CMakeFiles/cmTryCompileExec1048702852.dir/CheckSymbolExists.c.o
/usr/bin/gcc   -w   -fno-builtin   -o CMakeFiles/cmTryCompileExec1048702852.dir/CheckSymbolExists.c.o   -c /home/shizhai/new_zhongwang/trunk/build_dir/host/cmake-2.8.10.2/CMakeFiles/CMakeTmp/CheckSymbolExists.c
/home/shizhai/new_zhongwang/trunk/build_dir/host/cmake-2.8.10.2/CMakeFiles/CMakeTmp/CheckSymbolExists.c:2:20: fatal error: crtdbg.h: No such file or directory
compilation terminated.
make[5]: *** [CMakeFiles/cmTryCompileExec1048702852.dir/CheckSymbolExists.c.o] Error 1
make[5]: Leaving directory `/home/shizhai/new_zhongwang/trunk/build_dir/host/cmake-2.8.10.2/CMakeFiles/CMakeTmp'
make[4]: Leaving directory `/home/shizhai/new_zhongwang/trunk/build_dir/host/cmake-2.8.10.2/CMakeFiles/CMakeTmp'
make[4]: *** [cmTryCompileExec1048702852/fast] Error 2

File /home/shizhai/new_zhongwang/trunk/build_dir/host/cmake-2.8.10.2/CMakeFiles/CMakeTmp/CheckSymbolExists.c:
/* */
#include <crtdbg.h>

int main(int argc, char** argv)
{
  (void)argv;
#ifndef _CrtSetReportMode
  return ((int*)(&_CrtSetReportMode))[argc];
#else
  (void)argc;
  return 0;
#endif
}

Determining if the function getvfsbyname exists failed with the following output:
Change Dir: /home/shizhai/new_zhongwang/trunk/build_dir/host/cmake-2.8.10.2/CMakeFiles/CMakeTmp

Run Build Command:/usr/bin/make "cmTryCompileExec1744600316/fast"
make[4]: Entering directory `/home/shizhai/new_zhongwang/trunk/build_dir/host/cmake-2.8.10.2/CMakeFiles/CMakeTmp'
make -f CMakeFiles/cmTryCompileExec1744600316.dir/build.make CMakeFiles/cmTryCompileExec1744600316.dir/build
make[5]: Entering directory `/home/shizhai/new_zhongwang/trunk/build_dir/host/cmake-2.8.10.2/CMakeFiles/CMakeTmp'
/home/shizhai/new_zhongwang/trunk/build_dir/host/cmake-2.8.10.2/Bootstrap.cmk/cmake -E cmake_progress_report /home/shizhai/new_zhongwang/trunk/build_dir/host/cmake-2.8.10.2/CMakeFiles/CMakeTmp/CMakeFiles 1
Building C object CMakeFiles/cmTryCompileExec1744600316.dir/CheckFunctionExists.c.o
/usr/bin/gcc   -w  -DCHECK_FUNCTION_EXISTS=getvfsbyname  -fno-builtin   -o CMakeFiles/cmTryCompileExec1744600316.dir/CheckFunctionExists.c.o   -c /home/shizhai/new_zhongwang/trunk/build_dir/host/cmake-2.8.10.2/Modules/CheckFunctionExists.c
Linking C executable cmTryCompileExec1744600316
/home/shizhai/new_zhongwang/trunk/build_dir/host/cmake-2.8.10.2/Bootstrap.cmk/cmake -E cmake_link_script CMakeFiles/cmTryCompileExec1744600316.dir/link.txt --verbose=1
/usr/bin/gcc    -w  -DCHECK_FUNCTION_EXISTS=getvfsbyname  -fno-builtin    CMakeFiles/cmTryCompileExec1744600316.dir/CheckFunctionExists.c.o  -o cmTryCompileExec1744600316 -rdynamic 
CMakeFiles/cmTryCompileExec1744600316.dir/CheckFunctionExists.c.o: In function `main':
CheckFunctionExists.c:(.text+0x7): undefined reference to `getvfsbyname'
collect2: ld returned 1 exit status
make[5]: *** [cmTryCompileExec1744600316] Error 1
make[5]: Leaving directory `/home/shizhai/new_zhongwang/trunk/build_dir/host/cmake-2.8.10.2/CMakeFiles/CMakeTmp'
make[4]: *** [cmTryCompileExec1744600316/fast] Error 2
make[4]: Leaving directory `/home/shizhai/new_zhongwang/trunk/build_dir/host/cmake-2.8.10.2/CMakeFiles/CMakeTmp'


Determining if the function lchflags exists failed with the following output:
Change Dir: /home/shizhai/new_zhongwang/trunk/build_dir/host/cmake-2.8.10.2/CMakeFiles/CMakeTmp

Run Build Command:/usr/bin/make "cmTryCompileExec1189316985/fast"
make[4]: Entering directory `/home/shizhai/new_zhongwang/trunk/build_dir/host/cmake-2.8.10.2/CMakeFiles/CMakeTmp'
make -f CMakeFiles/cmTryCompileExec1189316985.dir/build.make CMakeFiles/cmTryCompileExec1189316985.dir/build
make[5]: Entering directory `/home/shizhai/new_zhongwang/trunk/build_dir/host/cmake-2.8.10.2/CMakeFiles/CMakeTmp'
/home/shizhai/new_zhongwang/trunk/build_dir/host/cmake-2.8.10.2/Bootstrap.cmk/cmake -E cmake_progress_report /home/shizhai/new_zhongwang/trunk/build_dir/host/cmake-2.8.10.2/CMakeFiles/CMakeTmp/CMakeFiles 1
Building C object CMakeFiles/cmTryCompileExec1189316985.dir/CheckFunctionExists.c.o
/usr/bin/gcc   -w  -DCHECK_FUNCTION_EXISTS=lchflags  -fno-builtin   -o CMakeFiles/cmTryCompileExec1189316985.dir/CheckFunctionExists.c.o   -c /home/shizhai/new_zhongwang/trunk/build_dir/host/cmake-2.8.10.2/Modules/CheckFunctionExists.c
Linking C executable cmTryCompileExec1189316985
/home/shizhai/new_zhongwang/trunk/build_dir/host/cmake-2.8.10.2/Bootstrap.cmk/cmake -E cmake_link_script CMakeFiles/cmTryCompileExec1189316985.dir/link.txt --verbose=1
/usr/bin/gcc    -w  -DCHECK_FUNCTION_EXISTS=lchflags  -fno-builtin    CMakeFiles/cmTryCompileExec1189316985.dir/CheckFunctionExists.c.o  -o cmTryCompileExec1189316985 -rdynamic 
CMakeFiles/cmTryCompileExec1189316985.dir/CheckFunctionExists.c.o: In function `main':
CheckFunctionExists.c:(.text+0x7): undefined reference to `lchflags'
collect2: ld returned 1 exit status
make[5]: *** [cmTryCompileExec1189316985] Error 1
make[5]: Leaving directory `/home/shizhai/new_zhongwang/trunk/build_dir/host/cmake-2.8.10.2/CMakeFiles/CMakeTmp'
make[4]: *** [cmTryCompileExec1189316985/fast] Error 2
make[4]: Leaving directory `/home/shizhai/new_zhongwang/trunk/build_dir/host/cmake-2.8.10.2/CMakeFiles/CMakeTmp'


Determining if the function strncpy_s exists failed with the following output:
Change Dir: /home/shizhai/new_zhongwang/trunk/build_dir/host/cmake-2.8.10.2/CMakeFiles/CMakeTmp

Run Build Command:/usr/bin/make "cmTryCompileExec3608883187/fast"
make[4]: Entering directory `/home/shizhai/new_zhongwang/trunk/build_dir/host/cmake-2.8.10.2/CMakeFiles/CMakeTmp'
make -f CMakeFiles/cmTryCompileExec3608883187.dir/build.make CMakeFiles/cmTryCompileExec3608883187.dir/build
make[5]: Entering directory `/home/shizhai/new_zhongwang/trunk/build_dir/host/cmake-2.8.10.2/CMakeFiles/CMakeTmp'
/home/shizhai/new_zhongwang/trunk/build_dir/host/cmake-2.8.10.2/Bootstrap.cmk/cmake -E cmake_progress_report /home/shizhai/new_zhongwang/trunk/build_dir/host/cmake-2.8.10.2/CMakeFiles/CMakeTmp/CMakeFiles 1
Building C object CMakeFiles/cmTryCompileExec3608883187.dir/CheckFunctionExists.c.o
/usr/bin/gcc   -w  -DCHECK_FUNCTION_EXISTS=strncpy_s  -fno-builtin   -o CMakeFiles/cmTryCompileExec3608883187.dir/CheckFunctionExists.c.o   -c /home/shizhai/new_zhongwang/trunk/build_dir/host/cmake-2.8.10.2/Modules/CheckFunctionExists.c
Linking C executable cmTryCompileExec3608883187
/home/shizhai/new_zhongwang/trunk/build_dir/host/cmake-2.8.10.2/Bootstrap.cmk/cmake -E cmake_link_script CMakeFiles/cmTryCompileExec3608883187.dir/link.txt --verbose=1
/usr/bin/gcc    -w  -DCHECK_FUNCTION_EXISTS=strncpy_s  -fno-builtin    CMakeFiles/cmTryCompileExec3608883187.dir/CheckFunctionExists.c.o  -o cmTryCompileExec3608883187 -rdynamic 
CMakeFiles/cmTryCompileExec3608883187.dir/CheckFunctionExists.c.o: In function `main':
CheckFunctionExists.c:(.text+0x7): undefined reference to `strncpy_s'
collect2: ld returned 1 exit status
make[5]: *** [cmTryCompileExec3608883187] Error 1
make[5]: Leaving directory `/home/shizhai/new_zhongwang/trunk/build_dir/host/cmake-2.8.10.2/CMakeFiles/CMakeTmp'
make[4]: *** [cmTryCompileExec3608883187/fast] Error 2
make[4]: Leaving directory `/home/shizhai/new_zhongwang/trunk/build_dir/host/cmake-2.8.10.2/CMakeFiles/CMakeTmp'


Determining if the function _ctime64_s exists failed with the following output:
Change Dir: /home/shizhai/new_zhongwang/trunk/build_dir/host/cmake-2.8.10.2/CMakeFiles/CMakeTmp

Run Build Command:/usr/bin/make "cmTryCompileExec2918016592/fast"
make[4]: Entering directory `/home/shizhai/new_zhongwang/trunk/build_dir/host/cmake-2.8.10.2/CMakeFiles/CMakeTmp'
make -f CMakeFiles/cmTryCompileExec2918016592.dir/build.make CMakeFiles/cmTryCompileExec2918016592.dir/build
make[5]: Entering directory `/home/shizhai/new_zhongwang/trunk/build_dir/host/cmake-2.8.10.2/CMakeFiles/CMakeTmp'
/home/shizhai/new_zhongwang/trunk/build_dir/host/cmake-2.8.10.2/Bootstrap.cmk/cmake -E cmake_progress_report /home/shizhai/new_zhongwang/trunk/build_dir/host/cmake-2.8.10.2/CMakeFiles/CMakeTmp/CMakeFiles 1
Building C object CMakeFiles/cmTryCompileExec2918016592.dir/CheckFunctionExists.c.o
/usr/bin/gcc   -w  -DCHECK_FUNCTION_EXISTS=_ctime64_s  -fno-builtin   -o CMakeFiles/cmTryCompileExec2918016592.dir/CheckFunctionExists.c.o   -c /home/shizhai/new_zhongwang/trunk/build_dir/host/cmake-2.8.10.2/Modules/CheckFunctionExists.c
Linking C executable cmTryCompileExec2918016592
/home/shizhai/new_zhongwang/trunk/build_dir/host/cmake-2.8.10.2/Bootstrap.cmk/cmake -E cmake_link_script CMakeFiles/cmTryCompileExec2918016592.dir/link.txt --verbose=1
/usr/bin/gcc    -w  -DCHECK_FUNCTION_EXISTS=_ctime64_s  -fno-builtin    CMakeFiles/cmTryCompileExec2918016592.dir/CheckFunctionExists.c.o  -o cmTryCompileExec2918016592 -rdynamic 
CMakeFiles/cmTryCompileExec2918016592.dir/CheckFunctionExists.c.o: In function `main':
CheckFunctionExists.c:(.text+0x7): undefined reference to `_ctime64_s'
collect2: ld returned 1 exit status
make[5]: *** [cmTryCompileExec2918016592] Error 1
make[5]: Leaving directory `/home/shizhai/new_zhongwang/trunk/build_dir/host/cmake-2.8.10.2/CMakeFiles/CMakeTmp'
make[4]: *** [cmTryCompileExec2918016592/fast] Error 2
make[4]: Leaving directory `/home/shizhai/new_zhongwang/trunk/build_dir/host/cmake-2.8.10.2/CMakeFiles/CMakeTmp'


Determining if the function _fseeki64 exists failed with the following output:
Change Dir: /home/shizhai/new_zhongwang/trunk/build_dir/host/cmake-2.8.10.2/CMakeFiles/CMakeTmp

Run Build Command:/usr/bin/make "cmTryCompileExec66838193/fast"
make[4]: Entering directory `/home/shizhai/new_zhongwang/trunk/build_dir/host/cmake-2.8.10.2/CMakeFiles/CMakeTmp'
make -f CMakeFiles/cmTryCompileExec66838193.dir/build.make CMakeFiles/cmTryCompileExec66838193.dir/build
make[5]: Entering directory `/home/shizhai/new_zhongwang/trunk/build_dir/host/cmake-2.8.10.2/CMakeFiles/CMakeTmp'
/home/shizhai/new_zhongwang/trunk/build_dir/host/cmake-2.8.10.2/Bootstrap.cmk/cmake -E cmake_progress_report /home/shizhai/new_zhongwang/trunk/build_dir/host/cmake-2.8.10.2/CMakeFiles/CMakeTmp/CMakeFiles 1
Building C object CMakeFiles/cmTryCompileExec66838193.dir/CheckFunctionExists.c.o
/usr/bin/gcc   -w  -DCHECK_FUNCTION_EXISTS=_fseeki64  -fno-builtin   -o CMakeFiles/cmTryCompileExec66838193.dir/CheckFunctionExists.c.o   -c /home/shizhai/new_zhongwang/trunk/build_dir/host/cmake-2.8.10.2/Modules/CheckFunctionExists.c
Linking C executable cmTryCompileExec66838193
/home/shizhai/new_zhongwang/trunk/build_dir/host/cmake-2.8.10.2/Bootstrap.cmk/cmake -E cmake_link_script CMakeFiles/cmTryCompileExec66838193.dir/link.txt --verbose=1
/usr/bin/gcc    -w  -DCHECK_FUNCTION_EXISTS=_fseeki64  -fno-builtin    CMakeFiles/cmTryCompileExec66838193.dir/CheckFunctionExists.c.o  -o cmTryCompileExec66838193 -rdynamic 
CMakeFiles/cmTryCompileExec66838193.dir/CheckFunctionExists.c.o: In function `main':
CheckFunctionExists.c:(.text+0x7): undefined reference to `_fseeki64'
collect2: ld returned 1 exit status
make[5]: *** [cmTryCompileExec66838193] Error 1
make[5]: Leaving directory `/home/shizhai/new_zhongwang/trunk/build_dir/host/cmake-2.8.10.2/CMakeFiles/CMakeTmp'
make[4]: Leaving directory `/home/shizhai/new_zhongwang/trunk/build_dir/host/cmake-2.8.10.2/CMakeFiles/CMakeTmp'
make[4]: *** [cmTryCompileExec66838193/fast] Error 2


Determining if the function _get_timezone exists failed with the following output:
Change Dir: /home/shizhai/new_zhongwang/trunk/build_dir/host/cmake-2.8.10.2/CMakeFiles/CMakeTmp

Run Build Command:/usr/bin/make "cmTryCompileExec3689068872/fast"
make[4]: Entering directory `/home/shizhai/new_zhongwang/trunk/build_dir/host/cmake-2.8.10.2/CMakeFiles/CMakeTmp'
make -f CMakeFiles/cmTryCompileExec3689068872.dir/build.make CMakeFiles/cmTryCompileExec3689068872.dir/build
make[5]: Entering directory `/home/shizhai/new_zhongwang/trunk/build_dir/host/cmake-2.8.10.2/CMakeFiles/CMakeTmp'
/home/shizhai/new_zhongwang/trunk/build_dir/host/cmake-2.8.10.2/Bootstrap.cmk/cmake -E cmake_progress_report /home/shizhai/new_zhongwang/trunk/build_dir/host/cmake-2.8.10.2/CMakeFiles/CMakeTmp/CMakeFiles 1
Building C object CMakeFiles/cmTryCompileExec3689068872.dir/CheckFunctionExists.c.o
/usr/bin/gcc   -w  -DCHECK_FUNCTION_EXISTS=_get_timezone  -fno-builtin   -o CMakeFiles/cmTryCompileExec3689068872.dir/CheckFunctionExists.c.o   -c /home/shizhai/new_zhongwang/trunk/build_dir/host/cmake-2.8.10.2/Modules/CheckFunctionExists.c
Linking C executable cmTryCompileExec3689068872
/home/shizhai/new_zhongwang/trunk/build_dir/host/cmake-2.8.10.2/Bootstrap.cmk/cmake -E cmake_link_script CMakeFiles/cmTryCompileExec3689068872.dir/link.txt --verbose=1
/usr/bin/gcc    -w  -DCHECK_FUNCTION_EXISTS=_get_timezone  -fno-builtin    CMakeFiles/cmTryCompileExec3689068872.dir/CheckFunctionExists.c.o  -o cmTryCompileExec3689068872 -rdynamic 
CMakeFiles/cmTryCompileExec3689068872.dir/CheckFunctionExists.c.o: In function `main':
CheckFunctionExists.c:(.text+0x7): undefined reference to `_get_timezone'
collect2: ld returned 1 exit status
make[5]: *** [cmTryCompileExec3689068872] Error 1
make[5]: Leaving directory `/home/shizhai/new_zhongwang/trunk/build_dir/host/cmake-2.8.10.2/CMakeFiles/CMakeTmp'
make[4]: *** [cmTryCompileExec3689068872/fast] Error 2
make[4]: Leaving directory `/home/shizhai/new_zhongwang/trunk/build_dir/host/cmake-2.8.10.2/CMakeFiles/CMakeTmp'


Determining if the function _localtime64_s exists failed with the following output:
Change Dir: /home/shizhai/new_zhongwang/trunk/build_dir/host/cmake-2.8.10.2/CMakeFiles/CMakeTmp

Run Build Command:/usr/bin/make "cmTryCompileExec2831175835/fast"
make[4]: Entering directory `/home/shizhai/new_zhongwang/trunk/build_dir/host/cmake-2.8.10.2/CMakeFiles/CMakeTmp'
make -f CMakeFiles/cmTryCompileExec2831175835.dir/build.make CMakeFiles/cmTryCompileExec2831175835.dir/build
make[5]: Entering directory `/home/shizhai/new_zhongwang/trunk/build_dir/host/cmake-2.8.10.2/CMakeFiles/CMakeTmp'
/home/shizhai/new_zhongwang/trunk/build_dir/host/cmake-2.8.10.2/Bootstrap.cmk/cmake -E cmake_progress_report /home/shizhai/new_zhongwang/trunk/build_dir/host/cmake-2.8.10.2/CMakeFiles/CMakeTmp/CMakeFiles 1
Building C object CMakeFiles/cmTryCompileExec2831175835.dir/CheckFunctionExists.c.o
/usr/bin/gcc   -w  -DCHECK_FUNCTION_EXISTS=_localtime64_s  -fno-builtin   -o CMakeFiles/cmTryCompileExec2831175835.dir/CheckFunctionExists.c.o   -c /home/shizhai/new_zhongwang/trunk/build_dir/host/cmake-2.8.10.2/Modules/CheckFunctionExists.c
Linking C executable cmTryCompileExec2831175835
/home/shizhai/new_zhongwang/trunk/build_dir/host/cmake-2.8.10.2/Bootstrap.cmk/cmake -E cmake_link_script CMakeFiles/cmTryCompileExec2831175835.dir/link.txt --verbose=1
/usr/bin/gcc    -w  -DCHECK_FUNCTION_EXISTS=_localtime64_s  -fno-builtin    CMakeFiles/cmTryCompileExec2831175835.dir/CheckFunctionExists.c.o  -o cmTryCompileExec2831175835 -rdynamic 
CMakeFiles/cmTryCompileExec2831175835.dir/CheckFunctionExists.c.o: In function `main':
CheckFunctionExists.c:(.text+0x7): undefined reference to `_localtime64_s'
collect2: ld returned 1 exit status
make[5]: *** [cmTryCompileExec2831175835] Error 1
make[5]: Leaving directory `/home/shizhai/new_zhongwang/trunk/build_dir/host/cmake-2.8.10.2/CMakeFiles/CMakeTmp'
make[4]: *** [cmTryCompileExec2831175835/fast] Error 2
make[4]: Leaving directory `/home/shizhai/new_zhongwang/trunk/build_dir/host/cmake-2.8.10.2/CMakeFiles/CMakeTmp'


Determining if the function _mkgmtime64 exists failed with the following output:
Change Dir: /home/shizhai/new_zhongwang/trunk/build_dir/host/cmake-2.8.10.2/CMakeFiles/CMakeTmp

Run Build Command:/usr/bin/make "cmTryCompileExec2839474146/fast"
make[4]: Entering directory `/home/shizhai/new_zhongwang/trunk/build_dir/host/cmake-2.8.10.2/CMakeFiles/CMakeTmp'
make -f CMakeFiles/cmTryCompileExec2839474146.dir/build.make CMakeFiles/cmTryCompileExec2839474146.dir/build
make[5]: Entering directory `/home/shizhai/new_zhongwang/trunk/build_dir/host/cmake-2.8.10.2/CMakeFiles/CMakeTmp'
/home/shizhai/new_zhongwang/trunk/build_dir/host/cmake-2.8.10.2/Bootstrap.cmk/cmake -E cmake_progress_report /home/shizhai/new_zhongwang/trunk/build_dir/host/cmake-2.8.10.2/CMakeFiles/CMakeTmp/CMakeFiles 1
Building C object CMakeFiles/cmTryCompileExec2839474146.dir/CheckFunctionExists.c.o
/usr/bin/gcc   -w  -DCHECK_FUNCTION_EXISTS=_mkgmtime64  -fno-builtin   -o CMakeFiles/cmTryCompileExec2839474146.dir/CheckFunctionExists.c.o   -c /home/shizhai/new_zhongwang/trunk/build_dir/host/cmake-2.8.10.2/Modules/CheckFunctionExists.c
Linking C executable cmTryCompileExec2839474146
/home/shizhai/new_zhongwang/trunk/build_dir/host/cmake-2.8.10.2/Bootstrap.cmk/cmake -E cmake_link_script CMakeFiles/cmTryCompileExec2839474146.dir/link.txt --verbose=1
/usr/bin/gcc    -w  -DCHECK_FUNCTION_EXISTS=_mkgmtime64  -fno-builtin    CMakeFiles/cmTryCompileExec2839474146.dir/CheckFunctionExists.c.o  -o cmTryCompileExec2839474146 -rdynamic 
CMakeFiles/cmTryCompileExec2839474146.dir/CheckFunctionExists.c.o: In function `main':
CheckFunctionExists.c:(.text+0x7): undefined reference to `_mkgmtime64'
collect2: ld returned 1 exit status
make[5]: *** [cmTryCompileExec2839474146] Error 1
make[5]: Leaving directory `/home/shizhai/new_zhongwang/trunk/build_dir/host/cmake-2.8.10.2/CMakeFiles/CMakeTmp'
make[4]: *** [cmTryCompileExec2839474146/fast] Error 2
make[4]: Leaving directory `/home/shizhai/new_zhongwang/trunk/build_dir/host/cmake-2.8.10.2/CMakeFiles/CMakeTmp'


Determining if the function cygwin_conv_path exists failed with the following output:
Change Dir: /home/shizhai/new_zhongwang/trunk/build_dir/host/cmake-2.8.10.2/CMakeFiles/CMakeTmp

Run Build Command:/usr/bin/make "cmTryCompileExec2654957926/fast"
make[4]: Entering directory `/home/shizhai/new_zhongwang/trunk/build_dir/host/cmake-2.8.10.2/CMakeFiles/CMakeTmp'
make -f CMakeFiles/cmTryCompileExec2654957926.dir/build.make CMakeFiles/cmTryCompileExec2654957926.dir/build
make[5]: Entering directory `/home/shizhai/new_zhongwang/trunk/build_dir/host/cmake-2.8.10.2/CMakeFiles/CMakeTmp'
/home/shizhai/new_zhongwang/trunk/build_dir/host/cmake-2.8.10.2/Bootstrap.cmk/cmake -E cmake_progress_report /home/shizhai/new_zhongwang/trunk/build_dir/host/cmake-2.8.10.2/CMakeFiles/CMakeTmp/CMakeFiles 1
Building C object CMakeFiles/cmTryCompileExec2654957926.dir/CheckFunctionExists.c.o
/usr/bin/gcc   -w  -DCHECK_FUNCTION_EXISTS=cygwin_conv_path  -fno-builtin   -o CMakeFiles/cmTryCompileExec2654957926.dir/CheckFunctionExists.c.o   -c /home/shizhai/new_zhongwang/trunk/build_dir/host/cmake-2.8.10.2/Modules/CheckFunctionExists.c
Linking C executable cmTryCompileExec2654957926
/home/shizhai/new_zhongwang/trunk/build_dir/host/cmake-2.8.10.2/Bootstrap.cmk/cmake -E cmake_link_script CMakeFiles/cmTryCompileExec2654957926.dir/link.txt --verbose=1
/usr/bin/gcc    -w  -DCHECK_FUNCTION_EXISTS=cygwin_conv_path  -fno-builtin    CMakeFiles/cmTryCompileExec2654957926.dir/CheckFunctionExists.c.o  -o cmTryCompileExec2654957926 -rdynamic 
CMakeFiles/cmTryCompileExec2654957926.dir/CheckFunctionExists.c.o: In function `main':
CheckFunctionExists.c:(.text+0x7): undefined reference to `cygwin_conv_path'
collect2: ld returned 1 exit status
make[5]: *** [cmTryCompileExec2654957926] Error 1
make[5]: Leaving directory `/home/shizhai/new_zhongwang/trunk/build_dir/host/cmake-2.8.10.2/CMakeFiles/CMakeTmp'
make[4]: *** [cmTryCompileExec2654957926/fast] Error 2
make[4]: Leaving directory `/home/shizhai/new_zhongwang/trunk/build_dir/host/cmake-2.8.10.2/CMakeFiles/CMakeTmp'


Performing C SOURCE FILE Test MAJOR_IN_MKDEV failed with the following output:
Change Dir: /home/shizhai/new_zhongwang/trunk/build_dir/host/cmake-2.8.10.2/CMakeFiles/CMakeTmp

Run Build Command:/usr/bin/make "cmTryCompileExec3898808831/fast"
make[4]: Entering directory `/home/shizhai/new_zhongwang/trunk/build_dir/host/cmake-2.8.10.2/CMakeFiles/CMakeTmp'
make -f CMakeFiles/cmTryCompileExec3898808831.dir/build.make CMakeFiles/cmTryCompileExec3898808831.dir/build
make[5]: Entering directory `/home/shizhai/new_zhongwang/trunk/build_dir/host/cmake-2.8.10.2/CMakeFiles/CMakeTmp'
/home/shizhai/new_zhongwang/trunk/build_dir/host/cmake-2.8.10.2/Bootstrap.cmk/cmake -E cmake_progress_report /home/shizhai/new_zhongwang/trunk/build_dir/host/cmake-2.8.10.2/CMakeFiles/CMakeTmp/CMakeFiles 1
Building C object CMakeFiles/cmTryCompileExec3898808831.dir/src.c.o
/usr/bin/gcc   -w  -DMAJOR_IN_MKDEV   -o CMakeFiles/cmTryCompileExec3898808831.dir/src.c.o   -c /home/shizhai/new_zhongwang/trunk/build_dir/host/cmake-2.8.10.2/CMakeFiles/CMakeTmp/src.c
/home/shizhai/new_zhongwang/trunk/build_dir/host/cmake-2.8.10.2/CMakeFiles/CMakeTmp/src.c:1:23: fatal error: sys/mkdev.h: No such file or directory
compilation terminated.
make[5]: Leaving directory `/home/shizhai/new_zhongwang/trunk/build_dir/host/cmake-2.8.10.2/CMakeFiles/CMakeTmp'
make[5]: *** [CMakeFiles/cmTryCompileExec3898808831.dir/src.c.o] Error 1
make[4]: Leaving directory `/home/shizhai/new_zhongwang/trunk/build_dir/host/cmake-2.8.10.2/CMakeFiles/CMakeTmp'
make[4]: *** [cmTryCompileExec3898808831/fast] Error 2

Source file was:
#include <sys/mkdev.h>
int main() { return major(256); }
Determining if the EFTYPE exist failed with the following output:
Change Dir: /home/shizhai/new_zhongwang/trunk/build_dir/host/cmake-2.8.10.2/CMakeFiles/CMakeTmp

Run Build Command:/usr/bin/make "cmTryCompileExec2439228153/fast"
make[4]: Entering directory `/home/shizhai/new_zhongwang/trunk/build_dir/host/cmake-2.8.10.2/CMakeFiles/CMakeTmp'
make -f CMakeFiles/cmTryCompileExec2439228153.dir/build.make CMakeFiles/cmTryCompileExec2439228153.dir/build
make[5]: Entering directory `/home/shizhai/new_zhongwang/trunk/build_dir/host/cmake-2.8.10.2/CMakeFiles/CMakeTmp'
/home/shizhai/new_zhongwang/trunk/build_dir/host/cmake-2.8.10.2/Bootstrap.cmk/cmake -E cmake_progress_report /home/shizhai/new_zhongwang/trunk/build_dir/host/cmake-2.8.10.2/CMakeFiles/CMakeTmp/CMakeFiles 1
Building C object CMakeFiles/cmTryCompileExec2439228153.dir/CheckSymbolExists.c.o
/usr/bin/gcc   -w     -o CMakeFiles/cmTryCompileExec2439228153.dir/CheckSymbolExists.c.o   -c /home/shizhai/new_zhongwang/trunk/build_dir/host/cmake-2.8.10.2/CMakeFiles/CMakeTmp/CheckSymbolExists.c
/home/shizhai/new_zhongwang/trunk/build_dir/host/cmake-2.8.10.2/CMakeFiles/CMakeTmp/CheckSymbolExists.c: In function 'main':
/home/shizhai/new_zhongwang/trunk/build_dir/host/cmake-2.8.10.2/CMakeFiles/CMakeTmp/CheckSymbolExists.c:8:19: error: 'EFTYPE' undeclared (first use in this function)
/home/shizhai/new_zhongwang/trunk/build_dir/host/cmake-2.8.10.2/CMakeFiles/CMakeTmp/CheckSymbolExists.c:8:19: note: each undeclared identifier is reported only once for each function it appears in
make[5]: Leaving directory `/home/shizhai/new_zhongwang/trunk/build_dir/host/cmake-2.8.10.2/CMakeFiles/CMakeTmp'
make[5]: *** [CMakeFiles/cmTryCompileExec2439228153.dir/CheckSymbolExists.c.o] Error 1
make[4]: Leaving directory `/home/shizhai/new_zhongwang/trunk/build_dir/host/cmake-2.8.10.2/CMakeFiles/CMakeTmp'
make[4]: *** [cmTryCompileExec2439228153/fast] Error 2

File /home/shizhai/new_zhongwang/trunk/build_dir/host/cmake-2.8.10.2/CMakeFiles/CMakeTmp/CheckSymbolExists.c:
/* */
#include <errno.h>

int main(int argc, char** argv)
{
  (void)argv;
#ifndef EFTYPE
  return ((int*)(&EFTYPE))[argc];
#else
  (void)argc;
  return 0;
#endif
}

Determining if the D_MD_ORDER exist failed with the following output:
Change Dir: /home/shizhai/new_zhongwang/trunk/build_dir/host/cmake-2.8.10.2/CMakeFiles/CMakeTmp

Run Build Command:/usr/bin/make "cmTryCompileExec2930758685/fast"
make[4]: Entering directory `/home/shizhai/new_zhongwang/trunk/build_dir/host/cmake-2.8.10.2/CMakeFiles/CMakeTmp'
make -f CMakeFiles/cmTryCompileExec2930758685.dir/build.make CMakeFiles/cmTryCompileExec2930758685.dir/build
make[5]: Entering directory `/home/shizhai/new_zhongwang/trunk/build_dir/host/cmake-2.8.10.2/CMakeFiles/CMakeTmp'
/home/shizhai/new_zhongwang/trunk/build_dir/host/cmake-2.8.10.2/Bootstrap.cmk/cmake -E cmake_progress_report /home/shizhai/new_zhongwang/trunk/build_dir/host/cmake-2.8.10.2/CMakeFiles/CMakeTmp/CMakeFiles 1
Building C object CMakeFiles/cmTryCompileExec2930758685.dir/CheckSymbolExists.c.o
/usr/bin/gcc   -w     -o CMakeFiles/cmTryCompileExec2930758685.dir/CheckSymbolExists.c.o   -c /home/shizhai/new_zhongwang/trunk/build_dir/host/cmake-2.8.10.2/CMakeFiles/CMakeTmp/CheckSymbolExists.c
/home/shizhai/new_zhongwang/trunk/build_dir/host/cmake-2.8.10.2/CMakeFiles/CMakeTmp/CheckSymbolExists.c: In function 'main':
/home/shizhai/new_zhongwang/trunk/build_dir/host/cmake-2.8.10.2/CMakeFiles/CMakeTmp/CheckSymbolExists.c:8:19: error: 'D_MD_ORDER' undeclared (first use in this function)
/home/shizhai/new_zhongwang/trunk/build_dir/host/cmake-2.8.10.2/CMakeFiles/CMakeTmp/CheckSymbolExists.c:8:19: note: each undeclared identifier is reported only once for each function it appears in
make[5]: *** [CMakeFiles/cmTryCompileExec2930758685.dir/CheckSymbolExists.c.o] Error 1
make[5]: Leaving directory `/home/shizhai/new_zhongwang/trunk/build_dir/host/cmake-2.8.10.2/CMakeFiles/CMakeTmp'
make[4]: *** [cmTryCompileExec2930758685/fast] Error 2
make[4]: Leaving directory `/home/shizhai/new_zhongwang/trunk/build_dir/host/cmake-2.8.10.2/CMakeFiles/CMakeTmp'

File /home/shizhai/new_zhongwang/trunk/build_dir/host/cmake-2.8.10.2/CMakeFiles/CMakeTmp/CheckSymbolExists.c:
/* */
#include <langinfo.h>

int main(int argc, char** argv)
{
  (void)argv;
#ifndef D_MD_ORDER
  return ((int*)(&D_MD_ORDER))[argc];
#else
  (void)argc;
  return 0;
#endif
}

Performing C SOURCE FILE Test HAVE_STRUCT_TM___TM_GMTOFF failed with the following output:
Change Dir: /home/shizhai/new_zhongwang/trunk/build_dir/host/cmake-2.8.10.2/CMakeFiles/CMakeTmp

Run Build Command:/usr/bin/make "cmTryCompileExec3738604093/fast"
make[4]: Entering directory `/home/shizhai/new_zhongwang/trunk/build_dir/host/cmake-2.8.10.2/CMakeFiles/CMakeTmp'
make -f CMakeFiles/cmTryCompileExec3738604093.dir/build.make CMakeFiles/cmTryCompileExec3738604093.dir/build
make[5]: Entering directory `/home/shizhai/new_zhongwang/trunk/build_dir/host/cmake-2.8.10.2/CMakeFiles/CMakeTmp'
/home/shizhai/new_zhongwang/trunk/build_dir/host/cmake-2.8.10.2/Bootstrap.cmk/cmake -E cmake_progress_report /home/shizhai/new_zhongwang/trunk/build_dir/host/cmake-2.8.10.2/CMakeFiles/CMakeTmp/CMakeFiles 1
Building C object CMakeFiles/cmTryCompileExec3738604093.dir/src.c.o
/usr/bin/gcc   -w  -DHAVE_STRUCT_TM___TM_GMTOFF   -o CMakeFiles/cmTryCompileExec3738604093.dir/src.c.o   -c /home/shizhai/new_zhongwang/trunk/build_dir/host/cmake-2.8.10.2/CMakeFiles/CMakeTmp/src.c
/home/shizhai/new_zhongwang/trunk/build_dir/host/cmake-2.8.10.2/CMakeFiles/CMakeTmp/src.c: In function 'main':
/home/shizhai/new_zhongwang/trunk/build_dir/host/cmake-2.8.10.2/CMakeFiles/CMakeTmp/src.c:7:18: error: 'struct tm' has no member named '__tm_gmtoff'
make[5]: Leaving directory `/home/shizhai/new_zhongwang/trunk/build_dir/host/cmake-2.8.10.2/CMakeFiles/CMakeTmp'
make[5]: *** [CMakeFiles/cmTryCompileExec3738604093.dir/src.c.o] Error 1
make[4]: Leaving directory `/home/shizhai/new_zhongwang/trunk/build_dir/host/cmake-2.8.10.2/CMakeFiles/CMakeTmp'
make[4]: *** [cmTryCompileExec3738604093/fast] Error 2

Source file was:

#include <time.h>

int main()
{
   static struct tm tmp;
   if (sizeof(tmp.__tm_gmtoff))
      return 0;
  return 0;
}

Performing C SOURCE FILE Test HAVE_STRUCT_STATFS_F_NAMEMAX failed with the following output:
Change Dir: /home/shizhai/new_zhongwang/trunk/build_dir/host/cmake-2.8.10.2/CMakeFiles/CMakeTmp

Run Build Command:/usr/bin/make "cmTryCompileExec3981208900/fast"
make[4]: Entering directory `/home/shizhai/new_zhongwang/trunk/build_dir/host/cmake-2.8.10.2/CMakeFiles/CMakeTmp'
make -f CMakeFiles/cmTryCompileExec3981208900.dir/build.make CMakeFiles/cmTryCompileExec3981208900.dir/build
make[5]: Entering directory `/home/shizhai/new_zhongwang/trunk/build_dir/host/cmake-2.8.10.2/CMakeFiles/CMakeTmp'
/home/shizhai/new_zhongwang/trunk/build_dir/host/cmake-2.8.10.2/Bootstrap.cmk/cmake -E cmake_progress_report /home/shizhai/new_zhongwang/trunk/build_dir/host/cmake-2.8.10.2/CMakeFiles/CMakeTmp/CMakeFiles 1
Building C object CMakeFiles/cmTryCompileExec3981208900.dir/src.c.o
/usr/bin/gcc   -w  -DHAVE_STRUCT_STATFS_F_NAMEMAX   -o CMakeFiles/cmTryCompileExec3981208900.dir/src.c.o   -c /home/shizhai/new_zhongwang/trunk/build_dir/host/cmake-2.8.10.2/CMakeFiles/CMakeTmp/src.c
/home/shizhai/new_zhongwang/trunk/build_dir/host/cmake-2.8.10.2/CMakeFiles/CMakeTmp/src.c: In function 'main':
/home/shizhai/new_zhongwang/trunk/build_dir/host/cmake-2.8.10.2/CMakeFiles/CMakeTmp/src.c:7:25: error: storage size of 'tmp' isn't known
make[5]: Leaving directory `/home/shizhai/new_zhongwang/trunk/build_dir/host/cmake-2.8.10.2/CMakeFiles/CMakeTmp'
make[5]: *** [CMakeFiles/cmTryCompileExec3981208900.dir/src.c.o] Error 1
make[4]: *** [cmTryCompileExec3981208900/fast] Error 2
make[4]: Leaving directory `/home/shizhai/new_zhongwang/trunk/build_dir/host/cmake-2.8.10.2/CMakeFiles/CMakeTmp'

Source file was:

#include <sys/param.h>
#include <sys/mount.h>

int main()
{
   static struct statfs tmp;
   if (sizeof(tmp.f_namemax))
      return 0;
  return 0;
}

Performing C SOURCE FILE Test HAVE_STRUCT_STAT_ST_BIRTHTIME failed with the following output:
Change Dir: /home/shizhai/new_zhongwang/trunk/build_dir/host/cmake-2.8.10.2/CMakeFiles/CMakeTmp

Run Build Command:/usr/bin/make "cmTryCompileExec1916870988/fast"
make[4]: Entering directory `/home/shizhai/new_zhongwang/trunk/build_dir/host/cmake-2.8.10.2/CMakeFiles/CMakeTmp'
make -f CMakeFiles/cmTryCompileExec1916870988.dir/build.make CMakeFiles/cmTryCompileExec1916870988.dir/build
make[5]: Entering directory `/home/shizhai/new_zhongwang/trunk/build_dir/host/cmake-2.8.10.2/CMakeFiles/CMakeTmp'
/home/shizhai/new_zhongwang/trunk/build_dir/host/cmake-2.8.10.2/Bootstrap.cmk/cmake -E cmake_progress_report /home/shizhai/new_zhongwang/trunk/build_dir/host/cmake-2.8.10.2/CMakeFiles/CMakeTmp/CMakeFiles 1
Building C object CMakeFiles/cmTryCompileExec1916870988.dir/src.c.o
/usr/bin/gcc   -w  -DHAVE_STRUCT_STAT_ST_BIRTHTIME   -o CMakeFiles/cmTryCompileExec1916870988.dir/src.c.o   -c /home/shizhai/new_zhongwang/trunk/build_dir/host/cmake-2.8.10.2/CMakeFiles/CMakeTmp/src.c
/home/shizhai/new_zhongwang/trunk/build_dir/host/cmake-2.8.10.2/CMakeFiles/CMakeTmp/src.c: In function 'main':
/home/shizhai/new_zhongwang/trunk/build_dir/host/cmake-2.8.10.2/CMakeFiles/CMakeTmp/src.c:8:18: error: 'struct stat' has no member named 'st_birthtime'
make[5]: *** [CMakeFiles/cmTryCompileExec1916870988.dir/src.c.o] Error 1
make[5]: Leaving directory `/home/shizhai/new_zhongwang/trunk/build_dir/host/cmake-2.8.10.2/CMakeFiles/CMakeTmp'
make[4]: Leaving directory `/home/shizhai/new_zhongwang/trunk/build_dir/host/cmake-2.8.10.2/CMakeFiles/CMakeTmp'
make[4]: *** [cmTryCompileExec1916870988/fast] Error 2

Source file was:

#include <sys/types.h>
#include <sys/stat.h>

int main()
{
   static struct stat tmp;
   if (sizeof(tmp.st_birthtime))
      return 0;
  return 0;
}

Performing C SOURCE FILE Test HAVE_STRUCT_STAT_ST_BIRTHTIMESPEC_TV_NSEC failed with the following output:
Change Dir: /home/shizhai/new_zhongwang/trunk/build_dir/host/cmake-2.8.10.2/CMakeFiles/CMakeTmp

Run Build Command:/usr/bin/make "cmTryCompileExec2636058857/fast"
make[4]: Entering directory `/home/shizhai/new_zhongwang/trunk/build_dir/host/cmake-2.8.10.2/CMakeFiles/CMakeTmp'
make -f CMakeFiles/cmTryCompileExec2636058857.dir/build.make CMakeFiles/cmTryCompileExec2636058857.dir/build
make[5]: Entering directory `/home/shizhai/new_zhongwang/trunk/build_dir/host/cmake-2.8.10.2/CMakeFiles/CMakeTmp'
/home/shizhai/new_zhongwang/trunk/build_dir/host/cmake-2.8.10.2/Bootstrap.cmk/cmake -E cmake_progress_report /home/shizhai/new_zhongwang/trunk/build_dir/host/cmake-2.8.10.2/CMakeFiles/CMakeTmp/CMakeFiles 1
Building C object CMakeFiles/cmTryCompileExec2636058857.dir/src.c.o
/usr/bin/gcc   -w  -DHAVE_STRUCT_STAT_ST_BIRTHTIMESPEC_TV_NSEC   -o CMakeFiles/cmTryCompileExec2636058857.dir/src.c.o   -c /home/shizhai/new_zhongwang/trunk/build_dir/host/cmake-2.8.10.2/CMakeFiles/CMakeTmp/src.c
/home/shizhai/new_zhongwang/trunk/build_dir/host/cmake-2.8.10.2/CMakeFiles/CMakeTmp/src.c: In function 'main':
/home/shizhai/new_zhongwang/trunk/build_dir/host/cmake-2.8.10.2/CMakeFiles/CMakeTmp/src.c:8:18: error: 'struct stat' has no member named 'st_birthtimespec'
make[5]: *** [CMakeFiles/cmTryCompileExec2636058857.dir/src.c.o] Error 1
make[5]: Leaving directory `/home/shizhai/new_zhongwang/trunk/build_dir/host/cmake-2.8.10.2/CMakeFiles/CMakeTmp'
make[4]: *** [cmTryCompileExec2636058857/fast] Error 2
make[4]: Leaving directory `/home/shizhai/new_zhongwang/trunk/build_dir/host/cmake-2.8.10.2/CMakeFiles/CMakeTmp'

Source file was:

#include <sys/types.h>
#include <sys/stat.h>

int main()
{
   static struct stat tmp;
   if (sizeof(tmp.st_birthtimespec.tv_nsec))
      return 0;
  return 0;
}

Performing C SOURCE FILE Test HAVE_STRUCT_STAT_ST_MTIMESPEC_TV_NSEC failed with the following output:
Change Dir: /home/shizhai/new_zhongwang/trunk/build_dir/host/cmake-2.8.10.2/CMakeFiles/CMakeTmp

Run Build Command:/usr/bin/make "cmTryCompileExec2170192790/fast"
make[4]: Entering directory `/home/shizhai/new_zhongwang/trunk/build_dir/host/cmake-2.8.10.2/CMakeFiles/CMakeTmp'
make -f CMakeFiles/cmTryCompileExec2170192790.dir/build.make CMakeFiles/cmTryCompileExec2170192790.dir/build
make[5]: Entering directory `/home/shizhai/new_zhongwang/trunk/build_dir/host/cmake-2.8.10.2/CMakeFiles/CMakeTmp'
/home/shizhai/new_zhongwang/trunk/build_dir/host/cmake-2.8.10.2/Bootstrap.cmk/cmake -E cmake_progress_report /home/shizhai/new_zhongwang/trunk/build_dir/host/cmake-2.8.10.2/CMakeFiles/CMakeTmp/CMakeFiles 1
Building C object CMakeFiles/cmTryCompileExec2170192790.dir/src.c.o
/usr/bin/gcc   -w  -DHAVE_STRUCT_STAT_ST_MTIMESPEC_TV_NSEC   -o CMakeFiles/cmTryCompileExec2170192790.dir/src.c.o   -c /home/shizhai/new_zhongwang/trunk/build_dir/host/cmake-2.8.10.2/CMakeFiles/CMakeTmp/src.c
/home/shizhai/new_zhongwang/trunk/build_dir/host/cmake-2.8.10.2/CMakeFiles/CMakeTmp/src.c: In function 'main':
/home/shizhai/new_zhongwang/trunk/build_dir/host/cmake-2.8.10.2/CMakeFiles/CMakeTmp/src.c:8:18: error: 'struct stat' has no member named 'st_mtimespec'
make[5]: Leaving directory `/home/shizhai/new_zhongwang/trunk/build_dir/host/cmake-2.8.10.2/CMakeFiles/CMakeTmp'
make[5]: *** [CMakeFiles/cmTryCompileExec2170192790.dir/src.c.o] Error 1
make[4]: Leaving directory `/home/shizhai/new_zhongwang/trunk/build_dir/host/cmake-2.8.10.2/CMakeFiles/CMakeTmp'
make[4]: *** [cmTryCompileExec2170192790/fast] Error 2

Source file was:

#include <sys/types.h>
#include <sys/stat.h>

int main()
{
   static struct stat tmp;
   if (sizeof(tmp.st_mtimespec.tv_nsec))
      return 0;
  return 0;
}

Performing C SOURCE FILE Test HAVE_STRUCT_STAT_ST_MTIME_N failed with the following output:
Change Dir: /home/shizhai/new_zhongwang/trunk/build_dir/host/cmake-2.8.10.2/CMakeFiles/CMakeTmp

Run Build Command:/usr/bin/make "cmTryCompileExec532864815/fast"
make[4]: Entering directory `/home/shizhai/new_zhongwang/trunk/build_dir/host/cmake-2.8.10.2/CMakeFiles/CMakeTmp'
make -f CMakeFiles/cmTryCompileExec532864815.dir/build.make CMakeFiles/cmTryCompileExec532864815.dir/build
make[5]: Entering directory `/home/shizhai/new_zhongwang/trunk/build_dir/host/cmake-2.8.10.2/CMakeFiles/CMakeTmp'
/home/shizhai/new_zhongwang/trunk/build_dir/host/cmake-2.8.10.2/Bootstrap.cmk/cmake -E cmake_progress_report /home/shizhai/new_zhongwang/trunk/build_dir/host/cmake-2.8.10.2/CMakeFiles/CMakeTmp/CMakeFiles 1
Building C object CMakeFiles/cmTryCompileExec532864815.dir/src.c.o
/usr/bin/gcc   -w  -DHAVE_STRUCT_STAT_ST_MTIME_N   -o CMakeFiles/cmTryCompileExec532864815.dir/src.c.o   -c /home/shizhai/new_zhongwang/trunk/build_dir/host/cmake-2.8.10.2/CMakeFiles/CMakeTmp/src.c
/home/shizhai/new_zhongwang/trunk/build_dir/host/cmake-2.8.10.2/CMakeFiles/CMakeTmp/src.c: In function 'main':
/home/shizhai/new_zhongwang/trunk/build_dir/host/cmake-2.8.10.2/CMakeFiles/CMakeTmp/src.c:8:18: error: 'struct stat' has no member named 'st_mtime_n'
make[5]: Leaving directory `/home/shizhai/new_zhongwang/trunk/build_dir/host/cmake-2.8.10.2/CMakeFiles/CMakeTmp'
make[5]: *** [CMakeFiles/cmTryCompileExec532864815.dir/src.c.o] Error 1
make[4]: Leaving directory `/home/shizhai/new_zhongwang/trunk/build_dir/host/cmake-2.8.10.2/CMakeFiles/CMakeTmp'
make[4]: *** [cmTryCompileExec532864815/fast] Error 2

Source file was:

#include <sys/types.h>
#include <sys/stat.h>

int main()
{
   static struct stat tmp;
   if (sizeof(tmp.st_mtime_n))
      return 0;
  return 0;
}

Performing C SOURCE FILE Test HAVE_STRUCT_STAT_ST_UMTIME failed with the following output:
Change Dir: /home/shizhai/new_zhongwang/trunk/build_dir/host/cmake-2.8.10.2/CMakeFiles/CMakeTmp

Run Build Command:/usr/bin/make "cmTryCompileExec3003596357/fast"
make[4]: Entering directory `/home/shizhai/new_zhongwang/trunk/build_dir/host/cmake-2.8.10.2/CMakeFiles/CMakeTmp'
make -f CMakeFiles/cmTryCompileExec3003596357.dir/build.make CMakeFiles/cmTryCompileExec3003596357.dir/build
make[5]: Entering directory `/home/shizhai/new_zhongwang/trunk/build_dir/host/cmake-2.8.10.2/CMakeFiles/CMakeTmp'
/home/shizhai/new_zhongwang/trunk/build_dir/host/cmake-2.8.10.2/Bootstrap.cmk/cmake -E cmake_progress_report /home/shizhai/new_zhongwang/trunk/build_dir/host/cmake-2.8.10.2/CMakeFiles/CMakeTmp/CMakeFiles 1
Building C object CMakeFiles/cmTryCompileExec3003596357.dir/src.c.o
/usr/bin/gcc   -w  -DHAVE_STRUCT_STAT_ST_UMTIME   -o CMakeFiles/cmTryCompileExec3003596357.dir/src.c.o   -c /home/shizhai/new_zhongwang/trunk/build_dir/host/cmake-2.8.10.2/CMakeFiles/CMakeTmp/src.c
/home/shizhai/new_zhongwang/trunk/build_dir/host/cmake-2.8.10.2/CMakeFiles/CMakeTmp/src.c: In function 'main':
/home/shizhai/new_zhongwang/trunk/build_dir/host/cmake-2.8.10.2/CMakeFiles/CMakeTmp/src.c:8:18: error: 'struct stat' has no member named 'st_umtime'
make[5]: Leaving directory `/home/shizhai/new_zhongwang/trunk/build_dir/host/cmake-2.8.10.2/CMakeFiles/CMakeTmp'
make[5]: *** [CMakeFiles/cmTryCompileExec3003596357.dir/src.c.o] Error 1
make[4]: Leaving directory `/home/shizhai/new_zhongwang/trunk/build_dir/host/cmake-2.8.10.2/CMakeFiles/CMakeTmp'
make[4]: *** [cmTryCompileExec3003596357/fast] Error 2

Source file was:

#include <sys/types.h>
#include <sys/stat.h>

int main()
{
   static struct stat tmp;
   if (sizeof(tmp.st_umtime))
      return 0;
  return 0;
}

Performing C SOURCE FILE Test HAVE_STRUCT_STAT_ST_MTIME_USEC failed with the following output:
Change Dir: /home/shizhai/new_zhongwang/trunk/build_dir/host/cmake-2.8.10.2/CMakeFiles/CMakeTmp

Run Build Command:/usr/bin/make "cmTryCompileExec236268714/fast"
make[4]: Entering directory `/home/shizhai/new_zhongwang/trunk/build_dir/host/cmake-2.8.10.2/CMakeFiles/CMakeTmp'
make -f CMakeFiles/cmTryCompileExec236268714.dir/build.make CMakeFiles/cmTryCompileExec236268714.dir/build
make[5]: Entering directory `/home/shizhai/new_zhongwang/trunk/build_dir/host/cmake-2.8.10.2/CMakeFiles/CMakeTmp'
/home/shizhai/new_zhongwang/trunk/build_dir/host/cmake-2.8.10.2/Bootstrap.cmk/cmake -E cmake_progress_report /home/shizhai/new_zhongwang/trunk/build_dir/host/cmake-2.8.10.2/CMakeFiles/CMakeTmp/CMakeFiles 1
Building C object CMakeFiles/cmTryCompileExec236268714.dir/src.c.o
/usr/bin/gcc   -w  -DHAVE_STRUCT_STAT_ST_MTIME_USEC   -o CMakeFiles/cmTryCompileExec236268714.dir/src.c.o   -c /home/shizhai/new_zhongwang/trunk/build_dir/host/cmake-2.8.10.2/CMakeFiles/CMakeTmp/src.c
/home/shizhai/new_zhongwang/trunk/build_dir/host/cmake-2.8.10.2/CMakeFiles/CMakeTmp/src.c: In function 'main':
/home/shizhai/new_zhongwang/trunk/build_dir/host/cmake-2.8.10.2/CMakeFiles/CMakeTmp/src.c:8:18: error: 'struct stat' has no member named 'st_mtime_usec'
make[5]: *** [CMakeFiles/cmTryCompileExec236268714.dir/src.c.o] Error 1
make[5]: Leaving directory `/home/shizhai/new_zhongwang/trunk/build_dir/host/cmake-2.8.10.2/CMakeFiles/CMakeTmp'
make[4]: *** [cmTryCompileExec236268714/fast] Error 2
make[4]: Leaving directory `/home/shizhai/new_zhongwang/trunk/build_dir/host/cmake-2.8.10.2/CMakeFiles/CMakeTmp'

Source file was:

#include <sys/types.h>
#include <sys/stat.h>

int main()
{
   static struct stat tmp;
   if (sizeof(tmp.st_mtime_usec))
      return 0;
  return 0;
}

Performing C SOURCE FILE Test HAVE_STRUCT_STAT_ST_FLAGS failed with the following output:
Change Dir: /home/shizhai/new_zhongwang/trunk/build_dir/host/cmake-2.8.10.2/CMakeFiles/CMakeTmp

Run Build Command:/usr/bin/make "cmTryCompileExec2052080288/fast"
make[4]: Entering directory `/home/shizhai/new_zhongwang/trunk/build_dir/host/cmake-2.8.10.2/CMakeFiles/CMakeTmp'
make -f CMakeFiles/cmTryCompileExec2052080288.dir/build.make CMakeFiles/cmTryCompileExec2052080288.dir/build
make[5]: Entering directory `/home/shizhai/new_zhongwang/trunk/build_dir/host/cmake-2.8.10.2/CMakeFiles/CMakeTmp'
/home/shizhai/new_zhongwang/trunk/build_dir/host/cmake-2.8.10.2/Bootstrap.cmk/cmake -E cmake_progress_report /home/shizhai/new_zhongwang/trunk/build_dir/host/cmake-2.8.10.2/CMakeFiles/CMakeTmp/CMakeFiles 1
Building C object CMakeFiles/cmTryCompileExec2052080288.dir/src.c.o
/usr/bin/gcc   -w  -DHAVE_STRUCT_STAT_ST_FLAGS   -o CMakeFiles/cmTryCompileExec2052080288.dir/src.c.o   -c /home/shizhai/new_zhongwang/trunk/build_dir/host/cmake-2.8.10.2/CMakeFiles/CMakeTmp/src.c
/home/shizhai/new_zhongwang/trunk/build_dir/host/cmake-2.8.10.2/CMakeFiles/CMakeTmp/src.c: In function 'main':
/home/shizhai/new_zhongwang/trunk/build_dir/host/cmake-2.8.10.2/CMakeFiles/CMakeTmp/src.c:8:18: error: 'struct stat' has no member named 'st_flags'
make[5]: *** [CMakeFiles/cmTryCompileExec2052080288.dir/src.c.o] Error 1
make[5]: Leaving directory `/home/shizhai/new_zhongwang/trunk/build_dir/host/cmake-2.8.10.2/CMakeFiles/CMakeTmp'
make[4]: Leaving directory `/home/shizhai/new_zhongwang/trunk/build_dir/host/cmake-2.8.10.2/CMakeFiles/CMakeTmp'
make[4]: *** [cmTryCompileExec2052080288/fast] Error 2

Source file was:

#include <sys/types.h>
#include <sys/stat.h>

int main()
{
   static struct stat tmp;
   if (sizeof(tmp.st_flags))
      return 0;
  return 0;
}

Performing C SOURCE FILE Test HAVE_STRUCT_STATVFS_F_IOSIZE failed with the following output:
Change Dir: /home/shizhai/new_zhongwang/trunk/build_dir/host/cmake-2.8.10.2/CMakeFiles/CMakeTmp

Run Build Command:/usr/bin/make "cmTryCompileExec2094284117/fast"
make[4]: Entering directory `/home/shizhai/new_zhongwang/trunk/build_dir/host/cmake-2.8.10.2/CMakeFiles/CMakeTmp'
make -f CMakeFiles/cmTryCompileExec2094284117.dir/build.make CMakeFiles/cmTryCompileExec2094284117.dir/build
make[5]: Entering directory `/home/shizhai/new_zhongwang/trunk/build_dir/host/cmake-2.8.10.2/CMakeFiles/CMakeTmp'
/home/shizhai/new_zhongwang/trunk/build_dir/host/cmake-2.8.10.2/Bootstrap.cmk/cmake -E cmake_progress_report /home/shizhai/new_zhongwang/trunk/build_dir/host/cmake-2.8.10.2/CMakeFiles/CMakeTmp/CMakeFiles 1
Building C object CMakeFiles/cmTryCompileExec2094284117.dir/src.c.o
/usr/bin/gcc   -w  -DHAVE_STRUCT_STATVFS_F_IOSIZE   -o CMakeFiles/cmTryCompileExec2094284117.dir/src.c.o   -c /home/shizhai/new_zhongwang/trunk/build_dir/host/cmake-2.8.10.2/CMakeFiles/CMakeTmp/src.c
/home/shizhai/new_zhongwang/trunk/build_dir/host/cmake-2.8.10.2/CMakeFiles/CMakeTmp/src.c: In function 'main':
/home/shizhai/new_zhongwang/trunk/build_dir/host/cmake-2.8.10.2/CMakeFiles/CMakeTmp/src.c:8:18: error: 'struct statvfs' has no member named 'f_iosize'
make[5]: *** [CMakeFiles/cmTryCompileExec2094284117.dir/src.c.o] Error 1
make[5]: Leaving directory `/home/shizhai/new_zhongwang/trunk/build_dir/host/cmake-2.8.10.2/CMakeFiles/CMakeTmp'
make[4]: Leaving directory `/home/shizhai/new_zhongwang/trunk/build_dir/host/cmake-2.8.10.2/CMakeFiles/CMakeTmp'
make[4]: *** [cmTryCompileExec2094284117/fast] Error 2

Source file was:

#include <sys/types.h>
#include <sys/statvfs.h>

int main()
{
   static struct statvfs tmp;
   if (sizeof(tmp.f_iosize))
      return 0;
  return 0;
}

Determining size of __int64 failed with the following output:
Change Dir: /home/shizhai/new_zhongwang/trunk/build_dir/host/cmake-2.8.10.2/CMakeFiles/CMakeTmp

Run Build Command:/usr/bin/make "cmTryCompileExec1993917373/fast"
make[4]: Entering directory `/home/shizhai/new_zhongwang/trunk/build_dir/host/cmake-2.8.10.2/CMakeFiles/CMakeTmp'
make -f CMakeFiles/cmTryCompileExec1993917373.dir/build.make CMakeFiles/cmTryCompileExec1993917373.dir/build
make[5]: Entering directory `/home/shizhai/new_zhongwang/trunk/build_dir/host/cmake-2.8.10.2/CMakeFiles/CMakeTmp'
/home/shizhai/new_zhongwang/trunk/build_dir/host/cmake-2.8.10.2/Bootstrap.cmk/cmake -E cmake_progress_report /home/shizhai/new_zhongwang/trunk/build_dir/host/cmake-2.8.10.2/CMakeFiles/CMakeTmp/CMakeFiles 1
Building C object CMakeFiles/cmTryCompileExec1993917373.dir/__INT64.c.o
/usr/bin/gcc   -w     -o CMakeFiles/cmTryCompileExec1993917373.dir/__INT64.c.o   -c /home/shizhai/new_zhongwang/trunk/build_dir/host/cmake-2.8.10.2/CMakeFiles/CheckTypeSize/__INT64.c
/home/shizhai/new_zhongwang/trunk/build_dir/host/cmake-2.8.10.2/CMakeFiles/CheckTypeSize/__INT64.c:19:12: error: '__int64' undeclared here (not in a function)
make[5]: *** [CMakeFiles/cmTryCompileExec1993917373.dir/__INT64.c.o] Error 1
make[5]: Leaving directory `/home/shizhai/new_zhongwang/trunk/build_dir/host/cmake-2.8.10.2/CMakeFiles/CMakeTmp'
make[4]: *** [cmTryCompileExec1993917373/fast] Error 2
make[4]: Leaving directory `/home/shizhai/new_zhongwang/trunk/build_dir/host/cmake-2.8.10.2/CMakeFiles/CMakeTmp'

/home/shizhai/new_zhongwang/trunk/build_dir/host/cmake-2.8.10.2/CMakeFiles/CheckTypeSize/__INT64.c:
#include <sys/types.h>
#include <stdint.h>
#include <stddef.h>


#undef KEY
#if defined(__i386)
# define KEY '_','_','i','3','8','6'
#elif defined(__x86_64)
# define KEY '_','_','x','8','6','_','6','4'
#elif defined(__ppc__)
# define KEY '_','_','p','p','c','_','_'
#elif defined(__ppc64__)
# define KEY '_','_','p','p','c','6','4','_','_'
#endif

#define SIZE (sizeof(__int64))
char info_size[] =  {'I', 'N', 'F', 'O', ':', 's','i','z','e','[',
  ('0' + ((SIZE / 10000)%10)),
  ('0' + ((SIZE / 1000)%10)),
  ('0' + ((SIZE / 100)%10)),
  ('0' + ((SIZE / 10)%10)),
  ('0' +  (SIZE    % 10)),
  ']',
#ifdef KEY
  ' ','k','e','y','[', KEY, ']',
#endif
  '\0'};

#ifdef __CLASSIC_C__
int main(argc, argv) int argc; char *argv[];
#else
int main(int argc, char *argv[])
#endif
{
  int require = 0;
  require += info_size[argc];
  (void)argv;
  return require;
}


Determining size of unsigned __int64 failed with the following output:
Change Dir: /home/shizhai/new_zhongwang/trunk/build_dir/host/cmake-2.8.10.2/CMakeFiles/CMakeTmp

Run Build Command:/usr/bin/make "cmTryCompileExec3092184340/fast"
make[4]: Entering directory `/home/shizhai/new_zhongwang/trunk/build_dir/host/cmake-2.8.10.2/CMakeFiles/CMakeTmp'
make -f CMakeFiles/cmTryCompileExec3092184340.dir/build.make CMakeFiles/cmTryCompileExec3092184340.dir/build
make[5]: Entering directory `/home/shizhai/new_zhongwang/trunk/build_dir/host/cmake-2.8.10.2/CMakeFiles/CMakeTmp'
/home/shizhai/new_zhongwang/trunk/build_dir/host/cmake-2.8.10.2/Bootstrap.cmk/cmake -E cmake_progress_report /home/shizhai/new_zhongwang/trunk/build_dir/host/cmake-2.8.10.2/CMakeFiles/CMakeTmp/CMakeFiles 1
Building C object CMakeFiles/cmTryCompileExec3092184340.dir/UNSIGNED___INT64.c.o
/usr/bin/gcc   -w     -o CMakeFiles/cmTryCompileExec3092184340.dir/UNSIGNED___INT64.c.o   -c /home/shizhai/new_zhongwang/trunk/build_dir/host/cmake-2.8.10.2/CMakeFiles/CheckTypeSize/UNSIGNED___INT64.c
/home/shizhai/new_zhongwang/trunk/build_dir/host/cmake-2.8.10.2/CMakeFiles/CheckTypeSize/UNSIGNED___INT64.c:19:12: error: expected ')' before '__int64'
/home/shizhai/new_zhongwang/trunk/build_dir/host/cmake-2.8.10.2/CMakeFiles/CheckTypeSize/UNSIGNED___INT64.c:20:12: error: expected ')' before '__int64'
/home/shizhai/new_zhongwang/trunk/build_dir/host/cmake-2.8.10.2/CMakeFiles/CheckTypeSize/UNSIGNED___INT64.c:21:12: error: expected ')' before '__int64'
/home/shizhai/new_zhongwang/trunk/build_dir/host/cmake-2.8.10.2/CMakeFiles/CheckTypeSize/UNSIGNED___INT64.c:22:12: error: expected ')' before '__int64'
/home/shizhai/new_zhongwang/trunk/build_dir/host/cmake-2.8.10.2/CMakeFiles/CheckTypeSize/UNSIGNED___INT64.c:23:12: error: expected ')' before '__int64'
make[5]: *** [CMakeFiles/cmTryCompileExec3092184340.dir/UNSIGNED___INT64.c.o] Error 1
make[5]: Leaving directory `/home/shizhai/new_zhongwang/trunk/build_dir/host/cmake-2.8.10.2/CMakeFiles/CMakeTmp'
make[4]: *** [cmTryCompileExec3092184340/fast] Error 2
make[4]: Leaving directory `/home/shizhai/new_zhongwang/trunk/build_dir/host/cmake-2.8.10.2/CMakeFiles/CMakeTmp'

/home/shizhai/new_zhongwang/trunk/build_dir/host/cmake-2.8.10.2/CMakeFiles/CheckTypeSize/UNSIGNED___INT64.c:
#include <sys/types.h>
#include <stdint.h>
#include <stddef.h>


#undef KEY
#if defined(__i386)
# define KEY '_','_','i','3','8','6'
#elif defined(__x86_64)
# define KEY '_','_','x','8','6','_','6','4'
#elif defined(__ppc__)
# define KEY '_','_','p','p','c','_','_'
#elif defined(__ppc64__)
# define KEY '_','_','p','p','c','6','4','_','_'
#endif

#define SIZE (sizeof(unsigned __int64))
char info_size[] =  {'I', 'N', 'F', 'O', ':', 's','i','z','e','[',
  ('0' + ((SIZE / 10000)%10)),
  ('0' + ((SIZE / 1000)%10)),
  ('0' + ((SIZE / 100)%10)),
  ('0' + ((SIZE / 10)%10)),
  ('0' +  (SIZE    % 10)),
  ']',
#ifdef KEY
  ' ','k','e','y','[', KEY, ']',
#endif
  '\0'};

#ifdef __CLASSIC_C__
int main(argc, argv) int argc; char *argv[];
#else
int main(int argc, char *argv[])
#endif
{
  int require = 0;
  require += info_size[argc];
  (void)argv;
  return require;
}


Determining if the system is big endian passed with the following output:
Change Dir: /home/shizhai/new_zhongwang/trunk/build_dir/host/cmake-2.8.10.2/CMakeFiles/CMakeTmp

Run Build Command:/usr/bin/make "cmTryCompileExec1005072446/fast"
make[4]: Entering directory `/home/shizhai/new_zhongwang/trunk/build_dir/host/cmake-2.8.10.2/CMakeFiles/CMakeTmp'
make -f CMakeFiles/cmTryCompileExec1005072446.dir/build.make CMakeFiles/cmTryCompileExec1005072446.dir/build
make[5]: Entering directory `/home/shizhai/new_zhongwang/trunk/build_dir/host/cmake-2.8.10.2/CMakeFiles/CMakeTmp'
/home/shizhai/new_zhongwang/trunk/build_dir/host/cmake-2.8.10.2/Bootstrap.cmk/cmake -E cmake_progress_report /home/shizhai/new_zhongwang/trunk/build_dir/host/cmake-2.8.10.2/CMakeFiles/CMakeTmp/CMakeFiles 1
Building C object CMakeFiles/cmTryCompileExec1005072446.dir/TestEndianess.c.o
/usr/bin/gcc    -o CMakeFiles/cmTryCompileExec1005072446.dir/TestEndianess.c.o   -c /home/shizhai/new_zhongwang/trunk/build_dir/host/cmake-2.8.10.2/CMakeFiles/CMakeTmp/TestEndianess.c
Linking C executable cmTryCompileExec1005072446
/home/shizhai/new_zhongwang/trunk/build_dir/host/cmake-2.8.10.2/Bootstrap.cmk/cmake -E cmake_link_script CMakeFiles/cmTryCompileExec1005072446.dir/link.txt --verbose=1
/usr/bin/gcc         CMakeFiles/cmTryCompileExec1005072446.dir/TestEndianess.c.o  -o cmTryCompileExec1005072446 -rdynamic 
make[5]: Leaving directory `/home/shizhai/new_zhongwang/trunk/build_dir/host/cmake-2.8.10.2/CMakeFiles/CMakeTmp'
make[4]: Leaving directory `/home/shizhai/new_zhongwang/trunk/build_dir/host/cmake-2.8.10.2/CMakeFiles/CMakeTmp'

TestEndianess.c:
/* A 16 bit integer is required. */
typedef unsigned short cmakeint16;

/* On a little endian machine, these 16bit ints will give "THIS IS LITTLE ENDIAN."
   On a big endian machine the characters will be exchanged pairwise. */
const cmakeint16 info_little[] =  {0x4854, 0x5349, 0x4920, 0x2053, 0x494c, 0x5454, 0x454c, 0x4520, 0x444e, 0x4149, 0x2e4e, 0x0000};

/* on a big endian machine, these 16bit ints will give "THIS IS BIG ENDIAN."
   On a little endian machine the characters will be exchanged pairwise. */
const cmakeint16 info_big[] =     {0x5448, 0x4953, 0x2049, 0x5320, 0x4249, 0x4720, 0x454e, 0x4449, 0x414e, 0x2e2e, 0x0000};

#ifdef __CLASSIC_C__
int main(argc, argv) int argc; char *argv[];
#else
int main(int argc, char *argv[])
#endif
{
  int require = 0;
  require += info_little[argc];
  require += info_big[argc];
  (void)argv;
  return require;
}


Looking for a Fortran compiler failed with the following output:
-- The Fortran compiler identification is unknown
CMake Error: your Fortran compiler: "CMAKE_Fortran_COMPILER-NOTFOUND" was not found.   Please set CMAKE_Fortran_COMPILER to a valid compiler path or name.
-- Configuring incomplete, errors occurred!

